::1 - - [10/Dec/2024:09:30:30 +0100] "GET / HTTP/1.1" 200 46
::1 - - [10/Dec/2024:09:30:31 +0100] "GET /favicon.ico HTTP/1.1" 404 196
::1 - - [10/Dec/2024:09:31:30 +0100] "-" 408 -
::1 - - [10/Dec/2024:09:32:31 +0100] "GET /guestbook.php HTTP/1.1" 200 1009
::1 - - [10/Dec/2024:09:32:53 +0100] "GET /guestbook.php HTTP/1.1" 200 788
::1 - - [10/Dec/2024:09:33:15 +0100] "GET /guestbookleavemessage.php?message=Test HTTP/1.1" 200 30
::1 - - [10/Dec/2024:09:34:52 +0100] "GET /guestbookleavemessage.php?message=%3Cscript%3Ealert(%27xss%27)%3C/script%3E HTTP/1.1" 200 63
::1 - - [10/Dec/2024:09:34:55 +0100] "GET /guestbook.php HTTP/1.1" 200 829
::1 - - [10/Dec/2024:09:34:57 +0100] "GET /guestbook.php HTTP/1.1" 200 829
::1 - - [10/Dec/2024:09:35:05 +0100] "GET /guestbook.php HTTP/1.1" 200 771
::1 - - [10/Dec/2024:09:36:05 +0100] "-" 408 -
::1 - - [10/Dec/2024:09:45:44 +0100] "GET /guestbookleavemessage.php?message=Mettre%20%3Cscript%3Ealert(%27xss%27)%3C/script%3E%20en%20message HTTP/1.1" 200 56
::1 - - [10/Dec/2024:09:46:05 +0100] "GET /guestbook.php HTTP/1.1" 200 822
::1 - - [10/Dec/2024:09:46:08 +0100] "GET /guestbook.php HTTP/1.1" 200 822
::1 - - [10/Dec/2024:09:46:20 +0100] "GET /guestbook.php HTTP/1.1" 200 771
::1 - - [10/Dec/2024:09:46:22 +0100] "GET /guestbook.php HTTP/1.1" 200 771
::1 - - [10/Dec/2024:09:47:20 +0100] "-" 408 -
::1 - - [10/Dec/2024:09:49:54 +0100] "GET /guestbook.php HTTP/1.1" 200 771
::1 - - [10/Dec/2024:09:50:02 +0100] "GET /guestbook.php HTTP/1.1" 200 771
::1 - - [10/Dec/2024:09:50:06 +0100] "GET /guestbook.php HTTP/1.1" 200 771
::1 - - [10/Dec/2024:09:51:02 +0100] "-" 408 -
::1 - - [10/Dec/2024:09:51:10 +0100] "GET /guestbook.php HTTP/1.1" 200 771
::1 - - [10/Dec/2024:10:43:34 +0100] "GET /guestbook.php HTTP/1.1" 200 771
::1 - - [10/Dec/2024:10:43:47 +0100] "GET /guestbook.php HTTP/1.1" 200 773
::1 - - [10/Dec/2024:10:44:29 +0100] "GET /guestbook.php HTTP/1.1" 200 773
::1 - - [10/Dec/2024:10:45:15 +0100] "GET /guestbook.php HTTP/1.1" 200 773
::1 - - [10/Dec/2024:10:45:47 +0100] "GET /guestbook.php HTTP/1.1" 200 773
::1 - - [10/Dec/2024:10:46:01 +0100] "GET /guestbook.php HTTP/1.1" 200 773
::1 - - [10/Dec/2024:10:46:03 +0100] "GET /guestbookleavemessage.php?message=sqdqs HTTP/1.1" 200 16
::1 - - [10/Dec/2024:10:46:08 +0100] "GET /guestbook.php HTTP/1.1" 200 782
::1 - - [10/Dec/2024:10:46:15 +0100] "-" 408 -
::1 - - [10/Dec/2024:10:46:29 +0100] "GET /tp2/mycode/guestbook_csp_header.php HTTP/1.1" 404 196
::1 - - [10/Dec/2024:10:46:57 +0100] "GET /guestbook.php HTTP/1.1" 200 782
::1 - - [10/Dec/2024:10:47:33 +0100] "GET /guestbook.php HTTP/1.1" 200 782
::1 - - [10/Dec/2024:10:47:57 +0100] "-" 408 -
::1 - - [10/Dec/2024:10:48:16 +0100] "GET /guestbook.php HTTP/1.1" 200 782
::1 - - [10/Dec/2024:10:48:20 +0100] "GET /guestbook.php HTTP/1.1" 200 782
::1 - - [10/Dec/2024:10:49:16 +0100] "-" 408 -
::1 - - [10/Dec/2024:10:49:16 +0100] "GET /guestbook.php HTTP/1.1" 200 782
::1 - - [10/Dec/2024:10:49:26 +0100] "GET /guestbook.php HTTP/1.1" 200 782
::1 - - [10/Dec/2024:10:50:26 +0100] "-" 408 -
::1 - - [10/Dec/2024:10:52:24 +0100] "GET /guestbook.php HTTP/1.1" 200 782
::1 - - [10/Dec/2024:10:52:25 +0100] "GET /guestbook.php HTTP/1.1" 200 782
::1 - - [10/Dec/2024:10:53:25 +0100] "GET /guestbook.php HTTP/1.1" 200 782
::1 - - [10/Dec/2024:10:54:25 +0100] "-" 408 -
127.0.0.1 - - [10/Dec/2024:10:54:42 +0100] "GET /guestbook.php HTTP/1.1" 200 782
127.0.0.1 - - [10/Dec/2024:10:54:42 +0100] "GET /favicon.ico HTTP/1.1" 404 196
127.0.0.1 - - [10/Dec/2024:10:55:32 +0100] "GET /guestbook.php HTTP/1.1" 200 782
::1 - - [10/Dec/2024:10:55:38 +0100] "GET /guestbook.php HTTP/1.1" 200 782
::1 - - [10/Dec/2024:10:56:38 +0100] "-" 408 -
::1 - - [10/Dec/2024:10:56:49 +0100] "GET /guestbook.php HTTP/1.1" 200 316
::1 - - [10/Dec/2024:10:56:49 +0100] "GET /mon_script.js HTTP/1.1" 404 196
::1 - - [10/Dec/2024:10:57:14 +0100] "GET /guestbook.php HTTP/1.1" 200 320
::1 - - [10/Dec/2024:10:57:14 +0100] "GET /scriptgustbook.js HTTP/1.1" 200 463
::1 - - [10/Dec/2024:10:57:57 +0100] "GET /guestbook.php HTTP/1.1" 200 782
::1 - - [10/Dec/2024:10:58:13 +0100] "GET /guestbook.php HTTP/1.1" 200 782
::1 - - [10/Dec/2024:10:58:21 +0100] "GET /guestbook.php HTTP/1.1" 200 782
::1 - - [10/Dec/2024:10:59:13 +0100] "-" 408 -
::1 - - [10/Dec/2024:11:03:22 +0100] "GET /guestbook.php HTTP/1.1" 200 316
::1 - - [10/Dec/2024:11:03:22 +0100] "GET /scriptgustbook.js HTTP/1.1" 200 463
::1 - - [10/Dec/2024:11:04:22 +0100] "-" 408 -
::1 - - [10/Dec/2024:11:04:25 +0100] "GET /guestbook.php HTTP/1.1" 200 314
::1 - - [10/Dec/2024:11:04:25 +0100] "GET /scriptgustbook.js HTTP/1.1" 200 537
::1 - - [10/Dec/2024:11:05:05 +0100] "GET /guestbook.php HTTP/1.1" 200 314
::1 - - [10/Dec/2024:11:05:05 +0100] "GET /scriptgustbook.js HTTP/1.1" 304 -
::1 - - [10/Dec/2024:11:05:53 +0100] "GET /guestbook.php HTTP/1.1" 200 313
::1 - - [10/Dec/2024:11:05:53 +0100] "GET /scriptgustbook.js HTTP/1.1" 304 -
::1 - - [10/Dec/2024:11:05:55 +0100] "GET /guestbookleavemessage.php?message=dsfdsf HTTP/1.1" 200 26
::1 - - [10/Dec/2024:11:05:59 +0100] "GET /guestbookleavemessage.php?message=dvssvdsdv HTTP/1.1" 200 39
::1 - - [10/Dec/2024:11:06:01 +0100] "GET /guestbookleavemessage.php?message=dvssvdsdvqdfsdsf HTTP/1.1" 200 59
::1 - - [10/Dec/2024:11:06:13 +0100] "GET /guestbookleavemessage.php?message=%3Cscript%3Ealert(%27xss%27)%3C/script%3E HTTP/1.1" 200 92
::1 - - [10/Dec/2024:11:06:14 +0100] "GET /guestbook.php HTTP/1.1" 200 389
::1 - - [10/Dec/2024:11:06:14 +0100] "GET /scriptgustbook.js HTTP/1.1" 304 -
::1 - - [10/Dec/2024:11:06:17 +0100] "GET /guestbookleavemessage.php?message=dsdsfdsf HTTP/1.1" 200 104
::1 - - [10/Dec/2024:11:06:18 +0100] "GET /guestbookleavemessage.php?message=dsdsfdsfsdfsd HTTP/1.1" 200 121
::1 - - [10/Dec/2024:11:06:19 +0100] "GET /guestbook.php HTTP/1.1" 200 418
::1 - - [10/Dec/2024:11:06:44 +0100] "GET /xssme.php HTTP/1.1" 200 1894
::1 - - [10/Dec/2024:11:06:44 +0100] "GET /%3Cbr HTTP/1.1" 403 199
::1 - - [10/Dec/2024:11:06:44 +0100] "GET /1 HTTP/1.1" 404 196
::1 - - [10/Dec/2024:11:08:25 +0100] "GET /tp2/ressources/xssme.php?htmlcontext=%3Cscript%3Ealert(%22xss%22)%3C/script%3E HTTP/1.1" 404 196
::1 - - [10/Dec/2024:11:09:11 +0100] "GET /xssme.php?htmlcontext=%3Cscript%3Ealert(%22xss%22)%3C/script%3E HTTP/1.1" 200 1732
::1 - - [10/Dec/2024:11:09:11 +0100] "GET /%3Cbr HTTP/1.1" 403 199
::1 - - [10/Dec/2024:11:09:11 +0100] "GET /1 HTTP/1.1" 404 196
::1 - - [10/Dec/2024:11:09:53 +0100] "GET /xssme.php?htmlcontext=%3Cscript%3Ealert(%27xss%27);%3C/script%3E HTTP/1.1" 200 1733
::1 - - [10/Dec/2024:11:09:53 +0100] "GET /%3Cbr HTTP/1.1" 403 199
::1 - - [10/Dec/2024:11:09:53 +0100] "GET /1 HTTP/1.1" 404 196
::1 - - [10/Dec/2024:11:12:12 +0100] "-" 408 -
::1 - - [10/Dec/2024:11:15:29 +0100] "GET /xssme.php?attributecontext1=1%20onerror=alert(%27Attribute%20XSS%27) HTTP/1.1" 200 1728
::1 - - [10/Dec/2024:11:15:29 +0100] "GET /1 HTTP/1.1" 404 196
::1 - - [10/Dec/2024:11:15:29 +0100] "GET /1 HTTP/1.1" 404 196
::1 - - [10/Dec/2024:11:15:33 +0100] "GET /xssme.php?attributecontext1=%27%27%20onerror=alert(%27Attribute%20XSS%27) HTTP/1.1" 200 1729
::1 - - [10/Dec/2024:11:15:34 +0100] "GET /1 HTTP/1.1" 404 196
::1 - - [10/Dec/2024:11:15:52 +0100] "GET /xssme.php?attributecontext1=%27%27%20onerror=alert(%22xss%22) HTTP/1.1" 200 1719
::1 - - [10/Dec/2024:11:15:52 +0100] "GET /1 HTTP/1.1" 404 196
::1 - - [10/Dec/2024:11:16:52 +0100] "-" 408 -
::1 - - [16/Dec/2024:16:15:09 +0100] "GET / HTTP/1.1" 200 46
::1 - - [16/Dec/2024:16:15:09 +0100] "GET /favicon.ico HTTP/1.1" 404 196
::1 - - [16/Dec/2024:16:16:09 +0100] "-" 408 -
::1 - - [16/Dec/2024:16:22:12 +0100] "GET /xssme.php?attributecontext2=%22%20onerror=%22alert(%27Double%20Quote%20XSS%27) HTTP/1.1" 200 1701
::1 - - [16/Dec/2024:16:22:12 +0100] "GET /%3Cbr HTTP/1.1" 403 199
::1 - - [16/Dec/2024:16:22:12 +0100] "GET /1 HTTP/1.1" 404 196
::1 - - [16/Dec/2024:16:22:14 +0100] "GET /favicon.ico HTTP/1.1" 404 196
::1 - - [16/Dec/2024:16:24:19 +0100] "GET /xssme.php?attributecontext2=%22%20onerror=%22alert(%27Double%20Quote%20XSS%27) HTTP/1.1" 200 1701
::1 - - [16/Dec/2024:16:24:19 +0100] "GET /%3Cbr HTTP/1.1" 403 199
::1 - - [16/Dec/2024:16:24:19 +0100] "GET /1 HTTP/1.1" 404 196
::1 - - [16/Dec/2024:16:25:39 +0100] "GET /xssme.php?attributecontext2=%22%20onerror=%22alert(%27Double%20Quote%20XSS%27) HTTP/1.1" 200 1701
::1 - - [16/Dec/2024:16:25:39 +0100] "GET /%3Cbr HTTP/1.1" 403 199
::1 - - [16/Dec/2024:16:25:39 +0100] "GET /1 HTTP/1.1" 404 196
::1 - - [16/Dec/2024:16:26:11 +0100] "GET /xssme.php?htmlcontext=%3Cscript%3Ealert(%27HTML%20XSS%27)%3C/script%3E HTTP/1.1" 200 1706
::1 - - [16/Dec/2024:16:26:11 +0100] "GET /%3Cbr HTTP/1.1" 403 199
::1 - - [16/Dec/2024:16:26:11 +0100] "GET /1 HTTP/1.1" 404 196
::1 - - [16/Dec/2024:16:26:56 +0100] "GET /xssme.php?scriptcontext=%3C/script%3E%3Cscript%3Ealert(%27Script%20Context%20XSS%27)%3C/script%3E HTTP/1.1" 200 1722
::1 - - [16/Dec/2024:16:26:56 +0100] "GET /%3Cbr HTTP/1.1" 403 199
::1 - - [16/Dec/2024:16:26:56 +0100] "GET /1 HTTP/1.1" 404 196
::1 - - [16/Dec/2024:16:27:05 +0100] "GET /xssme.php?attributecontext3=%27%20onerror=alert(%27Single%20Quote%20XSS%27) HTTP/1.1" 200 1700
::1 - - [16/Dec/2024:16:27:05 +0100] "GET /%3Cbr HTTP/1.1" 403 199
::1 - - [16/Dec/2024:16:27:05 +0100] "GET /1 HTTP/1.1" 404 196
::1 - - [16/Dec/2024:16:27:07 +0100] "GET /xssme.php?attributecontext3=%27%20onerror=alert(%27Single%20Quote%20XSS%27) HTTP/1.1" 200 1700
::1 - - [16/Dec/2024:16:27:07 +0100] "GET /%3Cbr HTTP/1.1" 403 199
::1 - - [16/Dec/2024:16:27:07 +0100] "GET /1 HTTP/1.1" 404 196
::1 - - [16/Dec/2024:16:27:35 +0100] "GET /xssme.php?attributecontext3=%27%20onerror=alert(%27Single%20Quote%20XSS%27) HTTP/1.1" 200 1700
::1 - - [16/Dec/2024:16:27:35 +0100] "GET /%3Cbr HTTP/1.1" 403 199
::1 - - [16/Dec/2024:16:27:35 +0100] "GET /1 HTTP/1.1" 404 196
::1 - - [16/Dec/2024:16:27:40 +0100] "GET /xssme.php?attributecontext3=%27%20onerror=alert(%27Single%20Quote%20XSS%27)%27 HTTP/1.1" 200 1701
::1 - - [16/Dec/2024:16:27:40 +0100] "GET /%3Cbr HTTP/1.1" 403 199
::1 - - [16/Dec/2024:16:27:40 +0100] "GET /1 HTTP/1.1" 404 196
::1 - - [16/Dec/2024:16:28:02 +0100] "GET /xssme.php?attributecontext3=%27%20onerror=%27alert(%27Single%20Quote%20XSS%27) HTTP/1.1" 200 1701
::1 - - [16/Dec/2024:16:28:02 +0100] "GET /%3Cbr HTTP/1.1" 403 199
::1 - - [16/Dec/2024:16:28:02 +0100] "GET /1 HTTP/1.1" 404 196
::1 - - [16/Dec/2024:16:28:33 +0100] "GET /xssme.php?attributecontext3=%27%20onerror=%27alert(%27Single%20Quote%20XSS%27) HTTP/1.1" 200 1701
::1 - - [16/Dec/2024:16:28:33 +0100] "GET /%3Cbr HTTP/1.1" 403 199
::1 - - [16/Dec/2024:16:28:33 +0100] "GET /1 HTTP/1.1" 404 196
::1 - - [16/Dec/2024:16:28:40 +0100] "GET /xssme.php?attributecontext3=%27%20onerror=%22alert(%27Single%20Quote%20XSS%27)%22%27 HTTP/1.1" 200 1703
::1 - - [16/Dec/2024:16:28:40 +0100] "GET /%3Cbr HTTP/1.1" 403 199
::1 - - [16/Dec/2024:16:28:40 +0100] "GET /1 HTTP/1.1" 404 196
::1 - - [16/Dec/2024:16:29:18 +0100] "GET /xssme.php?attributecontext3=%27%20onerror=alert(%27xss%27) HTTP/1.1" 200 1687
::1 - - [16/Dec/2024:16:29:18 +0100] "GET /%3Cbr HTTP/1.1" 403 199
::1 - - [16/Dec/2024:16:29:18 +0100] "GET /1 HTTP/1.1" 404 196
::1 - - [16/Dec/2024:16:29:35 +0100] "GET /xssme.php?attributecontext3=%27%20onerror=alert(%27Single%20Quote%20XSS%27) HTTP/1.1" 200 1700
::1 - - [16/Dec/2024:16:29:35 +0100] "GET /%3Cbr HTTP/1.1" 403 199
::1 - - [16/Dec/2024:16:29:35 +0100] "GET /1 HTTP/1.1" 404 196
::1 - - [16/Dec/2024:16:29:38 +0100] "GET /xssme.php?attributecontext3=%27%20onerror=alert(%27Single%20Quote%20XSS%27) HTTP/1.1" 200 1700
::1 - - [16/Dec/2024:16:29:38 +0100] "GET /%3Cbr HTTP/1.1" 403 199
::1 - - [16/Dec/2024:16:29:38 +0100] "GET /1 HTTP/1.1" 404 196
::1 - - [16/Dec/2024:16:30:00 +0100] "GET /xssme.php?attributecontext3=%27%20onerror=alert(%27Single%20Quote%20XSS%27) HTTP/1.1" 200 1700
::1 - - [16/Dec/2024:16:30:00 +0100] "GET /%3Cbr HTTP/1.1" 403 199
::1 - - [16/Dec/2024:16:30:00 +0100] "GET /1 HTTP/1.1" 404 196
::1 - - [16/Dec/2024:16:30:11 +0100] "GET /xssme.php?attributecontext3=%27%20onerror=alert(%27SingleQuoteXSS%27) HTTP/1.1" 200 1698
::1 - - [16/Dec/2024:16:30:11 +0100] "GET /%3Cbr HTTP/1.1" 403 199
::1 - - [16/Dec/2024:16:30:11 +0100] "GET /1 HTTP/1.1" 404 196
::1 - - [16/Dec/2024:16:30:14 +0100] "GET /xssme.php?attributecontext3=%27%20onerror=alert(%27SingleQuoteXSS%27) HTTP/1.1" 200 1698
::1 - - [16/Dec/2024:16:30:14 +0100] "GET /%3Cbr HTTP/1.1" 403 199
::1 - - [16/Dec/2024:16:30:14 +0100] "GET /1 HTTP/1.1" 404 196
::1 - - [16/Dec/2024:16:30:32 +0100] "GET /xssme.php?attributecontext3=%27%20onerror=%22alert(%27Single%20Quote%20XSS%27)%22%27 HTTP/1.1" 200 1703
::1 - - [16/Dec/2024:16:30:32 +0100] "GET /%3Cbr HTTP/1.1" 403 199
::1 - - [16/Dec/2024:16:30:32 +0100] "GET /1 HTTP/1.1" 404 196
::1 - - [16/Dec/2024:16:32:25 +0100] "GET /xssme.php?attributecontext1=%27%27%20onerror=alert(%27attributecontext1%20xss%27) HTTP/1.1" 200 1706
::1 - - [16/Dec/2024:16:32:25 +0100] "GET /1 HTTP/1.1" 404 196
::1 - - [16/Dec/2024:16:32:41 +0100] "GET /xssme.php?attributecontext1=%27%27%20onerror=alert(%27attributecontext1xss%27) HTTP/1.1" 200 1705
::1 - - [16/Dec/2024:16:32:41 +0100] "GET /1 HTTP/1.1" 404 196
::1 - - [16/Dec/2024:16:32:49 +0100] "GET /xssme.php?attributecontext1=%27%27%20onerror=alert(%27attributecontext1%20xss%27) HTTP/1.1" 200 1706
::1 - - [16/Dec/2024:16:32:49 +0100] "GET /1 HTTP/1.1" 404 196
::1 - - [16/Dec/2024:16:33:00 +0100] "GET /xssme.php?attributecontext1=%27%27%20onerror=%22alert(%27attributecontext1%20xss%27)%22 HTTP/1.1" 200 1708
::1 - - [16/Dec/2024:16:33:00 +0100] "GET /1 HTTP/1.1" 404 196
::1 - - [16/Dec/2024:16:33:15 +0100] "GET /xssme.php?attributecontext2=%22%20onerror=%22alert(%27Double%20Quote%20XSS%27) HTTP/1.1" 200 1701
::1 - - [16/Dec/2024:16:33:15 +0100] "GET /%3Cbr HTTP/1.1" 403 199
::1 - - [16/Dec/2024:16:33:15 +0100] "GET /1 HTTP/1.1" 404 196
::1 - - [16/Dec/2024:16:33:26 +0100] "GET /xssme.php?attributecontext3=%27%20onerror=%22alert(%27attributecontext3%20Single%20Quote%20XSS%27)%22%27 HTTP/1.1" 200 1721
::1 - - [16/Dec/2024:16:33:26 +0100] "GET /%3Cbr HTTP/1.1" 403 199
::1 - - [16/Dec/2024:16:33:26 +0100] "GET /1 HTTP/1.1" 404 196
::1 - - [16/Dec/2024:16:33:30 +0100] "GET /xssme.php?attributecontext2=%22%20onerror=%22alert(%27attributecontext2%20Double%20Quote%20XSS%27) HTTP/1.1" 200 1719
::1 - - [16/Dec/2024:16:33:30 +0100] "GET /%3Cbr HTTP/1.1" 403 199
::1 - - [16/Dec/2024:16:33:30 +0100] "GET /1 HTTP/1.1" 404 196
::1 - - [16/Dec/2024:16:33:43 +0100] "GET /xssme.php?scriptcontext=alert(%27Script%20context%20XSS%27) HTTP/1.1" 200 1696
::1 - - [16/Dec/2024:16:33:43 +0100] "GET /%3Cbr HTTP/1.1" 403 199
::1 - - [16/Dec/2024:16:33:43 +0100] "GET /1 HTTP/1.1" 404 196
::1 - - [16/Dec/2024:16:35:00 +0100] "GET /xssme.php?scriptcontext=alert(%27Script%20context%20XSS%27) HTTP/1.1" 200 1696
::1 - - [16/Dec/2024:16:35:00 +0100] "GET /%3Cbr HTTP/1.1" 403 199
::1 - - [16/Dec/2024:16:35:00 +0100] "GET /1 HTTP/1.1" 404 196
::1 - - [16/Dec/2024:16:37:51 +0100] "GET /xssme.php?attributecontextonerror=%22alert(%27Script%20context%20XSS%27)%22 HTTP/1.1" 200 1688
::1 - - [16/Dec/2024:16:37:52 +0100] "GET /%3Cbr HTTP/1.1" 403 199
::1 - - [16/Dec/2024:16:37:52 +0100] "GET /1 HTTP/1.1" 404 196
::1 - - [16/Dec/2024:16:37:55 +0100] "GET /xssme.php?attributecontextonerror=%22alert(%27Script%20context%20XSS%27)%22 HTTP/1.1" 200 1688
::1 - - [16/Dec/2024:16:37:55 +0100] "GET /%3Cbr HTTP/1.1" 403 199
::1 - - [16/Dec/2024:16:37:55 +0100] "GET /1 HTTP/1.1" 404 196
::1 - - [16/Dec/2024:16:38:32 +0100] "GET /xssme.php?attributecontextonerror=%22alert(%27attributecontextonerror%20XSS%27) HTTP/1.1" 200 1696
::1 - - [16/Dec/2024:16:38:32 +0100] "GET /%3Cbr HTTP/1.1" 403 199
::1 - - [16/Dec/2024:16:38:40 +0100] "GET /xssme.php?attributecontextonerror=%22alert(%27attributecontextonerror%20XSS%27)%22 HTTP/1.1" 200 1697
::1 - - [16/Dec/2024:16:38:40 +0100] "GET /%3Cbr HTTP/1.1" 403 199
::1 - - [16/Dec/2024:16:38:40 +0100] "GET /1 HTTP/1.1" 404 196
::1 - - [16/Dec/2024:16:38:44 +0100] "GET /xssme.php?attributecontextonerror=%22alert(%27attributecontextonerror%20XSS%27)%22 HTTP/1.1" 200 1697
::1 - - [16/Dec/2024:16:38:44 +0100] "GET /%3Cbr HTTP/1.1" 403 199
::1 - - [16/Dec/2024:16:38:44 +0100] "GET /1 HTTP/1.1" 404 196
::1 - - [16/Dec/2024:16:39:56 +0100] "GET /xssme.php?htmlcontext=%3Cscript%3Ealert(%27HTML%20XSS%27)%3C/script%3E HTTP/1.1" 200 1706
::1 - - [16/Dec/2024:16:39:56 +0100] "GET /%3Cbr HTTP/1.1" 403 199
::1 - - [16/Dec/2024:16:39:56 +0100] "GET /1 HTTP/1.1" 404 196
::1 - - [16/Dec/2024:16:39:59 +0100] "GET /xssme.php?attributecontext1=%27%27%20onerror=%22alert(%27attributecontext1%20xss%27)%22 HTTP/1.1" 200 1709
::1 - - [16/Dec/2024:16:39:59 +0100] "GET /1 HTTP/1.1" 404 196
::1 - - [16/Dec/2024:16:40:03 +0100] "GET /xssme.php?attributecontext2=%22%20onerror=%22alert(%27attributecontext2%20Double%20Quote%20XSS%27) HTTP/1.1" 200 1720
::1 - - [16/Dec/2024:16:40:03 +0100] "GET /%3Cbr HTTP/1.1" 403 199
::1 - - [16/Dec/2024:16:40:03 +0100] "GET /1 HTTP/1.1" 404 196
::1 - - [16/Dec/2024:16:40:05 +0100] "GET /xssme.php?attributecontext3=%27%20onerror=%22alert(%27attributecontext3%20Single%20Quote%20XSS%27)%22%27 HTTP/1.1" 200 1722
::1 - - [16/Dec/2024:16:40:05 +0100] "GET /%3Cbr HTTP/1.1" 403 199
::1 - - [16/Dec/2024:16:40:05 +0100] "GET /1 HTTP/1.1" 404 196
::1 - - [16/Dec/2024:16:40:08 +0100] "GET /xssme.php?scriptcontext=alert(%27Script%20context%20XSS%27) HTTP/1.1" 200 1697
::1 - - [16/Dec/2024:16:40:08 +0100] "GET /%3Cbr HTTP/1.1" 403 199
::1 - - [16/Dec/2024:16:40:08 +0100] "GET /1 HTTP/1.1" 404 196
::1 - - [16/Dec/2024:16:40:11 +0100] "GET /xssme.php?attributecontextonerror=%22alert(%27attributecontextonerror%20XSS%27)%22 HTTP/1.1" 200 1698
::1 - - [16/Dec/2024:16:40:11 +0100] "GET /%3Cbr HTTP/1.1" 403 199
::1 - - [16/Dec/2024:16:40:11 +0100] "GET /1 HTTP/1.1" 404 196
::1 - - [16/Dec/2024:16:42:19 +0100] "GET /guestbook.php HTTP/1.1" 200 418
::1 - - [16/Dec/2024:16:42:19 +0100] "GET /scriptgustbook.js HTTP/1.1" 200 537
::1 - - [16/Dec/2024:16:42:23 +0100] "GET /guestbook.php HTTP/1.1" 200 418
::1 - - [16/Dec/2024:16:42:27 +0100] "GET /guestbook.php HTTP/1.1" 200 418
::1 - - [16/Dec/2024:16:42:49 +0100] "GET /guestbook.php HTTP/1.1" 200 418
::1 - - [16/Dec/2024:16:43:05 +0100] "GET /guestbook.php HTTP/1.1" 200 418
::1 - - [16/Dec/2024:16:43:08 +0100] "GET /guestbook.php HTTP/1.1" 200 418
::1 - - [16/Dec/2024:16:43:10 +0100] "GET /guestbook.php HTTP/1.1" 200 418
::1 - - [16/Dec/2024:16:43:23 +0100] "GET /xssme.php?attributecontext3=%27%20onerror=%22alert(%27Single%20Quote%20XSS%27)%22%27 HTTP/1.1" 200 1703
::1 - - [16/Dec/2024:16:43:23 +0100] "GET /%3Cbr HTTP/1.1" 403 199
::1 - - [16/Dec/2024:16:43:23 +0100] "GET /1 HTTP/1.1" 404 196
::1 - - [16/Dec/2024:16:43:33 +0100] "GET /guestbook.php HTTP/1.1" 200 418
::1 - - [16/Dec/2024:16:43:39 +0100] "GET /guestbook.php HTTP/1.1" 200 418
::1 - - [16/Dec/2024:16:43:44 +0100] "GET /guestbook.php HTTP/1.1" 200 418
::1 - - [16/Dec/2024:16:43:47 +0100] "GET /guestbook.php HTTP/1.1" 200 418
::1 - - [16/Dec/2024:16:43:47 +0100] "GET /scriptgustbook.js HTTP/1.1" 200 537
::1 - - [16/Dec/2024:16:44:06 +0100] "GET /guestbook.php HTTP/1.1" 200 418
::1 - - [16/Dec/2024:16:44:15 +0100] "GET /guestbook.php HTTP/1.1" 200 418
::1 - - [16/Dec/2024:16:44:28 +0100] "GET /guestbook.php HTTP/1.1" 200 418
::1 - - [16/Dec/2024:16:44:31 +0100] "GET /guestbook.php HTTP/1.1" 200 418
::1 - - [16/Dec/2024:16:45:20 +0100] "GET /guestbook.php HTTP/1.1" 200 418
::1 - - [16/Dec/2024:16:45:20 +0100] "GET /scriptgustbook.js HTTP/1.1" 200 535
::1 - - [16/Dec/2024:16:45:22 +0100] "GET /guestbookleavemessage.php?message=fddsf HTTP/1.1" 200 130
::1 - - [16/Dec/2024:16:45:24 +0100] "GET /guestbookleavemessage.php?message=qsdqsqs HTTP/1.1" 200 141
::1 - - [16/Dec/2024:16:45:30 +0100] "GET /guestbook.php HTTP/1.1" 200 438
::1 - - [16/Dec/2024:16:45:30 +0100] "GET /scriptgustbook.js HTTP/1.1" 304 -
::1 - - [16/Dec/2024:16:45:32 +0100] "GET /guestbookleavemessage.php?message=qsqsssq HTTP/1.1" 200 152
::1 - - [16/Dec/2024:16:45:34 +0100] "GET /guestbookleavemessage.php?message=sdfgfdgfddfgdfg HTTP/1.1" 200 171
::1 - - [16/Dec/2024:16:45:38 +0100] "GET /guestbook.php HTTP/1.1" 200 468
::1 - - [16/Dec/2024:16:45:38 +0100] "GET /scriptgustbook.js HTTP/1.1" 200 535
::1 - - [16/Dec/2024:16:45:41 +0100] "GET /guestbookleavemessage.php?message=salu HTTP/1.1" 200 179
::1 - - [16/Dec/2024:16:45:50 +0100] "GET /guestbookleavemessage.php?message=%3Cscript%3Ealert(%27xss%27)%3C/script%3E HTTP/1.1" 200 212
::1 - - [16/Dec/2024:16:45:51 +0100] "GET /guestbook.php HTTP/1.1" 200 509
::1 - - [16/Dec/2024:16:45:51 +0100] "GET /scriptgustbook.js HTTP/1.1" 304 -
::1 - - [16/Dec/2024:16:46:20 +0100] "GET /guestbook.php HTTP/1.1" 200 1024
::1 - - [16/Dec/2024:16:46:34 +0100] "GET /guestbook.php HTTP/1.1" 200 509
::1 - - [16/Dec/2024:16:46:34 +0100] "GET /scriptgustbook.js HTTP/1.1" 200 535
::1 - - [16/Dec/2024:16:46:36 +0100] "GET /guestbookleavemessage.php?message=qsqsqs HTTP/1.1" 200 222
::1 - - [16/Dec/2024:16:46:38 +0100] "GET /guestbookleavemessage.php?message=qsqsqsqsdqsqs HTTP/1.1" 200 239
::1 - - [16/Dec/2024:16:46:48 +0100] "GET /guestbookleavemessage.php?message=%3Cscript%3Ealert(%27xss%27)%3C/script%3E HTTP/1.1" 200 272
::1 - - [16/Dec/2024:16:46:49 +0100] "GET /guestbook.php HTTP/1.1" 200 569
::1 - - [16/Dec/2024:16:46:49 +0100] "GET /scriptgustbook.js HTTP/1.1" 304 -
::1 - - [16/Dec/2024:16:46:51 +0100] "GET /guestbookleavemessage.php?message=sqqqqqqq HTTP/1.1" 200 284
::1 - - [16/Dec/2024:16:47:10 +0100] "GET /xssme.php?attributecontext3=%27%20onerror=%22alert(%27Single%20Quote%20XSS%27)%22%27 HTTP/1.1" 200 1703
::1 - - [16/Dec/2024:16:47:10 +0100] "GET /%3Cbr HTTP/1.1" 403 199
::1 - - [16/Dec/2024:16:47:10 +0100] "GET /1 HTTP/1.1" 404 196
::1 - - [16/Dec/2024:16:47:16 +0100] "GET /protectedxssme.php?attributecontext3=%27%20onerror=%22alert(%27Single%20Quote%20XSS%27)%22%27 HTTP/1.1" 200 1749
::1 - - [16/Dec/2024:16:47:16 +0100] "GET /%3Cbr HTTP/1.1" 403 199
::1 - - [16/Dec/2024:16:47:16 +0100] "GET /1 HTTP/1.1" 404 196
::1 - - [16/Dec/2024:16:47:17 +0100] "GET /protectedxssme.php?attributecontext3=%27%20onerror=%22alert(%27Single%20Quote%20XSS%27)%22%27 HTTP/1.1" 200 1749
::1 - - [16/Dec/2024:16:47:17 +0100] "GET /%3Cbr HTTP/1.1" 403 199
::1 - - [16/Dec/2024:16:47:17 +0100] "GET /1 HTTP/1.1" 404 196
::1 - - [16/Dec/2024:16:49:06 +0100] "GET /xssme.php?attributecontext3=%27%20onerror=%22alert(%27Single%20Quote%20XSS%27)%22%27 HTTP/1.1" 200 1703
::1 - - [16/Dec/2024:16:49:06 +0100] "GET /%3Cbr HTTP/1.1" 403 199
::1 - - [16/Dec/2024:16:49:06 +0100] "GET /1 HTTP/1.1" 404 196
::1 - - [16/Dec/2024:16:49:13 +0100] "GET /xssme.php?htmlcontext=%3Cscript%3Ealert(%27HTML%20XSS%27)%3C/script%3E HTTP/1.1" 200 1706
::1 - - [16/Dec/2024:16:49:13 +0100] "GET /%3Cbr HTTP/1.1" 403 199
::1 - - [16/Dec/2024:16:49:13 +0100] "GET /1 HTTP/1.1" 404 196
::1 - - [16/Dec/2024:16:49:52 +0100] "GET /xssme.php?htmlcontext=%3Cscript%3Ealert(%27HTML%20XSS%27)%3C/script%3E HTTP/1.1" 200 1706
::1 - - [16/Dec/2024:16:49:52 +0100] "GET /%3Cbr HTTP/1.1" 403 199
::1 - - [16/Dec/2024:16:49:52 +0100] "GET /1 HTTP/1.1" 404 196
::1 - - [16/Dec/2024:16:49:55 +0100] "GET /xssme.php?htmlcontext=%3Cscript%3Ealert(%27HTML%20XSS%27)%3C/script%3E HTTP/1.1" 200 1706
::1 - - [16/Dec/2024:16:49:55 +0100] "GET /%3Cbr HTTP/1.1" 403 199
::1 - - [16/Dec/2024:16:49:55 +0100] "GET /1 HTTP/1.1" 404 196
::1 - - [16/Dec/2024:16:50:36 +0100] "GET /xssme.php?htmlcontext=%3Cscript%3Ealert(%27HTML%20XSS%27)%3C/script%3E HTTP/1.1" 200 1706
::1 - - [16/Dec/2024:16:50:36 +0100] "GET /%3Cbr HTTP/1.1" 403 199
::1 - - [16/Dec/2024:16:50:36 +0100] "GET /1 HTTP/1.1" 404 196
::1 - - [16/Dec/2024:16:50:48 +0100] "GET /protectedxssme.php?htmlcontext=%3Cscript%3Ealert(%27HTML%20XSS%27)%3C/script%3E HTTP/1.1" 200 1767
::1 - - [16/Dec/2024:16:50:48 +0100] "GET /%3Cbr HTTP/1.1" 403 199
::1 - - [16/Dec/2024:16:50:48 +0100] "GET /1 HTTP/1.1" 404 196
::1 - - [16/Dec/2024:16:51:47 +0100] "GET /protectedxssme.php?htmlcontext=%3Cscript%3Ealert(%27HTML%20XSS%27)%3C/script%3E HTTP/1.1" 200 1767
::1 - - [16/Dec/2024:16:51:47 +0100] "GET /%3Cbr HTTP/1.1" 403 199
::1 - - [16/Dec/2024:16:51:47 +0100] "GET /1 HTTP/1.1" 404 196
::1 - - [16/Dec/2024:16:51:57 +0100] "GET /protectedxssme.php?htmlcontext=%3Cscript%3Ealert(%27HTML%20XSS%27)%3C/script%3E HTTP/1.1" 200 1767
::1 - - [16/Dec/2024:16:51:57 +0100] "GET /%3Cbr HTTP/1.1" 403 199
::1 - - [16/Dec/2024:16:51:57 +0100] "GET /1 HTTP/1.1" 404 196
::1 - - [16/Dec/2024:16:52:05 +0100] "GET /protectedxssme.php?htmlcontext=%3Cscript%3Ealert(%27HTML%20XSS%27)%3C/script%3E HTTP/1.1" 200 1767
::1 - - [16/Dec/2024:16:52:05 +0100] "GET /%3Cbr HTTP/1.1" 403 199
::1 - - [16/Dec/2024:16:52:05 +0100] "GET /1 HTTP/1.1" 404 196
::1 - - [16/Dec/2024:16:52:39 +0100] "GET /protectedxssme.php?scriptcontext=alert(%27Script%20context%20XSS%27) HTTP/1.1" 200 1994
::1 - - [16/Dec/2024:16:52:39 +0100] "GET /%3Cbr HTTP/1.1" 403 199
::1 - - [16/Dec/2024:16:52:39 +0100] "GET /1 HTTP/1.1" 404 196
::1 - - [16/Dec/2024:16:52:43 +0100] "GET /protectedxssme.php?scriptcontext=alert(%27Script%20context%20XSS%27) HTTP/1.1" 200 1994
::1 - - [16/Dec/2024:16:52:43 +0100] "GET /%3Cbr HTTP/1.1" 403 199
::1 - - [16/Dec/2024:16:52:43 +0100] "GET /1 HTTP/1.1" 404 196
::1 - - [16/Dec/2024:16:53:59 +0100] "GET /protectedxssme.php?attributecontext1=%27%27%20onerror=%22alert(%27attributecontext1%20xss%27)%22 HTTP/1.1" 200 2036
::1 - - [16/Dec/2024:16:53:59 +0100] "GET /'' HTTP/1.1" 404 196
::1 - - [16/Dec/2024:16:53:59 +0100] "GET /1 HTTP/1.1" 404 196
::1 - - [16/Dec/2024:16:54:54 +0100] "GET /protectedxssme.php?attributecontext1=%27%27%20onerror=%22alert(%27attributecontext1%20xss%27)%22 HTTP/1.1" 200 2036
::1 - - [16/Dec/2024:16:54:54 +0100] "GET /'' HTTP/1.1" 404 196
::1 - - [16/Dec/2024:16:54:54 +0100] "GET /1 HTTP/1.1" 404 196
::1 - - [16/Dec/2024:16:56:09 +0100] "GET /protectedxssme.php?htmlcontext=%3Cscript%3Ealert(%27HTML%20XSS%27)%3C/script%3E HTTP/1.1" 200 2025
::1 - - [16/Dec/2024:16:56:09 +0100] "GET /%3Cbr HTTP/1.1" 403 199
::1 - - [16/Dec/2024:16:56:09 +0100] "GET /1 HTTP/1.1" 404 196
::1 - - [16/Dec/2024:16:56:44 +0100] "GET /protectedxssme.php?attributecontext1=%27%27%20onerror=alert(%27attributecontext1%20xss%27) HTTP/1.1" 200 2024
::1 - - [16/Dec/2024:16:56:45 +0100] "GET /'' HTTP/1.1" 404 196
::1 - - [16/Dec/2024:16:56:45 +0100] "GET /1 HTTP/1.1" 404 196
::1 - - [16/Dec/2024:16:57:21 +0100] "GET /protectedxssme.php?htmlcontext=%3Cscript%3Ealert(%27HTML%20XSS%27)%3C/script%3E HTTP/1.1" 200 2025
::1 - - [16/Dec/2024:16:57:21 +0100] "GET /%3Cbr HTTP/1.1" 403 199
::1 - - [16/Dec/2024:16:57:21 +0100] "GET /1 HTTP/1.1" 404 196
::1 - - [16/Dec/2024:16:59:51 +0100] "GET /protectedxssme.php?attributecontext1=%27%20onerror=%27alert(%22attributecontext1%20xss%22)%27 HTTP/1.1" 200 2030
::1 - - [16/Dec/2024:16:59:51 +0100] "GET /' HTTP/1.1" 404 196
::1 - - [16/Dec/2024:16:59:51 +0100] "GET /1 HTTP/1.1" 404 196
::1 - - [16/Dec/2024:17:00:36 +0100] "GET /protectedxssme.php?attributecontext1=%27onerror=%27alert(%22attributecontext1xss%22)%27%27 HTTP/1.1" 200 2034
::1 - - [16/Dec/2024:17:00:36 +0100] "GET /'onerror='alert(%22attributecontext1xss%22)'' HTTP/1.1" 403 199
::1 - - [16/Dec/2024:17:00:36 +0100] "GET /1 HTTP/1.1" 404 196
::1 - - [16/Dec/2024:17:00:52 +0100] "GET /protectedxssme.php?attributecontext1=%27%20onerror=%27alert(%22attributecontext1xss%22)%27%27 HTTP/1.1" 200 2035
::1 - - [16/Dec/2024:17:00:52 +0100] "GET /' HTTP/1.1" 404 196
::1 - - [16/Dec/2024:17:00:52 +0100] "GET /1 HTTP/1.1" 404 196
::1 - - [16/Dec/2024:17:04:44 +0100] "GET /protectedxssme.php?attributecontext1=%27%27%20onerror=%22alert(%27XSS%27)%22 HTTP/1.1" 200 2018
::1 - - [16/Dec/2024:17:04:44 +0100] "GET /'' HTTP/1.1" 404 196
::1 - - [16/Dec/2024:17:04:44 +0100] "GET /1 HTTP/1.1" 404 196
::1 - - [16/Dec/2024:17:04:48 +0100] "GET /protectedxssme.php?attributecontext1=%27%27%20onerror=%22alert(%27XSS%27)%22 HTTP/1.1" 200 2018
::1 - - [16/Dec/2024:17:04:48 +0100] "GET /1 HTTP/1.1" 404 196
::1 - - [16/Dec/2024:17:04:48 +0100] "GET /'' HTTP/1.1" 404 196
::1 - - [16/Dec/2024:19:49:56 +0100] "GET /protectedxssme.php?attributecontext1=%27%27%20onerror=%22alert(%27XSS%27)%22 HTTP/1.1" 200 2018
::1 - - [16/Dec/2024:19:49:56 +0100] "GET /'' HTTP/1.1" 404 196
::1 - - [16/Dec/2024:19:49:56 +0100] "GET /1 HTTP/1.1" 404 196
::1 - - [16/Dec/2024:19:49:57 +0100] "GET /favicon.ico HTTP/1.1" 404 196
::1 - - [16/Dec/2024:19:51:41 +0100] "GET /protectedxssme.php?attributecontext1=%27%27%20onerror=%22alert(%27XSS%27)%22 HTTP/1.1" 200 2018
::1 - - [16/Dec/2024:19:51:41 +0100] "GET /'' HTTP/1.1" 404 196
::1 - - [16/Dec/2024:19:51:41 +0100] "GET /1 HTTP/1.1" 404 196
::1 - - [16/Dec/2024:19:51:59 +0100] "GET /protectedxssme.php?attributecontext1=%27%27%20onerror=%27alert(%22attributecontext1xss%22)%27%27 HTTP/1.1" 200 2041
::1 - - [16/Dec/2024:19:51:59 +0100] "GET /'' HTTP/1.1" 404 196
::1 - - [16/Dec/2024:19:51:59 +0100] "GET /1 HTTP/1.1" 404 196
::1 - - [16/Dec/2024:19:52:29 +0100] "GET /protectedxssme.php?attributecontext1=%27%27%20onerror=%22alert(%27attributecontext1xss%27)%22 HTTP/1.1" 200 2035
::1 - - [16/Dec/2024:19:52:29 +0100] "GET /'' HTTP/1.1" 404 196
::1 - - [16/Dec/2024:19:52:29 +0100] "GET /1 HTTP/1.1" 404 196
::1 - - [16/Dec/2024:19:52:37 +0100] "GET /protectedxssme.php?attributecontext1=%27%27%20onerror=%22alert(%27XSS%27)%22 HTTP/1.1" 200 2018
::1 - - [16/Dec/2024:19:52:37 +0100] "GET /'' HTTP/1.1" 404 196
::1 - - [16/Dec/2024:19:52:37 +0100] "GET /1 HTTP/1.1" 404 196
::1 - - [16/Dec/2024:19:54:17 +0100] "GET /protectedxssme.php?attributecontext1=1%20onerror=alert(1) HTTP/1.1" 200 1981
::1 - - [16/Dec/2024:19:54:17 +0100] "GET /1 HTTP/1.1" 404 196
::1 - - [16/Dec/2024:19:54:17 +0100] "GET /1 HTTP/1.1" 404 196
::1 - - [16/Dec/2024:19:54:49 +0100] "GET /protectedxssme.php?attributecontext1=1%20onerror=alert(2) HTTP/1.1" 200 1981
::1 - - [16/Dec/2024:19:54:49 +0100] "GET /1 HTTP/1.1" 404 196
::1 - - [16/Dec/2024:19:54:49 +0100] "GET /1 HTTP/1.1" 404 196
::1 - - [16/Dec/2024:19:54:59 +0100] "GET /protectedxssme.php?htmlcontext=1%20onerror=alert(2) HTTP/1.1" 200 1987
::1 - - [16/Dec/2024:19:54:59 +0100] "GET /%3Cbr HTTP/1.1" 403 199
::1 - - [16/Dec/2024:19:54:59 +0100] "GET /1 HTTP/1.1" 404 196
::1 - - [16/Dec/2024:19:55:04 +0100] "GET /protectedxssme.php?htmlcontext=alert(2) HTTP/1.1" 200 1977
::1 - - [16/Dec/2024:19:55:04 +0100] "GET /%3Cbr HTTP/1.1" 403 199
::1 - - [16/Dec/2024:19:55:04 +0100] "GET /1 HTTP/1.1" 404 196
::1 - - [16/Dec/2024:19:55:16 +0100] "GET /protectedxssme.php?htmlcontext=alert(2) HTTP/1.1" 200 1977
::1 - - [16/Dec/2024:19:55:16 +0100] "GET /%3Cbr HTTP/1.1" 403 199
::1 - - [16/Dec/2024:19:55:16 +0100] "GET /1 HTTP/1.1" 404 196
::1 - - [16/Dec/2024:19:55:28 +0100] "GET /protectedxssme.php?attributecontext1=1%20onerror=alert(2) HTTP/1.1" 200 1981
::1 - - [16/Dec/2024:19:55:28 +0100] "GET /1 HTTP/1.1" 404 196
::1 - - [16/Dec/2024:19:55:28 +0100] "GET /1 HTTP/1.1" 404 196
::1 - - [16/Dec/2024:19:55:33 +0100] "GET /protectedxssme.php?attributecontext1=1%20onerror=alert(2) HTTP/1.1" 200 1981
::1 - - [16/Dec/2024:19:55:33 +0100] "GET /1 HTTP/1.1" 404 196
::1 - - [16/Dec/2024:19:55:33 +0100] "GET /1 HTTP/1.1" 404 196
::1 - - [16/Dec/2024:19:56:28 +0100] "-" 408 -
::1 - - [16/Dec/2024:19:56:31 +0100] "GET /protectedxssme.php?attributecontext1=1%20onerror=alert(%22Salut%22) HTTP/1.1" 200 1997
::1 - - [16/Dec/2024:19:56:31 +0100] "GET /1 HTTP/1.1" 404 196
::1 - - [16/Dec/2024:19:56:31 +0100] "GET /1 HTTP/1.1" 404 196
::1 - - [16/Dec/2024:19:56:50 +0100] "GET /protectedxssme.php?attributecontext1=1%20onerror=alert(%22XSS%20avec%20htmlspecialchars%22) HTTP/1.1" 200 2017
::1 - - [16/Dec/2024:19:56:50 +0100] "GET /1 HTTP/1.1" 404 196
::1 - - [16/Dec/2024:19:56:50 +0100] "GET /1 HTTP/1.1" 404 196
::1 - - [16/Dec/2024:19:57:00 +0100] "GET /protectedxssme.php?attributecontext1=1%20onerror=alert(%22XSSAvecHtmlspecialchars%22) HTTP/1.1" 200 2015
::1 - - [16/Dec/2024:19:57:00 +0100] "GET /1 HTTP/1.1" 404 196
::1 - - [16/Dec/2024:19:57:00 +0100] "GET /1 HTTP/1.1" 404 196
::1 - - [16/Dec/2024:19:57:10 +0100] "GET /protectedxssme.php?attributecontext1=1%20onerror=alert(%27XSS%20Avec%20Htmlspecialchars%27) HTTP/1.1" 200 2017
::1 - - [16/Dec/2024:19:57:10 +0100] "GET /1 HTTP/1.1" 404 196
::1 - - [16/Dec/2024:19:57:10 +0100] "GET /1 HTTP/1.1" 404 196
::1 - - [16/Dec/2024:19:57:25 +0100] "GET /protectedxssme.php?attributecontext1=1%20onerror=alert(XSSAvecHtmlspecialchars) HTTP/1.1" 200 2003
::1 - - [16/Dec/2024:19:57:25 +0100] "GET /1 HTTP/1.1" 404 196
::1 - - [16/Dec/2024:19:57:25 +0100] "GET /1 HTTP/1.1" 404 196
::1 - - [16/Dec/2024:19:57:31 +0100] "GET /protectedxssme.php?attributecontext1=1%20onerror=alert(%22XSSAvecHtmlspecialchars%22) HTTP/1.1" 200 2015
::1 - - [16/Dec/2024:19:57:31 +0100] "GET /1 HTTP/1.1" 404 196
::1 - - [16/Dec/2024:19:57:31 +0100] "GET /1 HTTP/1.1" 404 196
::1 - - [16/Dec/2024:19:57:59 +0100] "GET /protectedxssme.php?attributecontext1=1%20onerror=alert(%22XSSAvecHtmlspecialchars%22) HTTP/1.1" 200 2015
::1 - - [16/Dec/2024:19:57:59 +0100] "GET /1 HTTP/1.1" 404 196
::1 - - [16/Dec/2024:19:57:59 +0100] "GET /1 HTTP/1.1" 404 196
::1 - - [16/Dec/2024:19:58:59 +0100] "-" 408 -
::1 - - [16/Dec/2024:19:59:55 +0100] "GET /protectedxssme.php?attributecontext1=%27%20onerror=%27alert(%22attributecontext1xss%22)%27%27 HTTP/1.1" 200 2035
::1 - - [16/Dec/2024:19:59:55 +0100] "GET /' HTTP/1.1" 404 196
::1 - - [16/Dec/2024:19:59:55 +0100] "GET /1 HTTP/1.1" 404 196
::1 - - [16/Dec/2024:19:59:58 +0100] "GET /protectedxssme.php?attributecontext1=1%20onerror=alert(%22XSSAvecHtmlspecialchars%22) HTTP/1.1" 200 2015
::1 - - [16/Dec/2024:19:59:58 +0100] "GET /1 HTTP/1.1" 404 196
::1 - - [16/Dec/2024:19:59:59 +0100] "GET /1 HTTP/1.1" 404 196
::1 - - [16/Dec/2024:20:00:04 +0100] "GET /protectedxssme.php?attributecontext1=1%20onerror=alert(%22XSSAvecHtmlspecialchars%22) HTTP/1.1" 200 2015
::1 - - [16/Dec/2024:20:00:04 +0100] "GET /1 HTTP/1.1" 404 196
::1 - - [16/Dec/2024:20:00:04 +0100] "GET /1 HTTP/1.1" 404 196
::1 - - [16/Dec/2024:20:00:41 +0100] "GET /protectedxssme.php?attributecontext1=1%20onerror=alert(%22XSSAvecHtmlspecialchars%22) HTTP/1.1" 200 2015
::1 - - [16/Dec/2024:20:00:41 +0100] "GET /1 HTTP/1.1" 404 196
::1 - - [16/Dec/2024:20:00:41 +0100] "GET /1 HTTP/1.1" 404 196
::1 - - [16/Dec/2024:20:00:57 +0100] "GET /protectedxssme.php?attributecontext1=1%20onerror=alert(%22XSSAvecHtmlspecialchars%22) HTTP/1.1" 200 2015
::1 - - [16/Dec/2024:20:00:57 +0100] "GET /1 HTTP/1.1" 404 196
::1 - - [16/Dec/2024:20:00:57 +0100] "GET /1 HTTP/1.1" 404 196
::1 - - [16/Dec/2024:20:01:08 +0100] "GET /protectedxssme.php?attributecontext1=1%20onerror=alert(%22XSSAvecHtmlspecialchars%22) HTTP/1.1" 200 2017
::1 - - [16/Dec/2024:20:01:08 +0100] "GET /1%20onerror=alert(%22XSSAvecHtmlspecialchars%22) HTTP/1.1" 403 199
::1 - - [16/Dec/2024:20:01:08 +0100] "GET /1 HTTP/1.1" 404 196
::1 - - [16/Dec/2024:20:01:10 +0100] "GET /protectedxssme.php?attributecontext1=1%20onerror=alert(%22XSSAvecHtmlspecialchars%22) HTTP/1.1" 200 2017
::1 - - [16/Dec/2024:20:01:10 +0100] "GET /1%20onerror=alert(%22XSSAvecHtmlspecialchars%22) HTTP/1.1" 403 199
::1 - - [16/Dec/2024:20:01:10 +0100] "GET /1 HTTP/1.1" 404 196
::1 - - [16/Dec/2024:20:01:13 +0100] "GET /protectedxssme.php?attributecontext1=1%20onerror=alert(%22XSSAvecHtmlspecialchars%22) HTTP/1.1" 200 2015
::1 - - [16/Dec/2024:20:01:13 +0100] "GET /1 HTTP/1.1" 404 196
::1 - - [16/Dec/2024:20:01:14 +0100] "GET /1 HTTP/1.1" 404 196
::1 - - [16/Dec/2024:20:01:20 +0100] "GET /protectedxssme.php?attributecontext1=1%20onerror=alert(%22XSSAvecHtmlspecialchars%22) HTTP/1.1" 200 2017
::1 - - [16/Dec/2024:20:01:20 +0100] "GET /1%20onerror=alert(%22XSSAvecHtmlspecialchars%22) HTTP/1.1" 403 199
::1 - - [16/Dec/2024:20:01:20 +0100] "GET /1 HTTP/1.1" 404 196
::1 - - [16/Dec/2024:20:01:21 +0100] "GET /protectedxssme.php?attributecontext1=1%20onerror=alert(%22XSSAvecHtmlspecialchars%22) HTTP/1.1" 200 2017
::1 - - [16/Dec/2024:20:01:21 +0100] "GET /1%20onerror=alert(%22XSSAvecHtmlspecialchars%22) HTTP/1.1" 403 199
::1 - - [16/Dec/2024:20:01:21 +0100] "GET /1 HTTP/1.1" 404 196
::1 - - [16/Dec/2024:20:01:42 +0100] "GET /protectedxssme.php?attributecontext1=1%20onerror=alert(XSSAvecHtmlspecialchars) HTTP/1.1" 200 2005
::1 - - [16/Dec/2024:20:01:42 +0100] "GET /1 HTTP/1.1" 404 196
::1 - - [16/Dec/2024:20:01:42 +0100] "GET /1%20onerror=alert(XSSAvecHtmlspecialchars) HTTP/1.1" 404 196
::1 - - [16/Dec/2024:20:01:46 +0100] "GET /protectedxssme.php?attributecontext1=1%20onerror=alert(XSSAvecHtmlspecialchars) HTTP/1.1" 200 2003
::1 - - [16/Dec/2024:20:01:46 +0100] "GET /1 HTTP/1.1" 404 196
::1 - - [16/Dec/2024:20:01:46 +0100] "GET /1 HTTP/1.1" 404 196
::1 - - [16/Dec/2024:20:01:51 +0100] "GET /protectedxssme.php?attributecontext1=1%20onerror=alert(%22XSSAvecHtmlspecialchars%22) HTTP/1.1" 200 2015
::1 - - [16/Dec/2024:20:01:51 +0100] "GET /1 HTTP/1.1" 404 196
::1 - - [16/Dec/2024:20:01:52 +0100] "GET /1 HTTP/1.1" 404 196
::1 - - [16/Dec/2024:20:02:51 +0100] "-" 408 -
::1 - - [16/Dec/2024:20:03:56 +0100] "GET /protectedxssme.php?attributecontext1=%27%20onerror=%27alert(%22attributecontext1xss%22)%27%27 HTTP/1.1" 200 2035
::1 - - [16/Dec/2024:20:03:56 +0100] "GET /' HTTP/1.1" 404 196
::1 - - [16/Dec/2024:20:03:56 +0100] "GET /1 HTTP/1.1" 404 196
::1 - - [16/Dec/2024:20:04:09 +0100] "GET /protectedxssme.php?attributecontext1=1%20onerror=alert(%22XSSAvecHtmlspecialchars%22) HTTP/1.1" 200 2015
::1 - - [16/Dec/2024:20:04:09 +0100] "GET /1 HTTP/1.1" 404 196
::1 - - [16/Dec/2024:20:04:09 +0100] "GET /1 HTTP/1.1" 404 196
::1 - - [16/Dec/2024:20:05:09 +0100] "-" 408 -
::1 - - [16/Dec/2024:20:06:50 +0100] "GET /protectedxssme.php?attributecontext1=%27%20onerror=%27alert(%22attributecontext1xss%22)%27%27 HTTP/1.1" 200 2035
::1 - - [16/Dec/2024:20:06:50 +0100] "GET /' HTTP/1.1" 404 196
::1 - - [16/Dec/2024:20:06:51 +0100] "GET /1 HTTP/1.1" 404 196
::1 - - [16/Dec/2024:20:06:54 +0100] "GET /protectedxssme.php?attributecontext1=%27%27%20onerror=%22alert(%27attributecontext1%20xss%27)%22 HTTP/1.1" 200 2036
::1 - - [16/Dec/2024:20:06:54 +0100] "GET /'' HTTP/1.1" 404 196
::1 - - [16/Dec/2024:20:06:54 +0100] "GET /1 HTTP/1.1" 404 196
::1 - - [16/Dec/2024:20:06:57 +0100] "GET /protectedxssme.php?attributecontext1=%27%27%20onerror=%22alert(%27attributecontext1%20xss%27)%22 HTTP/1.1" 200 2036
::1 - - [16/Dec/2024:20:06:57 +0100] "GET /'' HTTP/1.1" 404 196
::1 - - [16/Dec/2024:20:06:57 +0100] "GET /1 HTTP/1.1" 404 196
::1 - - [16/Dec/2024:20:12:26 +0100] "GET /protectedxssme.php?attributecontext1=1%20onerror=alert(%27XSSAvecHtmlspecialchars%27) HTTP/1.1" 200 2015
::1 - - [16/Dec/2024:20:12:26 +0100] "GET /1 HTTP/1.1" 404 196
::1 - - [16/Dec/2024:20:12:26 +0100] "GET /1 HTTP/1.1" 404 196
::1 - - [16/Dec/2024:20:12:39 +0100] "GET /protectedxssme.php?attributecontext1=1%20onerror=alert(%27XSS%20Avec%20Htmlspecialchars%27) HTTP/1.1" 200 2017
::1 - - [16/Dec/2024:20:12:39 +0100] "GET /1 HTTP/1.1" 404 196
::1 - - [16/Dec/2024:20:12:39 +0100] "GET /1 HTTP/1.1" 404 196
::1 - - [16/Dec/2024:20:13:39 +0100] "-" 408 -
::1 - - [16/Dec/2024:20:14:47 +0100] "GET /protectedxssme.php?attributecontext1=1%20onerror=alert(%22XSSAvecHtmlspecialchars%22) HTTP/1.1" 200 2015
::1 - - [16/Dec/2024:20:14:47 +0100] "GET /1 HTTP/1.1" 404 196
::1 - - [16/Dec/2024:20:14:47 +0100] "GET /1 HTTP/1.1" 404 196
::1 - - [16/Dec/2024:20:15:47 +0100] "-" 408 -
::1 - - [16/Dec/2024:20:24:04 +0100] "-" 408 -
::1 - - [16/Dec/2024:20:24:23 +0100] "GET /protectedxssme.php?attributecontext1=%27%27%20onerror=%22alert(%27attributecontext1xss%27)%22 HTTP/1.1" 200 2035
::1 - - [16/Dec/2024:20:24:23 +0100] "GET /'' HTTP/1.1" 404 196
::1 - - [16/Dec/2024:20:24:23 +0100] "GET /1 HTTP/1.1" 404 196
::1 - - [16/Dec/2024:21:30:01 +0100] "GET /domxss4.php HTTP/1.1" 404 196
::1 - - [16/Dec/2024:21:30:01 +0100] "GET /favicon.ico HTTP/1.1" 404 196
::1 - - [16/Dec/2024:21:30:05 +0100] "GET /domxss4.php?x=%3Cscript%3Ealert(%27xss%27);%3C/script%3E HTTP/1.1" 404 196
::1 - - [16/Dec/2024:21:30:35 +0100] "GET /domxss4.php?x=x=%3Cscript%3Ealert(%22xss%22)%3C/script%3E HTTP/1.1" 404 196
::1 - - [16/Dec/2024:21:30:47 +0100] "GET /domxss4.php?x=%3Cscript%3Ealert(%22xss%22)%3C/script%3E HTTP/1.1" 404 196
::1 - - [16/Dec/2024:21:30:53 +0100] "GET /domxss4.php?x=%3Cscript%3Ealert(%22xss%22)%3C/script%3E HTTP/1.1" 404 196
::1 - - [16/Dec/2024:21:31:53 +0100] "-" 408 -
::1 - - [16/Dec/2024:21:32:28 +0100] "GET /domxss4.php?x=test HTTP/1.1" 404 196
::1 - - [16/Dec/2024:21:32:34 +0100] "GET /domxss4.php?x=test HTTP/1.1" 404 196
::1 - - [16/Dec/2024:21:32:44 +0100] "GET /domxss4.php?x=test HTTP/1.1" 404 196
::1 - - [16/Dec/2024:21:32:52 +0100] "GET /domxss4.html?x=test HTTP/1.1" 200 142
::1 - - [16/Dec/2024:21:33:02 +0100] "GET /domxss4.html?x=%3Cscript%3Ealert(%22xss%22)%3C/script%3E HTTP/1.1" 200 142
::1 - - [16/Dec/2024:21:33:19 +0100] "GET /domxss4.html?x=%3Cscript%3Ealert(%22xss%22)%3C/script%3E HTTP/1.1" 304 -
::1 - - [16/Dec/2024:21:33:29 +0100] "GET /domxss4.html?x=%3Cscript%3Ealert(%27xss%27)%3C/script%3E HTTP/1.1" 200 142
::1 - - [16/Dec/2024:21:34:29 +0100] "-" 408 -
::1 - - [16/Dec/2024:21:38:15 +0100] "GET /domxss5.html?x=test HTTP/1.1" 200 382
::1 - - [16/Dec/2024:21:38:21 +0100] "GET /domxss5.html HTTP/1.1" 200 382
::1 - - [16/Dec/2024:21:38:40 +0100] "GET /domxss5.html HTTP/1.1" 304 -
::1 - - [16/Dec/2024:21:39:40 +0100] "-" 408 -
::1 - - [16/Dec/2024:21:40:46 +0100] "GET /domxss6.html HTTP/1.1" 200 223
::1 - - [16/Dec/2024:21:41:46 +0100] "-" 408 -
::1 - - [16/Dec/2024:21:42:16 +0100] "GET /vulnerable.html HTTP/1.1" 404 196
::1 - - [16/Dec/2024:21:42:37 +0100] "GET /domxss6.html HTTP/1.1" 304 -
::1 - - [16/Dec/2024:21:43:37 +0100] "-" 408 -
::1 - - [17/Dec/2024:11:02:05 +0100] "GET /integrator.html HTTP/1.1" 200 113
::1 - - [17/Dec/2024:11:02:05 +0100] "GET /favicon.ico HTTP/1.1" 404 196
::1 - - [17/Dec/2024:11:03:05 +0100] "-" 408 -
::1 - - [17/Dec/2024:11:45:50 +0100] "GET /integrator.html HTTP/1.1" 200 119
::1 - - [17/Dec/2024:11:46:27 +0100] "GET /integrator.html HTTP/1.1" 304 -
::1 - - [17/Dec/2024:11:47:27 +0100] "-" 408 -
::1 - - [17/Dec/2024:11:58:43 +0100] "GET /integrator.html HTTP/1.1" 200 119
::1 - - [07/Jan/2025:11:41:37 +0100] "GET /integrator.html HTTP/1.1" 200 119
::1 - - [07/Jan/2025:11:41:37 +0100] "GET /favicon.ico HTTP/1.1" 404 196
::1 - - [07/Jan/2025:11:42:37 +0100] "-" 408 -
::1 - - [07/Jan/2025:11:44:05 +0100] "GET /integrator.html HTTP/1.1" 304 -
::1 - - [07/Jan/2025:11:44:07 +0100] "GET /integrator.html HTTP/1.1" 200 119
::1 - - [07/Jan/2025:11:44:20 +0100] "GET /integrator.html HTTP/1.1" 304 -
::1 - - [07/Jan/2025:11:44:23 +0100] "GET /integrator.html HTTP/1.1" 304 -
::1 - - [07/Jan/2025:11:45:23 +0100] "-" 408 -
::1 - - [07/Jan/2025:11:45:31 +0100] "GET /integrator.html HTTP/1.1" 304 -
::1 - - [07/Jan/2025:11:45:40 +0100] "GET /integrator.html HTTP/1.1" 304 -
::1 - - [07/Jan/2025:11:45:46 +0100] "GET /integrator.html HTTP/1.1" 304 -
::1 - - [07/Jan/2025:11:46:29 +0100] "-" 408 -
::1 - - [07/Jan/2025:11:46:51 +0100] "GET /integrator.html HTTP/1.1" 304 -
::1 - - [07/Jan/2025:11:47:51 +0100] "-" 408 -
::1 - - [07/Jan/2025:11:49:42 +0100] "GET /integrator.html HTTP/1.1" 304 -
::1 - - [07/Jan/2025:11:50:00 +0100] "GET /integrator.html HTTP/1.1" 304 -
::1 - - [07/Jan/2025:11:51:00 +0100] "-" 408 -
::1 - - [07/Jan/2025:11:52:12 +0100] "GET /integrator.html HTTP/1.1" 304 -
::1 - - [07/Jan/2025:11:54:15 +0100] "GET /integrator.html HTTP/1.1" 200 119
::1 - - [07/Jan/2025:11:56:00 +0100] "GET /integrator.html HTTP/1.1" 200 119
::1 - - [07/Jan/2025:11:57:00 +0100] "-" 408 -
::1 - - [25/Jan/2025:20:15:21 +0100] "GET / HTTP/1.1" 200 261
::1 - - [25/Jan/2025:20:15:22 +0100] "GET /favicon.ico HTTP/1.1" 404 196
::1 - - [25/Jan/2025:20:15:24 +0100] "GET /integrator.html HTTP/1.1" 200 131
::1 - - [25/Jan/2025:20:15:31 +0100] "GET /integrator.html HTTP/1.1" 304 -
::1 - - [25/Jan/2025:20:16:31 +0100] "-" 408 -
::1 - - [25/Jan/2025:20:45:28 +0100] "GET /integrator2.html HTTP/1.1" 404 196
::1 - - [25/Jan/2025:20:45:36 +0100] "GET /integrator2.php HTTP/1.1" 200 131
::1 - - [25/Jan/2025:20:45:40 +0100] "GET /integrator2.php HTTP/1.1" 200 131
::1 - - [25/Jan/2025:20:45:41 +0100] "GET /integrator2.php HTTP/1.1" 200 131
::1 - - [25/Jan/2025:20:46:36 +0100] "-" 408 -
::1 - - [25/Jan/2025:20:46:47 +0100] "-" 408 -
::1 - - [25/Jan/2025:20:49:06 +0100] "GET /integrator2.html HTTP/1.1" 200 -
::1 - - [25/Jan/2025:20:49:21 +0100] "GET /integrator2.html HTTP/1.1" 200 131
::1 - - [25/Jan/2025:20:49:31 +0100] "GET /integrator2.html HTTP/1.1" 304 -
::1 - - [25/Jan/2025:20:50:19 +0100] "GET /integrator2.html HTTP/1.1" 200 131
::1 - - [25/Jan/2025:20:50:34 +0100] "GET /integrator2.html HTTP/1.1" 304 -
::1 - - [25/Jan/2025:20:50:38 +0100] "GET /integrator2.html HTTP/1.1" 304 -
::1 - - [25/Jan/2025:20:51:34 +0100] "-" 408 -
::1 - - [25/Jan/2025:20:57:01 +0100] "GET /integrator2.html HTTP/1.1" 200 128
::1 - - [25/Jan/2025:20:57:31 +0100] "GET /integrator2.html HTTP/1.1" 304 -
::1 - - [25/Jan/2025:20:57:38 +0100] "GET /integrator2.html HTTP/1.1" 304 -
::1 - - [25/Jan/2025:20:58:18 +0100] "GET /integrator2.html HTTP/1.1" 200 131
::1 - - [25/Jan/2025:20:58:25 +0100] "GET /integrator2.html HTTP/1.1" 200 135
::1 - - [25/Jan/2025:20:59:25 +0100] "-" 408 -
::1 - - [25/Jan/2025:21:00:21 +0100] "GET /integrator.html HTTP/1.1" 200 128
::1 - - [25/Jan/2025:21:00:23 +0100] "GET /integrator.html HTTP/1.1" 304 -
::1 - - [25/Jan/2025:21:00:38 +0100] "GET /integrator.html HTTP/1.1" 200 137
::1 - - [25/Jan/2025:21:00:46 +0100] "GET /integrator.html HTTP/1.1" 304 -
::1 - - [25/Jan/2025:21:01:46 +0100] "-" 408 -
::1 - - [25/Jan/2025:21:05:44 +0100] "GET /integrator.html HTTP/1.1" 200 140
::1 - - [25/Jan/2025:21:05:53 +0100] "GET /integrator2.html HTTP/1.1" 304 -
::1 - - [25/Jan/2025:21:06:53 +0100] "-" 408 -
::1 - - [25/Jan/2025:21:08:10 +0100] "GET /integrator2.html HTTP/1.1" 304 -
::1 - - [25/Jan/2025:21:09:10 +0100] "-" 408 -
::1 - - [25/Jan/2025:21:11:12 +0100] "GET /integrator2.html HTTP/1.1" 304 -
::1 - - [25/Jan/2025:21:11:21 +0100] "GET /integrator2.html HTTP/1.1" 200 135
::1 - - [25/Jan/2025:21:11:22 +0100] "GET /favicon.ico HTTP/1.1" 404 196
::1 - - [25/Jan/2025:21:12:21 +0100] "-" 408 -
::1 - - [25/Jan/2025:21:12:39 +0100] "GET /integrator2.html HTTP/1.1" 200 285
::1 - - [25/Jan/2025:21:13:39 +0100] "-" 408 -
::1 - - [25/Jan/2025:21:13:50 +0100] "GET /integrator2.html HTTP/1.1" 200 336
::1 - - [25/Jan/2025:21:13:59 +0100] "GET /integrator.html HTTP/1.1" 200 175
::1 - - [25/Jan/2025:21:14:02 +0100] "GET /integrator.html HTTP/1.1" 304 -
::1 - - [25/Jan/2025:21:14:59 +0100] "-" 408 -
::1 - - [25/Jan/2025:21:25:45 +0100] "GET /service1.php HTTP/1.1" 200 168
::1 - - [25/Jan/2025:21:26:04 +0100] "GET /service1.php HTTP/1.1" 200 168
::1 - - [25/Jan/2025:21:27:04 +0100] "-" 408 -
::1 - - [26/Jan/2025:11:05:33 +0100] "GET /service1.php HTTP/1.1" 200 168
::1 - - [26/Jan/2025:11:05:58 +0100] "GET /service1.php HTTP/1.1" 200 168
::1 - - [26/Jan/2025:11:06:04 +0100] "GET /service2.php HTTP/1.1" 200 168
::1 - - [26/Jan/2025:11:07:04 +0100] "-" 408 -
::1 - - [26/Jan/2025:11:07:51 +0100] "GET /service2.php HTTP/1.1" 200 168
::1 - - [26/Jan/2025:11:08:51 +0100] "-" 408 -
::1 - - [26/Jan/2025:11:12:13 +0100] "GET /service1.php HTTP/1.1" 200 168
::1 - - [26/Jan/2025:11:12:16 +0100] "GET /service2.php HTTP/1.1" 200 168
::1 - - [26/Jan/2025:11:12:37 +0100] "GET /service1.php HTTP/1.1" 200 168
::1 - - [26/Jan/2025:11:12:38 +0100] "GET /favicon.ico HTTP/1.1" 404 196
::1 - - [26/Jan/2025:11:12:48 +0100] "GET /service1.php HTTP/1.1" 200 168
::1 - - [26/Jan/2025:11:12:55 +0100] "GET /service1.php HTTP/1.1" 200 168
::1 - - [26/Jan/2025:11:13:55 +0100] "-" 408 -
::1 - - [26/Jan/2025:11:14:08 +0100] "GET /service1/service1.php HTTP/1.1" 200 168
::1 - - [26/Jan/2025:11:14:10 +0100] "GET /service2.php HTTP/1.1" 404 196
::1 - - [26/Jan/2025:11:14:15 +0100] "GET /service1/service1.php HTTP/1.1" 200 168
::1 - - [26/Jan/2025:11:14:22 +0100] "GET /service2/service2.php HTTP/1.1" 200 168
::1 - - [26/Jan/2025:11:14:38 +0100] "GET /service1/service1.php HTTP/1.1" 200 168
::1 - - [26/Jan/2025:11:14:47 +0100] "GET /service2/service2.php HTTP/1.1" 200 168
::1 - - [26/Jan/2025:11:15:47 +0100] "-" 408 -
::1 - - [26/Jan/2025:11:16:43 +0100] "GET /service1/service1.php HTTP/1.1" 200 168
::1 - - [26/Jan/2025:11:17:00 +0100] "GET /service1/service1.php HTTP/1.1" 200 168
::1 - - [26/Jan/2025:11:17:02 +0100] "GET /service2/service2.php HTTP/1.1" 200 168
::1 - - [26/Jan/2025:11:18:00 +0100] "-" 408 -
::1 - - [26/Jan/2025:11:18:29 +0100] "GET /service1/service1.php HTTP/1.1" 200 168
::1 - - [26/Jan/2025:11:18:31 +0100] "GET /service2/service2.php HTTP/1.1" 200 168
::1 - - [26/Jan/2025:11:19:29 +0100] "-" 408 -
::1 - - [26/Jan/2025:11:22:21 +0100] "GET /service1/service1.php HTTP/1.1" 200 168
::1 - - [26/Jan/2025:11:23:21 +0100] "-" 408 -
::1 - - [26/Jan/2025:11:24:26 +0100] "GET /service1/service1.php HTTP/1.1" 200 168
::1 - - [26/Jan/2025:11:24:27 +0100] "GET /service2/service2.php HTTP/1.1" 200 168
::1 - - [26/Jan/2025:11:25:10 +0100] "GET /service2/service2.php HTTP/1.1" 200 168
::1 - - [26/Jan/2025:11:25:20 +0100] "GET /service1/service1.php HTTP/1.1" 200 168
::1 - - [26/Jan/2025:11:26:20 +0100] "-" 408 -
::1 - - [26/Jan/2025:11:27:34 +0100] "GET /service1/service1.php HTTP/1.1" 200 168
::1 - - [26/Jan/2025:11:27:49 +0100] "GET /service2/service2.php HTTP/1.1" 200 168
::1 - - [26/Jan/2025:11:27:52 +0100] "GET /service1/service1.php HTTP/1.1" 200 168
::1 - - [26/Jan/2025:11:28:49 +0100] "-" 408 -
::1 - - [26/Jan/2025:11:29:11 +0100] "GET /service1/service1.php HTTP/1.1" 200 168
::1 - - [26/Jan/2025:11:29:13 +0100] "GET /service2/service2.php HTTP/1.1" 200 168
::1 - - [26/Jan/2025:11:30:11 +0100] "-" 408 -
::1 - - [26/Jan/2025:11:32:26 +0100] "GET /service2/service2.php HTTP/1.1" 200 581
::1 - - [26/Jan/2025:11:33:14 +0100] "GET /service2/service2.php HTTP/1.1" 200 168
::1 - - [26/Jan/2025:11:33:27 +0100] "GET /service1/service1.php HTTP/1.1" 200 168
::1 - - [26/Jan/2025:11:33:35 +0100] "GET /service1/service1.php HTTP/1.1" 200 168
::1 - - [26/Jan/2025:11:33:37 +0100] "GET /service2/service2.php HTTP/1.1" 200 168
::1 - - [26/Jan/2025:11:33:58 +0100] "GET /service2/service2.php HTTP/1.1" 200 168
::1 - - [26/Jan/2025:11:34:58 +0100] "-" 408 -
::1 - - [26/Jan/2025:11:35:26 +0100] "GET /service1/service1.php HTTP/1.1" 200 168
::1 - - [26/Jan/2025:11:49:59 +0100] "GET /service1/service1.php HTTP/1.1" 200 168
::1 - - [26/Jan/2025:11:50:03 +0100] "GET /service2/service2.php HTTP/1.1" 200 168
::1 - - [26/Jan/2025:11:50:59 +0100] "-" 408 -
::1 - - [26/Jan/2025:11:54:03 +0100] "GET /service1/service1.php HTTP/1.1" 200 168
::1 - - [26/Jan/2025:11:54:05 +0100] "GET /service2/service2.php HTTP/1.1" 200 168
::1 - - [26/Jan/2025:11:55:03 +0100] "-" 408 -
::1 - - [26/Jan/2025:11:55:28 +0100] "GET /service1/service1.php HTTP/1.1" 200 168
::1 - - [26/Jan/2025:11:56:28 +0100] "-" 408 -
::1 - - [26/Jan/2025:11:56:52 +0100] "GET /service1/service1.php HTTP/1.1" 200 168
::1 - - [26/Jan/2025:11:56:53 +0100] "GET /favicon.ico HTTP/1.1" 404 196
::1 - - [26/Jan/2025:11:56:54 +0100] "GET /service2/service2.php HTTP/1.1" 200 168
::1 - - [26/Jan/2025:11:56:55 +0100] "GET /favicon.ico HTTP/1.1" 404 196
::1 - - [26/Jan/2025:11:57:52 +0100] "-" 408 -
::1 - - [26/Jan/2025:11:58:10 +0100] "GET /service1/service1.php HTTP/1.1" 200 168
::1 - - [26/Jan/2025:11:58:18 +0100] "GET /service2/service2.php HTTP/1.1" 200 168
::1 - - [26/Jan/2025:11:58:36 +0100] "GET /service2/service2.php HTTP/1.1" 200 168
::1 - - [26/Jan/2025:11:59:36 +0100] "-" 408 -
::1 - - [26/Jan/2025:12:20:04 +0100] "GET /service2/service2.php HTTP/1.1" 200 168
::1 - - [26/Jan/2025:12:20:07 +0100] "GET /service1/service1.php HTTP/1.1" 200 168
::1 - - [26/Jan/2025:12:20:11 +0100] "GET /service2/service2.php HTTP/1.1" 200 168
::1 - - [26/Jan/2025:12:21:04 +0100] "-" 408 -
::1 - - [26/Jan/2025:12:21:31 +0100] "GET /service2/service2.php HTTP/1.1" 200 168
::1 - - [26/Jan/2025:12:22:31 +0100] "-" 408 -
::1 - - [26/Jan/2025:12:37:32 +0100] "GET /service2/service2.php HTTP/1.1" 200 290
::1 - - [26/Jan/2025:12:37:40 +0100] "GET /service1/service1.php HTTP/1.1" 200 168
::1 - - [26/Jan/2025:12:37:43 +0100] "GET /service2/service2.php HTTP/1.1" 200 282
::1 - - [26/Jan/2025:12:37:48 +0100] "POST /service2/service2.php HTTP/1.1" 200 282
::1 - - [26/Jan/2025:12:38:48 +0100] "-" 408 -
::1 - - [26/Jan/2025:12:39:40 +0100] "GET /gadget.html HTTP/1.1" 404 196
::1 - - [26/Jan/2025:12:39:50 +0100] "GET /gadget.html HTTP/1.1" 200 163
::1 - - [26/Jan/2025:12:39:50 +0100] "GET /gadget.js HTTP/1.1" 200 943
::1 - - [26/Jan/2025:12:40:50 +0100] "-" 408 -
::1 - - [26/Jan/2025:12:50:42 +0100] "GET /service1/service1.php HTTP/1.1" 200 168
::1 - - [26/Jan/2025:12:50:43 +0100] "GET /service2/service2.php HTTP/1.1" 200 282
::1 - - [26/Jan/2025:12:50:45 +0100] "GET /gadget.html HTTP/1.1" 304 -
::1 - - [26/Jan/2025:12:50:45 +0100] "GET /gadget.js HTTP/1.1" 304 -
::1 - - [26/Jan/2025:12:51:42 +0100] "-" 408 -
::1 - - [26/Jan/2025:12:51:58 +0100] "GET /gadgetSendCookie.html HTTP/1.1" 200 173
::1 - - [26/Jan/2025:12:51:58 +0100] "GET /gadgetSendCookie.js HTTP/1.1" 200 342
::1 - - [26/Jan/2025:12:52:10 +0100] "GET /service1/service1.php HTTP/1.1" 200 168
::1 - - [26/Jan/2025:12:52:12 +0100] "GET /service2/service2.php HTTP/1.1" 200 282
::1 - - [26/Jan/2025:12:52:14 +0100] "GET /gadgetSendCookie.html HTTP/1.1" 304 -
::1 - - [26/Jan/2025:12:52:26 +0100] "GET /gadgetSendCookie.html HTTP/1.1" 304 -
::1 - - [26/Jan/2025:12:52:43 +0100] "GET /gadgetSendCookie.html HTTP/1.1" 304 -
::1 - - [26/Jan/2025:12:53:13 +0100] "GET /service1/service1.php HTTP/1.1" 200 168
::1 - - [26/Jan/2025:12:53:15 +0100] "GET /service2/service2.php HTTP/1.1" 200 282
::1 - - [26/Jan/2025:12:53:18 +0100] "GET /gadgetSendCookie.html HTTP/1.1" 304 -
::1 - - [26/Jan/2025:12:54:13 +0100] "-" 408 -
::1 - - [26/Jan/2025:12:55:24 +0100] "GET /gadgetSendCookie.html HTTP/1.1" 200 173
::1 - - [26/Jan/2025:12:55:24 +0100] "GET /gadgetSendCookie.js HTTP/1.1" 200 341
::1 - - [26/Jan/2025:12:55:24 +0100] "GET /favicon.ico HTTP/1.1" 404 196
::1 - - [26/Jan/2025:12:56:24 +0100] "-" 408 -
::1 - - [26/Jan/2025:13:02:39 +0100] "GET /service2.php HTTP/1.1" 200 282
::1 - - [26/Jan/2025:13:02:49 +0100] "GET /service1.php HTTP/1.1" 200 168
::1 - - [26/Jan/2025:13:02:59 +0100] "GET /service2.php HTTP/1.1" 200 282
::1 - - [26/Jan/2025:13:03:17 +0100] "GET /service2.php HTTP/1.1" 200 282
::1 - - [26/Jan/2025:13:03:19 +0100] "GET /service1.php HTTP/1.1" 200 168
::1 - - [26/Jan/2025:13:04:10 +0100] "GET /service1/service1.php HTTP/1.1" 200 168
::1 - - [26/Jan/2025:13:04:12 +0100] "GET /service2/service2.php HTTP/1.1" 200 282
::1 - - [26/Jan/2025:13:05:10 +0100] "-" 408 -
::1 - - [26/Jan/2025:13:05:57 +0100] "GET /service2/service2.php HTTP/1.1" 404 196
::1 - - [26/Jan/2025:13:05:59 +0100] "GET /service1/service1.php HTTP/1.1" 404 196
::1 - - [26/Jan/2025:13:06:05 +0100] "GET /service2.php HTTP/1.1" 200 282
::1 - - [26/Jan/2025:13:06:07 +0100] "GET /service1.php HTTP/1.1" 200 168
::1 - - [26/Jan/2025:13:06:13 +0100] "GET /service1.php HTTP/1.1" 200 168
::1 - - [26/Jan/2025:13:06:15 +0100] "GET /service2.php HTTP/1.1" 200 282
::1 - - [26/Jan/2025:13:06:17 +0100] "POST /service2.php HTTP/1.1" 200 282
::1 - - [26/Jan/2025:13:07:13 +0100] "-" 408 -
::1 - - [26/Jan/2025:13:09:28 +0100] "GET /gadgetDelete.html HTTP/1.1" 200 163
::1 - - [26/Jan/2025:13:09:28 +0100] "GET /gadget.js HTTP/1.1" 200 943
::1 - - [26/Jan/2025:13:09:47 +0100] "GET /gadgetDelete.html HTTP/1.1" 304 -
::1 - - [26/Jan/2025:13:09:52 +0100] "GET /gadgetDelete.html HTTP/1.1" 200 163
::1 - - [26/Jan/2025:13:09:52 +0100] "GET /gadget.js HTTP/1.1" 200 911
::1 - - [26/Jan/2025:13:09:53 +0100] "GET /favicon.ico HTTP/1.1" 404 196
::1 - - [26/Jan/2025:13:10:24 +0100] "GET /service1.php HTTP/1.1" 200 168
::1 - - [26/Jan/2025:13:10:32 +0100] "GET /gadgetDelete.html HTTP/1.1" 304 -
::1 - - [26/Jan/2025:13:10:32 +0100] "GET /gadget.js HTTP/1.1" 304 -
::1 - - [26/Jan/2025:13:11:01 +0100] "GET /service2.php HTTP/1.1" 200 508
::1 - - [26/Jan/2025:13:11:02 +0100] "GET /gadgetSendCookie.html HTTP/1.1" 200 173
::1 - - [26/Jan/2025:13:11:02 +0100] "GET /gadgetDelete.html HTTP/1.1" 200 163
::1 - - [26/Jan/2025:13:11:02 +0100] "GET /gadgetSendCookie.js HTTP/1.1" 304 -
::1 - - [26/Jan/2025:13:11:02 +0100] "GET /gadget.js HTTP/1.1" 304 -
::1 - - [26/Jan/2025:13:11:28 +0100] "GET /service2.php HTTP/1.1" 200 508
::1 - - [26/Jan/2025:13:11:29 +0100] "GET /gadget.js HTTP/1.1" 304 -
::1 - - [26/Jan/2025:13:11:43 +0100] "GET /service2.php HTTP/1.1" 200 508
::1 - - [26/Jan/2025:13:11:43 +0100] "GET /gadgetSendCookie.html HTTP/1.1" 200 173
::1 - - [26/Jan/2025:13:11:43 +0100] "GET /gadgetDelete.html HTTP/1.1" 200 163
::1 - - [26/Jan/2025:13:11:43 +0100] "GET /gadgetSendCookie.js HTTP/1.1" 200 342
::1 - - [26/Jan/2025:13:11:43 +0100] "GET /gadget.js HTTP/1.1" 200 911
::1 - - [26/Jan/2025:13:11:44 +0100] "GET /favicon.ico HTTP/1.1" 404 196
::1 - - [26/Jan/2025:13:11:57 +0100] "GET /service1.php HTTP/1.1" 200 168
::1 - - [26/Jan/2025:13:12:00 +0100] "GET /service2.php HTTP/1.1" 200 508
::1 - - [26/Jan/2025:13:12:00 +0100] "GET /gadgetSendCookie.js HTTP/1.1" 304 -
::1 - - [26/Jan/2025:13:12:00 +0100] "GET /gadget.js HTTP/1.1" 304 -
::1 - - [26/Jan/2025:13:12:57 +0100] "-" 408 -
::1 - - [26/Jan/2025:13:14:28 +0100] "GET /service2Send.php HTTP/1.1" 200 393
::1 - - [26/Jan/2025:13:14:29 +0100] "GET /gadgetDelete.html HTTP/1.1" 304 -
::1 - - [26/Jan/2025:13:14:29 +0100] "GET /gadget.js HTTP/1.1" 304 -
::1 - - [26/Jan/2025:13:15:28 +0100] "-" 408 -
::1 - - [26/Jan/2025:13:15:35 +0100] "GET /service1Send.php HTTP/1.1" 200 283
::1 - - [26/Jan/2025:13:15:36 +0100] "GET /gadgetSendCookie.html HTTP/1.1" 304 -
::1 - - [26/Jan/2025:13:15:36 +0100] "GET /gadgetSendCookie.js HTTP/1.1" 304 -
::1 - - [26/Jan/2025:13:15:47 +0100] "GET /service1.php HTTP/1.1" 200 168
::1 - - [26/Jan/2025:13:15:55 +0100] "GET /service1Send.php HTTP/1.1" 200 283
::1 - - [26/Jan/2025:13:16:07 +0100] "GET /service2.php HTTP/1.1" 200 282
::1 - - [26/Jan/2025:13:16:08 +0100] "GET /service2.php HTTP/1.1" 200 282
::1 - - [26/Jan/2025:13:16:12 +0100] "GET /service1Send.php HTTP/1.1" 200 283
::1 - - [26/Jan/2025:13:16:13 +0100] "GET /gadgetSendCookie.js HTTP/1.1" 304 -
::1 - - [26/Jan/2025:13:17:04 +0100] "-" 408 -
::1 - - [26/Jan/2025:13:18:54 +0100] "GET /service1.php HTTP/1.1" 200 168
::1 - - [26/Jan/2025:13:18:55 +0100] "GET /service2.php HTTP/1.1" 200 282
::1 - - [26/Jan/2025:13:19:15 +0100] "GET /service1Send.php HTTP/1.1" 200 283
::1 - - [26/Jan/2025:13:19:16 +0100] "GET /gadgetSendCookie.html HTTP/1.1" 304 -
::1 - - [26/Jan/2025:13:19:16 +0100] "GET /gadgetSendCookie.js HTTP/1.1" 304 -
::1 - - [26/Jan/2025:13:20:15 +0100] "-" 408 -
::1 - - [26/Jan/2025:13:21:15 +0100] "GET /service1.php HTTP/1.1" 200 168
::1 - - [26/Jan/2025:13:21:18 +0100] "GET /service2.php HTTP/1.1" 200 282
::1 - - [26/Jan/2025:13:21:32 +0100] "GET /service1Send.php HTTP/1.1" 200 283
::1 - - [26/Jan/2025:13:21:32 +0100] "GET /gadgetSendCookie.js HTTP/1.1" 304 -
::1 - - [26/Jan/2025:13:22:32 +0100] "-" 408 -
::1 - - [26/Jan/2025:13:26:47 +0100] "GET /service1Send.php HTTP/1.1" 200 363
::1 - - [26/Jan/2025:13:26:47 +0100] "GET /gadgetSendCookie.js HTTP/1.1" 200 342
::1 - - [26/Jan/2025:13:26:48 +0100] "GET /favicon.ico HTTP/1.1" 404 196
::1 - - [26/Jan/2025:13:27:47 +0100] "-" 408 -
::1 - - [26/Jan/2025:13:30:11 +0100] "GET /gadgetSendCookie.html HTTP/1.1" 304 -
::1 - - [26/Jan/2025:13:30:11 +0100] "GET /gadgetSendCookie.js HTTP/1.1" 304 -
::1 - - [26/Jan/2025:13:31:11 +0100] "-" 408 -
::1 - - [26/Jan/2025:13:32:22 +0100] "GET /service1Send.php HTTP/1.1" 200 363
::1 - - [26/Jan/2025:13:32:23 +0100] "GET /gadgetSendCookie.html HTTP/1.1" 304 -
::1 - - [26/Jan/2025:13:32:23 +0100] "GET /gadgetSendCookie.js HTTP/1.1" 304 -
::1 - - [26/Jan/2025:13:32:32 +0100] "GET /service1Send.php HTTP/1.1" 200 363
::1 - - [26/Jan/2025:13:32:33 +0100] "GET /gadgetSendCookie.html HTTP/1.1" 200 173
::1 - - [26/Jan/2025:13:32:33 +0100] "GET /gadgetSendCookie.js HTTP/1.1" 200 342
::1 - - [26/Jan/2025:13:32:34 +0100] "GET /favicon.ico HTTP/1.1" 404 196
::1 - - [26/Jan/2025:13:32:57 +0100] "GET /gadgetSendCookie.html HTTP/1.1" 304 -
::1 - - [26/Jan/2025:13:33:57 +0100] "-" 408 -
::1 - - [26/Jan/2025:13:35:11 +0100] "GET /service1.php HTTP/1.1" 200 168
::1 - - [26/Jan/2025:13:35:14 +0100] "GET /service2.php HTTP/1.1" 200 282
::1 - - [26/Jan/2025:13:35:45 +0100] "GET /gadgetSendCookie.html HTTP/1.1" 304 -
::1 - - [26/Jan/2025:13:35:45 +0100] "GET /gadgetSendCookie.js HTTP/1.1" 304 -
::1 - - [26/Jan/2025:13:36:44 +0100] "GET /service1Send.php HTTP/1.1" 200 363
::1 - - [26/Jan/2025:13:37:33 +0100] "GET /gadgetSendCookie.html HTTP/1.1" 200 173
::1 - - [26/Jan/2025:13:37:33 +0100] "GET /gadgetSendCookie.js HTTP/1.1" 200 247
::1 - - [26/Jan/2025:13:37:34 +0100] "GET /favicon.ico HTTP/1.1" 404 196
::1 - - [26/Jan/2025:13:38:33 +0100] "-" 408 -
::1 - - [26/Jan/2025:13:41:46 +0100] "GET / HTTP/1.1" 200 661
::1 - - [26/Jan/2025:13:41:47 +0100] "GET /favicon.ico HTTP/1.1" 404 196
::1 - - [26/Jan/2025:13:42:20 +0100] "GET /gadgetSendCookie.html HTTP/1.1" 304 -
::1 - - [26/Jan/2025:13:42:20 +0100] "GET /gadgetSendCookie.js HTTP/1.1" 200 252
::1 - - [26/Jan/2025:13:42:31 +0100] "GET /service1Send.php HTTP/1.1" 200 363
::1 - - [26/Jan/2025:13:42:31 +0100] "GET /gadgetSendCookie.js HTTP/1.1" 200 252
::1 - - [26/Jan/2025:13:42:46 +0100] "-" 408 -
::1 - - [26/Jan/2025:13:43:31 +0100] "-" 408 -
::1 - - [26/Jan/2025:13:43:34 +0100] "GET /service1Send.php HTTP/1.1" 200 363
::1 - - [26/Jan/2025:13:43:35 +0100] "GET /gadgetSendCookie.html HTTP/1.1" 200 173
::1 - - [26/Jan/2025:13:43:35 +0100] "GET /gadgetSendCookie.js HTTP/1.1" 200 252
::1 - - [26/Jan/2025:13:43:36 +0100] "GET /favicon.ico HTTP/1.1" 404 196
::1 - - [26/Jan/2025:13:44:34 +0100] "-" 408 -
::1 - - [26/Jan/2025:13:45:12 +0100] "GET /service2.php HTTP/1.1" 200 282
::1 - - [26/Jan/2025:13:45:14 +0100] "GET /service1.php HTTP/1.1" 200 168
::1 - - [26/Jan/2025:13:46:12 +0100] "-" 408 -
::1 - - [26/Jan/2025:13:48:24 +0100] "GET /gadgetSendCookie.html HTTP/1.1" 200 172
::1 - - [26/Jan/2025:13:49:23 +0100] "GET /service1.php HTTP/1.1" 200 168
::1 - - [26/Jan/2025:13:49:37 +0100] "GET /gadgetSendCookie.html HTTP/1.1" 304 -
::1 - - [26/Jan/2025:13:50:01 +0100] "GET /service1Send.php HTTP/1.1" 200 363
::1 - - [26/Jan/2025:13:50:02 +0100] "GET /gadgetSendCookie.html HTTP/1.1" 200 172
::1 - - [26/Jan/2025:13:51:01 +0100] "-" 408 -
::1 - - [26/Jan/2025:13:51:40 +0100] "GET /service1Send.php HTTP/1.1" 200 363
::1 - - [26/Jan/2025:13:51:40 +0100] "GET /gadgetSendCookie.html HTTP/1.1" 304 -
::1 - - [26/Jan/2025:13:51:56 +0100] "GET /service2.php HTTP/1.1" 200 282
::1 - - [26/Jan/2025:13:52:01 +0100] "GET /service1Send.php HTTP/1.1" 200 363
::1 - - [26/Jan/2025:13:52:01 +0100] "GET /gadgetSendCookie.html HTTP/1.1" 304 -
::1 - - [26/Jan/2025:13:52:20 +0100] "GET /service2.php HTTP/1.1" 200 282
::1 - - [26/Jan/2025:13:52:32 +0100] "GET /service1Send.php HTTP/1.1" 200 363
::1 - - [26/Jan/2025:13:52:32 +0100] "GET /gadgetSendCookie.html HTTP/1.1" 304 -
::1 - - [26/Jan/2025:13:53:21 +0100] "GET /gadgetSendCookie.html HTTP/1.1" 304 -
::1 - - [26/Jan/2025:13:54:21 +0100] "-" 408 -
::1 - - [26/Jan/2025:13:54:50 +0100] "GET /service1.php HTTP/1.1" 200 168
::1 - - [26/Jan/2025:13:54:52 +0100] "GET /service2.php HTTP/1.1" 200 282
::1 - - [26/Jan/2025:13:54:56 +0100] "GET /service1Send.php HTTP/1.1" 200 368
::1 - - [26/Jan/2025:13:55:08 +0100] "GET /service1Send.php HTTP/1.1" 200 358
::1 - - [26/Jan/2025:13:55:42 +0100] "GET /gadgetSendCookie.html HTTP/1.1" 304 -
::1 - - [26/Jan/2025:13:56:42 +0100] "-" 408 -
::1 - - [26/Jan/2025:13:58:14 +0100] "GET /gadgetSendCookie.html HTTP/1.1" 200 173
::1 - - [26/Jan/2025:13:58:14 +0100] "GET /gadgetSendCookie.js HTTP/1.1" 200 281
::1 - - [26/Jan/2025:13:59:14 +0100] "-" 408 -
::1 - - [26/Jan/2025:13:59:28 +0100] "GET /gadgetSendCookie.html HTTP/1.1" 304 -
::1 - - [26/Jan/2025:14:00:02 +0100] "GET /gadgetDelete.html HTTP/1.1" 304 -
::1 - - [26/Jan/2025:14:00:02 +0100] "GET /gadget.js HTTP/1.1" 304 -
::1 - - [26/Jan/2025:14:01:02 +0100] "-" 408 -
::1 - - [26/Jan/2025:14:01:59 +0100] "GET /service2.php HTTP/1.1" 200 282
::1 - - [26/Jan/2025:14:02:05 +0100] "GET /service2.php HTTP/1.1" 200 282
::1 - - [26/Jan/2025:14:03:05 +0100] "-" 408 -
::1 - - [26/Jan/2025:14:03:21 +0100] "GET /service1Send.php HTTP/1.1" 200 363
::1 - - [26/Jan/2025:14:03:21 +0100] "GET /gadgetSendCookie.html HTTP/1.1" 200 173
::1 - - [26/Jan/2025:14:03:22 +0100] "GET /gadgetSendCookie.js HTTP/1.1" 304 -
::1 - - [26/Jan/2025:14:03:56 +0100] "GET /service1Send.php HTTP/1.1" 200 363
::1 - - [26/Jan/2025:14:03:57 +0100] "GET /gadgetSendCookie.html HTTP/1.1" 304 -
::1 - - [26/Jan/2025:14:03:59 +0100] "GET /service2.php HTTP/1.1" 200 282
::1 - - [26/Jan/2025:14:04:01 +0100] "GET /service1Send.php HTTP/1.1" 200 363
::1 - - [26/Jan/2025:14:04:56 +0100] "-" 408 -
::1 - - [26/Jan/2025:14:09:12 +0100] "GET /gadgetFrame.html HTTP/1.1" 200 322
::1 - - [26/Jan/2025:14:09:13 +0100] "GET /gadgetSendCookie.html HTTP/1.1" 304 -
::1 - - [26/Jan/2025:14:09:13 +0100] "GET /gadgetSendCookie.js HTTP/1.1" 304 -
::1 - - [26/Jan/2025:14:10:12 +0100] "-" 408 -
::1 - - [26/Jan/2025:14:26:20 +0100] "GET /service1.php HTTP/1.1" 200 168
::1 - - [26/Jan/2025:14:26:28 +0100] "GET /service1.php HTTP/1.1" 200 168
::1 - - [26/Jan/2025:14:26:30 +0100] "GET /service2.php HTTP/1.1" 200 282
::1 - - [26/Jan/2025:14:26:36 +0100] "GET /gadgetSendCookie.html HTTP/1.1" 304 -
::1 - - [26/Jan/2025:14:26:36 +0100] "GET /gadgetSendCookie.js HTTP/1.1" 304 -
::1 - - [26/Jan/2025:14:26:56 +0100] "GET /gadgetFrame.html HTTP/1.1" 304 -
::1 - - [26/Jan/2025:14:26:56 +0100] "GET /gadgetSendCookie.html HTTP/1.1" 304 -
::1 - - [26/Jan/2025:14:27:51 +0100] "GET /gadgetSendCookie.html HTTP/1.1" 304 -
::1 - - [26/Jan/2025:14:28:51 +0100] "-" 408 -
::1 - - [26/Jan/2025:14:29:51 +0100] "-" 408 -
::1 - - [26/Jan/2025:14:29:51 +0100] "-" 408 -
::1 - - [26/Jan/2025:14:32:10 +0100] "GET /gadgetSendCookie.html HTTP/1.1" 200 173
::1 - - [26/Jan/2025:14:32:10 +0100] "GET /gadgetSendCookie.js HTTP/1.1" 200 281
::1 - - [26/Jan/2025:14:32:10 +0100] "GET /favicon.ico HTTP/1.1" 404 196
::1 - - [26/Jan/2025:14:33:10 +0100] "-" 408 -
::1 - - [26/Jan/2025:14:35:17 +0100] "GET /gadgetFrame.html HTTP/1.1" 200 322
::1 - - [26/Jan/2025:14:35:17 +0100] "GET /gadgetSendCookie.html HTTP/1.1" 200 173
::1 - - [26/Jan/2025:14:35:17 +0100] "GET /gadgetSendCookie.js HTTP/1.1" 200 281
::1 - - [26/Jan/2025:14:35:17 +0100] "GET /favicon.ico HTTP/1.1" 404 196
::1 - - [26/Jan/2025:14:35:28 +0100] "-" 408 -
::1 - - [26/Jan/2025:14:35:28 +0100] "-" 408 -
::1 - - [26/Jan/2025:14:35:30 +0100] "GET /gadgetFrame.html HTTP/1.1" 304 -
::1 - - [26/Jan/2025:14:35:45 +0100] "GET /service1.php HTTP/1.1" 200 168
::1 - - [26/Jan/2025:14:35:49 +0100] "GET /service2.php HTTP/1.1" 200 282
::1 - - [26/Jan/2025:14:36:45 +0100] "-" 408 -
::1 - - [26/Jan/2025:14:39:42 +0100] "GET /gadgetSendCookie.html HTTP/1.1" 304 -
::1 - - [26/Jan/2025:14:39:42 +0100] "GET /gadgetSendCookie.js HTTP/1.1" 200 282
::1 - - [26/Jan/2025:14:39:54 +0100] "GET /gadgetSendCookie.html HTTP/1.1" 304 -
::1 - - [26/Jan/2025:14:39:54 +0100] "GET /gadgetSendCookie.js HTTP/1.1" 304 -
::1 - - [26/Jan/2025:14:40:28 +0100] "GET /gadgetSendCookie.html HTTP/1.1" 304 -
::1 - - [26/Jan/2025:14:40:28 +0100] "GET /gadgetSendCookie.js HTTP/1.1" 200 281
::1 - - [26/Jan/2025:14:41:28 +0100] "-" 408 -
::1 - - [26/Jan/2025:14:44:55 +0100] "GET /favicon.ico HTTP/1.1" 404 196
::1 - - [26/Jan/2025:14:45:04 +0100] "GET /gadgetSendCookie.html HTTP/1.1" 304 -
::1 - - [26/Jan/2025:14:45:04 +0100] "GET /gadgetSendCookie.js HTTP/1.1" 304 -
::1 - - [26/Jan/2025:14:45:06 +0100] "GET /service2.php HTTP/1.1" 200 282
::1 - - [26/Jan/2025:14:45:07 +0100] "GET /service1.php HTTP/1.1" 200 168
::1 - - [26/Jan/2025:14:45:19 +0100] "GET /service2.php HTTP/1.1" 200 282
::1 - - [26/Jan/2025:14:45:22 +0100] "GET /gadgetSendCookie.html HTTP/1.1" 304 -
::1 - - [26/Jan/2025:14:45:27 +0100] "GET /gadgetSendCookie.html HTTP/1.1" 200 173
::1 - - [26/Jan/2025:14:45:27 +0100] "GET /gadgetSendCookie.js HTTP/1.1" 200 281
::1 - - [26/Jan/2025:14:45:27 +0100] "GET /favicon.ico HTTP/1.1" 404 196
::1 - - [26/Jan/2025:14:45:37 +0100] "GET /service1.php HTTP/1.1" 200 168
::1 - - [26/Jan/2025:14:45:38 +0100] "GET /service2.php HTTP/1.1" 200 282
::1 - - [26/Jan/2025:14:45:54 +0100] "GET /favicon.ico HTTP/1.1" 404 196
::1 - - [26/Jan/2025:14:46:00 +0100] "GET /service1.php HTTP/1.1" 200 168
::1 - - [26/Jan/2025:14:46:01 +0100] "GET /service2.php HTTP/1.1" 200 282
::1 - - [26/Jan/2025:14:46:04 +0100] "GET /gadgetFrame.html HTTP/1.1" 200 272
::1 - - [26/Jan/2025:14:46:04 +0100] "GET /gadgetSendCookie.html HTTP/1.1" 304 -
::1 - - [26/Jan/2025:14:46:04 +0100] "GET /gadgetSendCookie.js HTTP/1.1" 304 -
::1 - - [26/Jan/2025:14:46:07 +0100] "GET /gadgetSendCookie.html HTTP/1.1" 304 -
::1 - - [26/Jan/2025:14:46:07 +0100] "GET /gadgetSendCookie.js HTTP/1.1" 304 -
::1 - - [26/Jan/2025:14:46:26 +0100] "GET /favicon.ico HTTP/1.1" 404 196
::1 - - [26/Jan/2025:14:47:24 +0100] "-" 408 -
::1 - - [26/Jan/2025:14:47:50 +0100] "GET /service1.php HTTP/1.1" 200 168
::1 - - [26/Jan/2025:14:48:00 +0100] "GET /gadgetFrame.html HTTP/1.1" 304 -
::1 - - [26/Jan/2025:14:48:01 +0100] "GET /gadgetSendCookie.js HTTP/1.1" 304 -
::1 - - [26/Jan/2025:14:48:06 +0100] "GET /gadgetFrame.html HTTP/1.1" 304 -
::1 - - [26/Jan/2025:14:48:34 +0100] "GET /gadgetSendCookie.html HTTP/1.1" 304 -
::1 - - [26/Jan/2025:14:48:43 +0100] "GET /gadgetSendCookie.html HTTP/1.1" 200 173
::1 - - [26/Jan/2025:14:48:43 +0100] "GET /gadgetSendCookie.js HTTP/1.1" 200 283
::1 - - [26/Jan/2025:14:48:44 +0100] "GET /favicon.ico HTTP/1.1" 404 196
::1 - - [26/Jan/2025:14:49:43 +0100] "-" 408 -
::1 - - [26/Jan/2025:14:52:01 +0100] "GET /gadgetFrame.html HTTP/1.1" 304 -
::1 - - [26/Jan/2025:14:52:01 +0100] "GET /gadgetSendCookie.html HTTP/1.1" 304 -
::1 - - [26/Jan/2025:14:52:01 +0100] "GET /gadgetSendCookie.js HTTP/1.1" 200 281
::1 - - [26/Jan/2025:14:53:01 +0100] "-" 408 -
127.0.0.1 - - [26/Jan/2025:14:53:01 +0100] "-" 408 -
::1 - - [26/Jan/2025:14:58:45 +0100] "GET /gadgetFrame.html HTTP/1.1" 304 -
::1 - - [26/Jan/2025:14:58:45 +0100] "GET /gadgetSendCookie.html HTTP/1.1" 304 -
::1 - - [26/Jan/2025:14:58:45 +0100] "GET /gadgetSendCookie.js HTTP/1.1" 304 -
::1 - - [26/Jan/2025:14:59:45 +0100] "-" 408 -
::1 - - [26/Jan/2025:15:00:19 +0100] "GET /gadgetFrame.html HTTP/1.1" 304 -
::1 - - [26/Jan/2025:15:00:19 +0100] "GET /gadgetSendCookie.js HTTP/1.1" 200 260
::1 - - [26/Jan/2025:15:00:28 +0100] "GET /gadgetFrame.html HTTP/1.1" 304 -
::1 - - [26/Jan/2025:15:00:29 +0100] "GET /gadgetSendCookie.js HTTP/1.1" 304 -
::1 - - [26/Jan/2025:15:01:28 +0100] "-" 408 -
::1 - - [26/Jan/2025:15:01:32 +0100] "GET /service1.php HTTP/1.1" 200 168
::1 - - [26/Jan/2025:15:01:35 +0100] "GET /gadgetSendCookie.html HTTP/1.1" 304 -
::1 - - [26/Jan/2025:15:01:35 +0100] "GET /gadgetSendCookie.js HTTP/1.1" 200 260
::1 - - [26/Jan/2025:15:01:54 +0100] "GET /gadgetSendCookie.html HTTP/1.1" 304 -
::1 - - [26/Jan/2025:15:01:54 +0100] "GET /gadgetSendCookie.js HTTP/1.1" 200 281
::1 - - [26/Jan/2025:15:02:54 +0100] "-" 408 -
::1 - - [26/Jan/2025:15:06:01 +0100] "GET /service2.php HTTP/1.1" 200 282
::1 - - [26/Jan/2025:15:06:10 +0100] "GET /service2.php HTTP/1.1" 200 282
::1 - - [26/Jan/2025:15:06:37 +0100] "GET /service2.php HTTP/1.1" 200 282
::1 - - [26/Jan/2025:15:06:42 +0100] "GET /service2.php HTTP/1.1" 200 282
::1 - - [26/Jan/2025:15:07:14 +0100] "GET /gadgetSendCookie.html HTTP/1.1" 304 -
::1 - - [26/Jan/2025:15:07:14 +0100] "GET /gadgetSendCookie.js HTTP/1.1" 304 -
::1 - - [26/Jan/2025:15:08:14 +0100] "-" 408 -
::1 - - [26/Jan/2025:15:52:27 +0100] "GET /gadgetFrame.html HTTP/1.1" 304 -
::1 - - [26/Jan/2025:15:52:27 +0100] "GET /gadgetSendCookie.html HTTP/1.1" 304 -
::1 - - [26/Jan/2025:15:52:28 +0100] "GET /gadgetSendCookie.js HTTP/1.1" 304 -
::1 - - [26/Jan/2025:15:53:27 +0100] "-" 408 -
::1 - - [26/Jan/2025:16:05:37 +0100] "GET /gadgetSendCookie.html HTTP/1.1" 200 173
::1 - - [26/Jan/2025:16:05:37 +0100] "GET /gadgetSendCookie.js HTTP/1.1" 200 281
::1 - - [26/Jan/2025:16:05:44 +0100] "GET /gadgetSendCookie.html HTTP/1.1" 304 -
::1 - - [26/Jan/2025:16:05:53 +0100] "GET /service2.php HTTP/1.1" 200 282
::1 - - [26/Jan/2025:16:06:28 +0100] "GET /integrator.html HTTP/1.1" 404 196
::1 - - [26/Jan/2025:16:06:40 +0100] "GET /gadgetSendCookie.html HTTP/1.1" 304 -
::1 - - [26/Jan/2025:16:07:05 +0100] "GET /gadgetFrame.html HTTP/1.1" 200 272
::1 - - [26/Jan/2025:16:07:05 +0100] "GET /gadgetSendCookie.html HTTP/1.1" 200 173
::1 - - [26/Jan/2025:16:09:22 +0100] "GET /gadgetFrame.html HTTP/1.1" 304 -
127.0.0.1 - - [26/Jan/2025:16:17:30 +0100] "\x16\x03\x01\x07a\x01" 400 226
127.0.0.1 - - [26/Jan/2025:16:17:30 +0100] "\x16\x03\x01\x07a\x01" 400 226
127.0.0.1 - - [26/Jan/2025:16:17:30 +0100] "\x16\x03\x01\x02\x90\x01" 400 226
127.0.0.1 - - [26/Jan/2025:16:17:35 +0100] "GET /service2.php HTTP/1.1" 200 282
127.0.0.1 - - [26/Jan/2025:16:17:35 +0100] "GET /favicon.ico HTTP/1.1" 404 196
127.0.0.1 - - [26/Jan/2025:16:17:50 +0100] "GET /service2.php HTTP/1.1" 200 282
127.0.0.1 - - [26/Jan/2025:16:18:14 +0100] "GET /gadgetSend.php HTTP/1.1" 404 196
127.0.0.1 - - [26/Jan/2025:16:18:31 +0100] "GET /gadgetSendCookie.php HTTP/1.1" 404 196
127.0.0.1 - - [26/Jan/2025:16:18:38 +0100] "GET /gadgetSendCookie.html HTTP/1.1" 200 175
127.0.0.1 - - [26/Jan/2025:16:19:00 +0100] "GET /gadgetSendCookie.html HTTP/1.1" 304 -
127.0.0.1 - - [26/Jan/2025:16:19:09 +0100] "GET /gadgetSendCookie.html HTTP/1.1" 200 175
127.0.0.1 - - [26/Jan/2025:16:19:22 +0100] "GET /gadgetSendCookie.html HTTP/1.1" 304 -
127.0.0.1 - - [26/Jan/2025:16:19:30 +0100] "GET /favicon.ico HTTP/1.1" 404 196
127.0.0.1 - - [26/Jan/2025:16:20:08 +0100] "GET /gadgetSendCookie.html HTTP/1.1" 304 -
127.0.0.1 - - [26/Jan/2025:16:20:28 +0100] "GET /service1.php HTTP/1.1" 200 168
127.0.0.1 - - [26/Jan/2025:16:20:32 +0100] "GET /service2.php HTTP/1.1" 200 282
127.0.0.1 - - [26/Jan/2025:16:20:45 +0100] "GET /gadgetFrame.html HTTP/1.1" 200 272
::1 - - [26/Jan/2025:16:20:45 +0100] "GET /gadgetSendCookie.html HTTP/1.1" 200 175
127.0.0.1 - - [26/Jan/2025:16:21:11 +0100] "GET /gadgetFrame.html HTTP/1.1" 304 -
::1 - - [26/Jan/2025:16:21:11 +0100] "GET /gadgetSendCookie.html HTTP/1.1" 200 177
127.0.0.1 - - [26/Jan/2025:16:21:11 +0100] "GET /gadgetSendCookie.js HTTP/1.1" 200 281
127.0.0.1 - - [26/Jan/2025:16:21:19 +0100] "GET /gadgetFrame.html HTTP/1.1" 304 -
::1 - - [26/Jan/2025:16:21:19 +0100] "GET /gadgetSendCookie.html HTTP/1.1" 304 -
127.0.0.1 - - [26/Jan/2025:16:21:19 +0100] "GET /gadgetSendCookie.js HTTP/1.1" 304 -
127.0.0.1 - - [26/Jan/2025:16:21:34 +0100] "GET /gadgetFrame.html HTTP/1.1" 304 -
::1 - - [26/Jan/2025:16:21:34 +0100] "GET /gadgetSendCookie.html HTTP/1.1" 304 -
127.0.0.1 - - [26/Jan/2025:16:21:34 +0100] "GET /gadgetSendCookie.js HTTP/1.1" 304 -
127.0.0.1 - - [26/Jan/2025:16:21:41 +0100] "GET /service1.php HTTP/1.1" 200 168
127.0.0.1 - - [26/Jan/2025:16:22:46 +0100] "GET /gadgetSendCookie.html HTTP/1.1" 200 177
127.0.0.1 - - [26/Jan/2025:16:22:46 +0100] "GET /gadgetSendCookie.js HTTP/1.1" 200 281
127.0.0.1 - - [26/Jan/2025:16:24:15 +0100] "GET /service1.php HTTP/1.1" 200 168
127.0.0.1 - - [26/Jan/2025:16:24:34 +0100] "GET /gadgetSendCookie.html HTTP/1.1" 200 177
127.0.0.1 - - [26/Jan/2025:16:24:34 +0100] "GET /gadgetSendCookie.js HTTP/1.1" 200 281
127.0.0.1 - - [26/Jan/2025:16:24:54 +0100] "GET /gadgetSendCookie.html HTTP/1.1" 304 -
::1 - - [26/Jan/2025:16:25:05 +0100] "GET /service2.php HTTP/1.1" 200 282
127.0.0.1 - - [26/Jan/2025:16:25:09 +0100] "GET /gadgetSendCookie.html HTTP/1.1" 304 -
127.0.0.1 - - [26/Jan/2025:16:25:09 +0100] "GET /gadgetSendCookie.js HTTP/1.1" 304 -
127.0.0.1 - - [26/Jan/2025:16:25:22 +0100] "GET /service1.php HTTP/1.1" 200 168
127.0.0.1 - - [26/Jan/2025:16:25:25 +0100] "GET /service2.php HTTP/1.1" 200 282
127.0.0.1 - - [26/Jan/2025:16:25:31 +0100] "GET /gadgetSendCookie.html HTTP/1.1" 304 -
::1 - - [26/Jan/2025:16:26:05 +0100] "-" 408 -
127.0.0.1 - - [26/Jan/2025:16:26:31 +0100] "-" 408 -
127.0.0.1 - - [26/Jan/2025:16:27:58 +0100] "GET /service2.php HTTP/1.1" 200 282
127.0.0.1 - - [26/Jan/2025:16:28:10 +0100] "GET /service2.php HTTP/1.1" 200 282
127.0.0.1 - - [26/Jan/2025:16:28:21 +0100] "GET /service2.php HTTP/1.1" 200 282
127.0.0.1 - - [26/Jan/2025:16:28:21 +0100] "GET /favicon.ico HTTP/1.1" 404 196
127.0.0.1 - - [26/Jan/2025:16:29:07 +0100] "GET /service2.php HTTP/1.1" 200 282
127.0.0.1 - - [26/Jan/2025:16:29:13 +0100] "GET /service2.php HTTP/1.1" 200 282
127.0.0.1 - - [26/Jan/2025:16:29:54 +0100] "GET /service2.php HTTP/1.1" 200 282
127.0.0.1 - - [26/Jan/2025:16:29:58 +0100] "GET /service2.phphttp://mon-site.test:8080/service2.php HTTP/1.1" 403 199
127.0.0.1 - - [26/Jan/2025:16:30:01 +0100] "GET /service2.php HTTP/1.1" 200 282
127.0.0.1 - - [26/Jan/2025:16:31:01 +0100] "-" 408 -
127.0.0.1 - - [26/Jan/2025:16:31:05 +0100] "GET /service2.php HTTP/1.1" 200 282
127.0.0.1 - - [26/Jan/2025:16:31:07 +0100] "GET /service2.php HTTP/1.1" 200 282
127.0.0.1 - - [26/Jan/2025:16:31:09 +0100] "GET /service2.php HTTP/1.1" 200 282
127.0.0.1 - - [26/Jan/2025:16:31:10 +0100] "GET /favicon.ico HTTP/1.1" 404 196
127.0.0.1 - - [26/Jan/2025:16:31:23 +0100] "GET /service2.php HTTP/1.1" 200 282
127.0.0.1 - - [26/Jan/2025:16:32:23 +0100] "-" 408 -
127.0.0.1 - - [26/Jan/2025:16:32:27 +0100] "GET /gadgetSendCookie.html HTTP/1.1" 304 -
127.0.0.1 - - [26/Jan/2025:16:32:27 +0100] "GET /gadgetSendCookie.js HTTP/1.1" 304 -
127.0.0.1 - - [27/Jan/2025:16:17:55 +0100] "\x16\x03\x01\x06\xb4\x01" 400 226
127.0.0.1 - - [27/Jan/2025:16:17:55 +0100] "\x16\x03\x01\x06\xd4\x01" 400 226
127.0.0.1 - - [27/Jan/2025:16:17:55 +0100] "GET /service1.php HTTP/1.1" 200 168
127.0.0.1 - - [27/Jan/2025:16:17:57 +0100] "GET /favicon.ico HTTP/1.1" 404 196
127.0.0.1 - - [27/Jan/2025:16:18:02 +0100] "\x16\x03\x01\x07\x14\x01" 400 226
127.0.0.1 - - [27/Jan/2025:16:18:02 +0100] "\x16\x03\x01\x06\xd4\x01" 400 226
127.0.0.1 - - [27/Jan/2025:16:18:02 +0100] "GET /service2.php HTTP/1.1" 200 282
127.0.0.1 - - [27/Jan/2025:16:18:29 +0100] "GET /gadgetSendCookie.html HTTP/1.1" 200 177
127.0.0.1 - - [27/Jan/2025:16:18:55 +0100] "GET /gadgetSendCookie.html HTTP/1.1" 304 -
127.0.0.1 - - [27/Jan/2025:16:19:12 +0100] "GET /gadgetSendCookie.js HTTP/1.1" 200 274
127.0.0.1 - - [27/Jan/2025:16:19:28 +0100] "GET /gadgetSendCookie.html HTTP/1.1" 200 177
127.0.0.1 - - [27/Jan/2025:16:19:29 +0100] "GET /favicon.ico HTTP/1.1" 404 196
127.0.0.1 - - [27/Jan/2025:16:19:54 +0100] "GET /gadgetSendCookie.html HTTP/1.1" 200 175
127.0.0.1 - - [27/Jan/2025:16:19:54 +0100] "GET /gadgetSendCookie.js HTTP/1.1" 304 -
127.0.0.1 - - [27/Jan/2025:16:20:54 +0100] "-" 408 -
127.0.0.1 - - [27/Jan/2025:16:22:22 +0100] "GET /gadgetSendCookie.html HTTP/1.1" 200 175
127.0.0.1 - - [27/Jan/2025:16:22:22 +0100] "GET /gadgetSendCookie.js HTTP/1.1" 200 275
127.0.0.1 - - [27/Jan/2025:16:26:31 +0100] "GET /service1.php HTTP/1.1" 200 168
127.0.0.1 - - [27/Jan/2025:16:26:38 +0100] "GET /service2.php HTTP/1.1" 200 282
127.0.0.1 - - [27/Jan/2025:16:27:18 +0100] "GET /service2.php HTTP/1.1" 200 282
127.0.0.1 - - [27/Jan/2025:16:27:20 +0100] "GET /service2.php HTTP/1.1" 200 282
127.0.0.1 - - [27/Jan/2025:16:27:21 +0100] "GET /favicon.ico HTTP/1.1" 404 196
127.0.0.1 - - [27/Jan/2025:16:27:24 +0100] "GET /service2.php HTTP/1.1" 200 282
127.0.0.1 - - [27/Jan/2025:16:27:25 +0100] "GET /favicon.ico HTTP/1.1" 404 196
127.0.0.1 - - [27/Jan/2025:16:28:18 +0100] "-" 408 -
127.0.0.1 - - [27/Jan/2025:16:32:50 +0100] "GET /service2.php HTTP/1.1" 200 282
127.0.0.1 - - [27/Jan/2025:16:33:09 +0100] "GET /gadgetSendCookie.html HTTP/1.1" 304 -
127.0.0.1 - - [27/Jan/2025:16:33:09 +0100] "GET /gadgetSendCookie.js HTTP/1.1" 304 -
127.0.0.1 - - [27/Jan/2025:16:34:09 +0100] "-" 408 -
127.0.0.1 - - [27/Jan/2025:16:53:52 +0100] "GET / HTTP/1.0" 400 362
127.0.0.1 - - [27/Jan/2025:16:53:53 +0100] "GET / HTTP/1.0" 400 362
127.0.0.1 - - [27/Jan/2025:16:53:59 +0100] "GET /service2.php HTTP/1.1" 200 282
127.0.0.1 - - [27/Jan/2025:16:54:00 +0100] "GET /favicon.ico HTTP/1.1" 404 196
127.0.0.1 - - [27/Jan/2025:16:54:14 +0100] "GET /gadgetSendCookie.html HTTP/1.1" 200 175
127.0.0.1 - - [27/Jan/2025:16:54:52 +0100] "GET /gadgetSendCookie.html HTTP/1.1" 304 -
127.0.0.1 - - [27/Jan/2025:16:54:52 +0100] "-" 408 -
127.0.0.1 - - [27/Jan/2025:16:55:03 +0100] "GET /gadgetSendCookie.html HTTP/1.1" 200 171
127.0.0.1 - - [27/Jan/2025:16:55:03 +0100] "GET /gadgetSendCookie.js HTTP/1.1" 200 275
127.0.0.1 - - [27/Jan/2025:16:56:03 +0100] "-" 408 -
127.0.0.1 - - [27/Jan/2025:16:56:13 +0100] "-" 408 -
127.0.0.1 - - [27/Jan/2025:16:57:23 +0100] "GET /gadgetSendCookie.html HTTP/1.1" 304 -
127.0.0.1 - - [27/Jan/2025:16:58:23 +0100] "-" 408 -
127.0.0.1 - - [27/Jan/2025:16:59:26 +0100] "GET /gadgetSendCookie.html HTTP/1.1" 304 -
127.0.0.1 - - [27/Jan/2025:16:59:26 +0100] "GET /gadgetSendCookie.js HTTP/1.1" 200 271
127.0.0.1 - - [27/Jan/2025:16:59:50 +0100] "GET /gadgetSendCookie.html HTTP/1.1" 304 -
127.0.0.1 - - [27/Jan/2025:16:59:50 +0100] "GET /gadgetSendCookie.js HTTP/1.1" 304 -
127.0.0.1 - - [27/Jan/2025:17:00:50 +0100] "-" 408 -
127.0.0.1 - - [27/Jan/2025:17:01:15 +0100] "GET /gadgetSendCookie.html HTTP/1.1" 304 -
127.0.0.1 - - [27/Jan/2025:17:01:15 +0100] "GET /gadgetSendCookie.js HTTP/1.1" 304 -
127.0.0.1 - - [27/Jan/2025:17:02:15 +0100] "-" 408 -
127.0.0.1 - - [27/Jan/2025:17:02:45 +0100] "GET /gadgetSendCookie.html HTTP/1.1" 304 -
127.0.0.1 - - [27/Jan/2025:17:02:45 +0100] "GET /gadgetSendCookie.js HTTP/1.1" 304 -
127.0.0.1 - - [27/Jan/2025:17:03:28 +0100] "GET /gadgetSendCookie.html HTTP/1.1" 304 -
127.0.0.1 - - [27/Jan/2025:17:03:28 +0100] "GET /gadgetSendCookie.js HTTP/1.1" 200 276
127.0.0.1 - - [27/Jan/2025:17:04:06 +0100] "GET /service2.php HTTP/1.1" 200 282
127.0.0.1 - - [27/Jan/2025:17:04:21 +0100] "GET /gadgetSendCookie.html HTTP/1.1" 304 -
127.0.0.1 - - [27/Jan/2025:17:04:21 +0100] "GET /gadgetSendCookie.js HTTP/1.1" 304 -
127.0.0.1 - - [27/Jan/2025:17:05:21 +0100] "-" 408 -
127.0.0.1 - - [27/Jan/2025:17:06:10 +0100] "GET /service2.php HTTP/1.1" 200 282
127.0.0.1 - - [27/Jan/2025:17:06:19 +0100] "GET /service2.php HTTP/1.1" 200 282
127.0.0.1 - - [27/Jan/2025:17:06:37 +0100] "GET /gadgetSendCookie.html HTTP/1.1" 304 -
127.0.0.1 - - [27/Jan/2025:17:06:37 +0100] "GET /gadgetSendCookie.js HTTP/1.1" 304 -
127.0.0.1 - - [27/Jan/2025:17:07:37 +0100] "-" 408 -
127.0.0.1 - - [27/Jan/2025:17:07:57 +0100] "GET /gadgetSendCookie.html HTTP/1.1" 304 -
127.0.0.1 - - [27/Jan/2025:17:07:57 +0100] "GET /gadgetSendCookie.js HTTP/1.1" 304 -
127.0.0.1 - - [27/Jan/2025:17:08:20 +0100] "GET /gadgetSendCookie.html HTTP/1.1" 304 -
127.0.0.1 - - [27/Jan/2025:17:09:13 +0100] "GET /gadgetSendCookie.html HTTP/1.1" 304 -
127.0.0.1 - - [27/Jan/2025:17:09:13 +0100] "GET /gadgetSendCookie.js HTTP/1.1" 304 -
127.0.0.1 - - [27/Jan/2025:17:09:53 +0100] "GET /gadgetSendCookie.html HTTP/1.1" 304 -
127.0.0.1 - - [27/Jan/2025:17:09:53 +0100] "GET /gadgetSendCookie.js HTTP/1.1" 304 -
127.0.0.1 - - [27/Jan/2025:17:10:14 +0100] "GET /service2.php HTTP/1.1" 200 282
127.0.0.1 - - [27/Jan/2025:17:10:21 +0100] "GET /gadgetSendCookie.html HTTP/1.1" 304 -
127.0.0.1 - - [27/Jan/2025:17:11:21 +0100] "-" 408 -
127.0.0.1 - - [27/Jan/2025:17:11:44 +0100] "GET /service2.php HTTP/1.1" 200 282
127.0.0.1 - - [27/Jan/2025:17:11:54 +0100] "GET /gadgetSendCookie.html HTTP/1.1" 304 -
127.0.0.1 - - [27/Jan/2025:17:11:54 +0100] "GET /gadgetSendCookie.js HTTP/1.1" 304 -
127.0.0.1 - - [27/Jan/2025:17:11:56 +0100] "GET /service2.php HTTP/1.1" 200 282
127.0.0.1 - - [27/Jan/2025:17:11:58 +0100] "GET /gadgetSendCookie.html HTTP/1.1" 304 -
127.0.0.1 - - [27/Jan/2025:17:12:54 +0100] "-" 408 -
127.0.0.1 - - [27/Jan/2025:17:13:28 +0100] "GET /service2.php HTTP/1.1" 200 282
127.0.0.1 - - [27/Jan/2025:17:13:52 +0100] "GET /gadgetSendCookie.html HTTP/1.1" 304 -
127.0.0.1 - - [27/Jan/2025:17:13:52 +0100] "GET /gadgetSendCookie.js HTTP/1.1" 304 -
127.0.0.1 - - [27/Jan/2025:17:14:42 +0100] "GET /service2.php HTTP/1.1" 200 282
127.0.0.1 - - [27/Jan/2025:17:14:45 +0100] "GET /gadgetSendCookie.html HTTP/1.1" 304 -
127.0.0.1 - - [27/Jan/2025:17:14:52 +0100] "GET /gadgetSendCookie.html HTTP/1.1" 304 -
127.0.0.1 - - [27/Jan/2025:17:15:52 +0100] "-" 408 -
127.0.0.1 - - [27/Jan/2025:17:33:26 +0100] "GET /gadgetSendCookie.html HTTP/1.1" 304 -
127.0.0.1 - - [27/Jan/2025:17:33:32 +0100] "GET /gadgetSendCookie.html HTTP/1.1" 304 -
127.0.0.1 - - [27/Jan/2025:17:33:32 +0100] "GET /gadgetSendCookie.js HTTP/1.1" 304 -
127.0.0.1 - - [27/Jan/2025:17:34:32 +0100] "-" 408 -
127.0.0.1 - - [27/Jan/2025:17:39:00 +0100] "GET /gadgetFrame.html HTTP/1.1" 200 270
127.0.0.1 - - [27/Jan/2025:17:39:01 +0100] "GET /gadgetSendCookie.html HTTP/1.1" 200 171
127.0.0.1 - - [27/Jan/2025:17:39:01 +0100] "GET /gadgetSendCookie.js HTTP/1.1" 304 -
127.0.0.1 - - [27/Jan/2025:17:39:06 +0100] "GET /gadgetFrame.html HTTP/1.1" 304 -
127.0.0.1 - - [27/Jan/2025:17:40:00 +0100] "-" 408 -
127.0.0.1 - - [27/Jan/2025:17:41:56 +0100] "GET /gadgetFrame.html HTTP/1.1" 304 -
127.0.0.1 - - [27/Jan/2025:17:42:56 +0100] "-" 408 -
