::1 - - [10/Dec/2024:09:30:30 +0100] "GET / HTTP/1.1" 200 46
::1 - - [10/Dec/2024:09:30:31 +0100] "GET /favicon.ico HTTP/1.1" 404 196
::1 - - [10/Dec/2024:09:31:30 +0100] "-" 408 -
::1 - - [10/Dec/2024:09:32:31 +0100] "GET /guestbook.php HTTP/1.1" 200 1009
::1 - - [10/Dec/2024:09:32:53 +0100] "GET /guestbook.php HTTP/1.1" 200 788
::1 - - [10/Dec/2024:09:33:15 +0100] "GET /guestbookleavemessage.php?message=Test HTTP/1.1" 200 30
::1 - - [10/Dec/2024:09:34:52 +0100] "GET /guestbookleavemessage.php?message=%3Cscript%3Ealert(%27xss%27)%3C/script%3E HTTP/1.1" 200 63
::1 - - [10/Dec/2024:09:34:55 +0100] "GET /guestbook.php HTTP/1.1" 200 829
::1 - - [10/Dec/2024:09:34:57 +0100] "GET /guestbook.php HTTP/1.1" 200 829
::1 - - [10/Dec/2024:09:35:05 +0100] "GET /guestbook.php HTTP/1.1" 200 771
::1 - - [10/Dec/2024:09:36:05 +0100] "-" 408 -
::1 - - [10/Dec/2024:09:45:44 +0100] "GET /guestbookleavemessage.php?message=Mettre%20%3Cscript%3Ealert(%27xss%27)%3C/script%3E%20en%20message HTTP/1.1" 200 56
::1 - - [10/Dec/2024:09:46:05 +0100] "GET /guestbook.php HTTP/1.1" 200 822
::1 - - [10/Dec/2024:09:46:08 +0100] "GET /guestbook.php HTTP/1.1" 200 822
::1 - - [10/Dec/2024:09:46:20 +0100] "GET /guestbook.php HTTP/1.1" 200 771
::1 - - [10/Dec/2024:09:46:22 +0100] "GET /guestbook.php HTTP/1.1" 200 771
::1 - - [10/Dec/2024:09:47:20 +0100] "-" 408 -
::1 - - [10/Dec/2024:09:49:54 +0100] "GET /guestbook.php HTTP/1.1" 200 771
::1 - - [10/Dec/2024:09:50:02 +0100] "GET /guestbook.php HTTP/1.1" 200 771
::1 - - [10/Dec/2024:09:50:06 +0100] "GET /guestbook.php HTTP/1.1" 200 771
::1 - - [10/Dec/2024:09:51:02 +0100] "-" 408 -
::1 - - [10/Dec/2024:09:51:10 +0100] "GET /guestbook.php HTTP/1.1" 200 771
::1 - - [10/Dec/2024:10:43:34 +0100] "GET /guestbook.php HTTP/1.1" 200 771
::1 - - [10/Dec/2024:10:43:47 +0100] "GET /guestbook.php HTTP/1.1" 200 773
::1 - - [10/Dec/2024:10:44:29 +0100] "GET /guestbook.php HTTP/1.1" 200 773
::1 - - [10/Dec/2024:10:45:15 +0100] "GET /guestbook.php HTTP/1.1" 200 773
::1 - - [10/Dec/2024:10:45:47 +0100] "GET /guestbook.php HTTP/1.1" 200 773
::1 - - [10/Dec/2024:10:46:01 +0100] "GET /guestbook.php HTTP/1.1" 200 773
::1 - - [10/Dec/2024:10:46:03 +0100] "GET /guestbookleavemessage.php?message=sqdqs HTTP/1.1" 200 16
::1 - - [10/Dec/2024:10:46:08 +0100] "GET /guestbook.php HTTP/1.1" 200 782
::1 - - [10/Dec/2024:10:46:15 +0100] "-" 408 -
::1 - - [10/Dec/2024:10:46:29 +0100] "GET /tp2/mycode/guestbook_csp_header.php HTTP/1.1" 404 196
::1 - - [10/Dec/2024:10:46:57 +0100] "GET /guestbook.php HTTP/1.1" 200 782
::1 - - [10/Dec/2024:10:47:33 +0100] "GET /guestbook.php HTTP/1.1" 200 782
::1 - - [10/Dec/2024:10:47:57 +0100] "-" 408 -
::1 - - [10/Dec/2024:10:48:16 +0100] "GET /guestbook.php HTTP/1.1" 200 782
::1 - - [10/Dec/2024:10:48:20 +0100] "GET /guestbook.php HTTP/1.1" 200 782
::1 - - [10/Dec/2024:10:49:16 +0100] "-" 408 -
::1 - - [10/Dec/2024:10:49:16 +0100] "GET /guestbook.php HTTP/1.1" 200 782
::1 - - [10/Dec/2024:10:49:26 +0100] "GET /guestbook.php HTTP/1.1" 200 782
::1 - - [10/Dec/2024:10:50:26 +0100] "-" 408 -
::1 - - [10/Dec/2024:10:52:24 +0100] "GET /guestbook.php HTTP/1.1" 200 782
::1 - - [10/Dec/2024:10:52:25 +0100] "GET /guestbook.php HTTP/1.1" 200 782
::1 - - [10/Dec/2024:10:53:25 +0100] "GET /guestbook.php HTTP/1.1" 200 782
::1 - - [10/Dec/2024:10:54:25 +0100] "-" 408 -
127.0.0.1 - - [10/Dec/2024:10:54:42 +0100] "GET /guestbook.php HTTP/1.1" 200 782
127.0.0.1 - - [10/Dec/2024:10:54:42 +0100] "GET /favicon.ico HTTP/1.1" 404 196
127.0.0.1 - - [10/Dec/2024:10:55:32 +0100] "GET /guestbook.php HTTP/1.1" 200 782
::1 - - [10/Dec/2024:10:55:38 +0100] "GET /guestbook.php HTTP/1.1" 200 782
::1 - - [10/Dec/2024:10:56:38 +0100] "-" 408 -
::1 - - [10/Dec/2024:10:56:49 +0100] "GET /guestbook.php HTTP/1.1" 200 316
::1 - - [10/Dec/2024:10:56:49 +0100] "GET /mon_script.js HTTP/1.1" 404 196
::1 - - [10/Dec/2024:10:57:14 +0100] "GET /guestbook.php HTTP/1.1" 200 320
::1 - - [10/Dec/2024:10:57:14 +0100] "GET /scriptgustbook.js HTTP/1.1" 200 463
::1 - - [10/Dec/2024:10:57:57 +0100] "GET /guestbook.php HTTP/1.1" 200 782
::1 - - [10/Dec/2024:10:58:13 +0100] "GET /guestbook.php HTTP/1.1" 200 782
::1 - - [10/Dec/2024:10:58:21 +0100] "GET /guestbook.php HTTP/1.1" 200 782
::1 - - [10/Dec/2024:10:59:13 +0100] "-" 408 -
::1 - - [10/Dec/2024:11:03:22 +0100] "GET /guestbook.php HTTP/1.1" 200 316
::1 - - [10/Dec/2024:11:03:22 +0100] "GET /scriptgustbook.js HTTP/1.1" 200 463
::1 - - [10/Dec/2024:11:04:22 +0100] "-" 408 -
::1 - - [10/Dec/2024:11:04:25 +0100] "GET /guestbook.php HTTP/1.1" 200 314
::1 - - [10/Dec/2024:11:04:25 +0100] "GET /scriptgustbook.js HTTP/1.1" 200 537
::1 - - [10/Dec/2024:11:05:05 +0100] "GET /guestbook.php HTTP/1.1" 200 314
::1 - - [10/Dec/2024:11:05:05 +0100] "GET /scriptgustbook.js HTTP/1.1" 304 -
::1 - - [10/Dec/2024:11:05:53 +0100] "GET /guestbook.php HTTP/1.1" 200 313
::1 - - [10/Dec/2024:11:05:53 +0100] "GET /scriptgustbook.js HTTP/1.1" 304 -
::1 - - [10/Dec/2024:11:05:55 +0100] "GET /guestbookleavemessage.php?message=dsfdsf HTTP/1.1" 200 26
::1 - - [10/Dec/2024:11:05:59 +0100] "GET /guestbookleavemessage.php?message=dvssvdsdv HTTP/1.1" 200 39
::1 - - [10/Dec/2024:11:06:01 +0100] "GET /guestbookleavemessage.php?message=dvssvdsdvqdfsdsf HTTP/1.1" 200 59
::1 - - [10/Dec/2024:11:06:13 +0100] "GET /guestbookleavemessage.php?message=%3Cscript%3Ealert(%27xss%27)%3C/script%3E HTTP/1.1" 200 92
::1 - - [10/Dec/2024:11:06:14 +0100] "GET /guestbook.php HTTP/1.1" 200 389
::1 - - [10/Dec/2024:11:06:14 +0100] "GET /scriptgustbook.js HTTP/1.1" 304 -
::1 - - [10/Dec/2024:11:06:17 +0100] "GET /guestbookleavemessage.php?message=dsdsfdsf HTTP/1.1" 200 104
::1 - - [10/Dec/2024:11:06:18 +0100] "GET /guestbookleavemessage.php?message=dsdsfdsfsdfsd HTTP/1.1" 200 121
::1 - - [10/Dec/2024:11:06:19 +0100] "GET /guestbook.php HTTP/1.1" 200 418
::1 - - [10/Dec/2024:11:06:44 +0100] "GET /xssme.php HTTP/1.1" 200 1894
::1 - - [10/Dec/2024:11:06:44 +0100] "GET /%3Cbr HTTP/1.1" 403 199
::1 - - [10/Dec/2024:11:06:44 +0100] "GET /1 HTTP/1.1" 404 196
::1 - - [10/Dec/2024:11:08:25 +0100] "GET /tp2/ressources/xssme.php?htmlcontext=%3Cscript%3Ealert(%22xss%22)%3C/script%3E HTTP/1.1" 404 196
::1 - - [10/Dec/2024:11:09:11 +0100] "GET /xssme.php?htmlcontext=%3Cscript%3Ealert(%22xss%22)%3C/script%3E HTTP/1.1" 200 1732
::1 - - [10/Dec/2024:11:09:11 +0100] "GET /%3Cbr HTTP/1.1" 403 199
::1 - - [10/Dec/2024:11:09:11 +0100] "GET /1 HTTP/1.1" 404 196
::1 - - [10/Dec/2024:11:09:53 +0100] "GET /xssme.php?htmlcontext=%3Cscript%3Ealert(%27xss%27);%3C/script%3E HTTP/1.1" 200 1733
::1 - - [10/Dec/2024:11:09:53 +0100] "GET /%3Cbr HTTP/1.1" 403 199
::1 - - [10/Dec/2024:11:09:53 +0100] "GET /1 HTTP/1.1" 404 196
::1 - - [10/Dec/2024:11:12:12 +0100] "-" 408 -
::1 - - [10/Dec/2024:11:15:29 +0100] "GET /xssme.php?attributecontext1=1%20onerror=alert(%27Attribute%20XSS%27) HTTP/1.1" 200 1728
::1 - - [10/Dec/2024:11:15:29 +0100] "GET /1 HTTP/1.1" 404 196
::1 - - [10/Dec/2024:11:15:29 +0100] "GET /1 HTTP/1.1" 404 196
::1 - - [10/Dec/2024:11:15:33 +0100] "GET /xssme.php?attributecontext1=%27%27%20onerror=alert(%27Attribute%20XSS%27) HTTP/1.1" 200 1729
::1 - - [10/Dec/2024:11:15:34 +0100] "GET /1 HTTP/1.1" 404 196
::1 - - [10/Dec/2024:11:15:52 +0100] "GET /xssme.php?attributecontext1=%27%27%20onerror=alert(%22xss%22) HTTP/1.1" 200 1719
::1 - - [10/Dec/2024:11:15:52 +0100] "GET /1 HTTP/1.1" 404 196
::1 - - [10/Dec/2024:11:16:52 +0100] "-" 408 -
::1 - - [16/Dec/2024:16:15:09 +0100] "GET / HTTP/1.1" 200 46
::1 - - [16/Dec/2024:16:15:09 +0100] "GET /favicon.ico HTTP/1.1" 404 196
::1 - - [16/Dec/2024:16:16:09 +0100] "-" 408 -
::1 - - [16/Dec/2024:16:22:12 +0100] "GET /xssme.php?attributecontext2=%22%20onerror=%22alert(%27Double%20Quote%20XSS%27) HTTP/1.1" 200 1701
::1 - - [16/Dec/2024:16:22:12 +0100] "GET /%3Cbr HTTP/1.1" 403 199
::1 - - [16/Dec/2024:16:22:12 +0100] "GET /1 HTTP/1.1" 404 196
::1 - - [16/Dec/2024:16:22:14 +0100] "GET /favicon.ico HTTP/1.1" 404 196
::1 - - [16/Dec/2024:16:24:19 +0100] "GET /xssme.php?attributecontext2=%22%20onerror=%22alert(%27Double%20Quote%20XSS%27) HTTP/1.1" 200 1701
::1 - - [16/Dec/2024:16:24:19 +0100] "GET /%3Cbr HTTP/1.1" 403 199
::1 - - [16/Dec/2024:16:24:19 +0100] "GET /1 HTTP/1.1" 404 196
::1 - - [16/Dec/2024:16:25:39 +0100] "GET /xssme.php?attributecontext2=%22%20onerror=%22alert(%27Double%20Quote%20XSS%27) HTTP/1.1" 200 1701
::1 - - [16/Dec/2024:16:25:39 +0100] "GET /%3Cbr HTTP/1.1" 403 199
::1 - - [16/Dec/2024:16:25:39 +0100] "GET /1 HTTP/1.1" 404 196
::1 - - [16/Dec/2024:16:26:11 +0100] "GET /xssme.php?htmlcontext=%3Cscript%3Ealert(%27HTML%20XSS%27)%3C/script%3E HTTP/1.1" 200 1706
::1 - - [16/Dec/2024:16:26:11 +0100] "GET /%3Cbr HTTP/1.1" 403 199
::1 - - [16/Dec/2024:16:26:11 +0100] "GET /1 HTTP/1.1" 404 196
::1 - - [16/Dec/2024:16:26:56 +0100] "GET /xssme.php?scriptcontext=%3C/script%3E%3Cscript%3Ealert(%27Script%20Context%20XSS%27)%3C/script%3E HTTP/1.1" 200 1722
::1 - - [16/Dec/2024:16:26:56 +0100] "GET /%3Cbr HTTP/1.1" 403 199
::1 - - [16/Dec/2024:16:26:56 +0100] "GET /1 HTTP/1.1" 404 196
::1 - - [16/Dec/2024:16:27:05 +0100] "GET /xssme.php?attributecontext3=%27%20onerror=alert(%27Single%20Quote%20XSS%27) HTTP/1.1" 200 1700
::1 - - [16/Dec/2024:16:27:05 +0100] "GET /%3Cbr HTTP/1.1" 403 199
::1 - - [16/Dec/2024:16:27:05 +0100] "GET /1 HTTP/1.1" 404 196
::1 - - [16/Dec/2024:16:27:07 +0100] "GET /xssme.php?attributecontext3=%27%20onerror=alert(%27Single%20Quote%20XSS%27) HTTP/1.1" 200 1700
::1 - - [16/Dec/2024:16:27:07 +0100] "GET /%3Cbr HTTP/1.1" 403 199
::1 - - [16/Dec/2024:16:27:07 +0100] "GET /1 HTTP/1.1" 404 196
::1 - - [16/Dec/2024:16:27:35 +0100] "GET /xssme.php?attributecontext3=%27%20onerror=alert(%27Single%20Quote%20XSS%27) HTTP/1.1" 200 1700
::1 - - [16/Dec/2024:16:27:35 +0100] "GET /%3Cbr HTTP/1.1" 403 199
::1 - - [16/Dec/2024:16:27:35 +0100] "GET /1 HTTP/1.1" 404 196
::1 - - [16/Dec/2024:16:27:40 +0100] "GET /xssme.php?attributecontext3=%27%20onerror=alert(%27Single%20Quote%20XSS%27)%27 HTTP/1.1" 200 1701
::1 - - [16/Dec/2024:16:27:40 +0100] "GET /%3Cbr HTTP/1.1" 403 199
::1 - - [16/Dec/2024:16:27:40 +0100] "GET /1 HTTP/1.1" 404 196
::1 - - [16/Dec/2024:16:28:02 +0100] "GET /xssme.php?attributecontext3=%27%20onerror=%27alert(%27Single%20Quote%20XSS%27) HTTP/1.1" 200 1701
::1 - - [16/Dec/2024:16:28:02 +0100] "GET /%3Cbr HTTP/1.1" 403 199
::1 - - [16/Dec/2024:16:28:02 +0100] "GET /1 HTTP/1.1" 404 196
::1 - - [16/Dec/2024:16:28:33 +0100] "GET /xssme.php?attributecontext3=%27%20onerror=%27alert(%27Single%20Quote%20XSS%27) HTTP/1.1" 200 1701
::1 - - [16/Dec/2024:16:28:33 +0100] "GET /%3Cbr HTTP/1.1" 403 199
::1 - - [16/Dec/2024:16:28:33 +0100] "GET /1 HTTP/1.1" 404 196
::1 - - [16/Dec/2024:16:28:40 +0100] "GET /xssme.php?attributecontext3=%27%20onerror=%22alert(%27Single%20Quote%20XSS%27)%22%27 HTTP/1.1" 200 1703
::1 - - [16/Dec/2024:16:28:40 +0100] "GET /%3Cbr HTTP/1.1" 403 199
::1 - - [16/Dec/2024:16:28:40 +0100] "GET /1 HTTP/1.1" 404 196
::1 - - [16/Dec/2024:16:29:18 +0100] "GET /xssme.php?attributecontext3=%27%20onerror=alert(%27xss%27) HTTP/1.1" 200 1687
::1 - - [16/Dec/2024:16:29:18 +0100] "GET /%3Cbr HTTP/1.1" 403 199
::1 - - [16/Dec/2024:16:29:18 +0100] "GET /1 HTTP/1.1" 404 196
::1 - - [16/Dec/2024:16:29:35 +0100] "GET /xssme.php?attributecontext3=%27%20onerror=alert(%27Single%20Quote%20XSS%27) HTTP/1.1" 200 1700
::1 - - [16/Dec/2024:16:29:35 +0100] "GET /%3Cbr HTTP/1.1" 403 199
::1 - - [16/Dec/2024:16:29:35 +0100] "GET /1 HTTP/1.1" 404 196
::1 - - [16/Dec/2024:16:29:38 +0100] "GET /xssme.php?attributecontext3=%27%20onerror=alert(%27Single%20Quote%20XSS%27) HTTP/1.1" 200 1700
::1 - - [16/Dec/2024:16:29:38 +0100] "GET /%3Cbr HTTP/1.1" 403 199
::1 - - [16/Dec/2024:16:29:38 +0100] "GET /1 HTTP/1.1" 404 196
::1 - - [16/Dec/2024:16:30:00 +0100] "GET /xssme.php?attributecontext3=%27%20onerror=alert(%27Single%20Quote%20XSS%27) HTTP/1.1" 200 1700
::1 - - [16/Dec/2024:16:30:00 +0100] "GET /%3Cbr HTTP/1.1" 403 199
::1 - - [16/Dec/2024:16:30:00 +0100] "GET /1 HTTP/1.1" 404 196
::1 - - [16/Dec/2024:16:30:11 +0100] "GET /xssme.php?attributecontext3=%27%20onerror=alert(%27SingleQuoteXSS%27) HTTP/1.1" 200 1698
::1 - - [16/Dec/2024:16:30:11 +0100] "GET /%3Cbr HTTP/1.1" 403 199
::1 - - [16/Dec/2024:16:30:11 +0100] "GET /1 HTTP/1.1" 404 196
::1 - - [16/Dec/2024:16:30:14 +0100] "GET /xssme.php?attributecontext3=%27%20onerror=alert(%27SingleQuoteXSS%27) HTTP/1.1" 200 1698
::1 - - [16/Dec/2024:16:30:14 +0100] "GET /%3Cbr HTTP/1.1" 403 199
::1 - - [16/Dec/2024:16:30:14 +0100] "GET /1 HTTP/1.1" 404 196
::1 - - [16/Dec/2024:16:30:32 +0100] "GET /xssme.php?attributecontext3=%27%20onerror=%22alert(%27Single%20Quote%20XSS%27)%22%27 HTTP/1.1" 200 1703
::1 - - [16/Dec/2024:16:30:32 +0100] "GET /%3Cbr HTTP/1.1" 403 199
::1 - - [16/Dec/2024:16:30:32 +0100] "GET /1 HTTP/1.1" 404 196
::1 - - [16/Dec/2024:16:32:25 +0100] "GET /xssme.php?attributecontext1=%27%27%20onerror=alert(%27attributecontext1%20xss%27) HTTP/1.1" 200 1706
::1 - - [16/Dec/2024:16:32:25 +0100] "GET /1 HTTP/1.1" 404 196
::1 - - [16/Dec/2024:16:32:41 +0100] "GET /xssme.php?attributecontext1=%27%27%20onerror=alert(%27attributecontext1xss%27) HTTP/1.1" 200 1705
::1 - - [16/Dec/2024:16:32:41 +0100] "GET /1 HTTP/1.1" 404 196
::1 - - [16/Dec/2024:16:32:49 +0100] "GET /xssme.php?attributecontext1=%27%27%20onerror=alert(%27attributecontext1%20xss%27) HTTP/1.1" 200 1706
::1 - - [16/Dec/2024:16:32:49 +0100] "GET /1 HTTP/1.1" 404 196
::1 - - [16/Dec/2024:16:33:00 +0100] "GET /xssme.php?attributecontext1=%27%27%20onerror=%22alert(%27attributecontext1%20xss%27)%22 HTTP/1.1" 200 1708
::1 - - [16/Dec/2024:16:33:00 +0100] "GET /1 HTTP/1.1" 404 196
::1 - - [16/Dec/2024:16:33:15 +0100] "GET /xssme.php?attributecontext2=%22%20onerror=%22alert(%27Double%20Quote%20XSS%27) HTTP/1.1" 200 1701
::1 - - [16/Dec/2024:16:33:15 +0100] "GET /%3Cbr HTTP/1.1" 403 199
::1 - - [16/Dec/2024:16:33:15 +0100] "GET /1 HTTP/1.1" 404 196
::1 - - [16/Dec/2024:16:33:26 +0100] "GET /xssme.php?attributecontext3=%27%20onerror=%22alert(%27attributecontext3%20Single%20Quote%20XSS%27)%22%27 HTTP/1.1" 200 1721
::1 - - [16/Dec/2024:16:33:26 +0100] "GET /%3Cbr HTTP/1.1" 403 199
::1 - - [16/Dec/2024:16:33:26 +0100] "GET /1 HTTP/1.1" 404 196
::1 - - [16/Dec/2024:16:33:30 +0100] "GET /xssme.php?attributecontext2=%22%20onerror=%22alert(%27attributecontext2%20Double%20Quote%20XSS%27) HTTP/1.1" 200 1719
::1 - - [16/Dec/2024:16:33:30 +0100] "GET /%3Cbr HTTP/1.1" 403 199
::1 - - [16/Dec/2024:16:33:30 +0100] "GET /1 HTTP/1.1" 404 196
::1 - - [16/Dec/2024:16:33:43 +0100] "GET /xssme.php?scriptcontext=alert(%27Script%20context%20XSS%27) HTTP/1.1" 200 1696
::1 - - [16/Dec/2024:16:33:43 +0100] "GET /%3Cbr HTTP/1.1" 403 199
::1 - - [16/Dec/2024:16:33:43 +0100] "GET /1 HTTP/1.1" 404 196
::1 - - [16/Dec/2024:16:35:00 +0100] "GET /xssme.php?scriptcontext=alert(%27Script%20context%20XSS%27) HTTP/1.1" 200 1696
::1 - - [16/Dec/2024:16:35:00 +0100] "GET /%3Cbr HTTP/1.1" 403 199
::1 - - [16/Dec/2024:16:35:00 +0100] "GET /1 HTTP/1.1" 404 196
::1 - - [16/Dec/2024:16:37:51 +0100] "GET /xssme.php?attributecontextonerror=%22alert(%27Script%20context%20XSS%27)%22 HTTP/1.1" 200 1688
::1 - - [16/Dec/2024:16:37:52 +0100] "GET /%3Cbr HTTP/1.1" 403 199
::1 - - [16/Dec/2024:16:37:52 +0100] "GET /1 HTTP/1.1" 404 196
::1 - - [16/Dec/2024:16:37:55 +0100] "GET /xssme.php?attributecontextonerror=%22alert(%27Script%20context%20XSS%27)%22 HTTP/1.1" 200 1688
::1 - - [16/Dec/2024:16:37:55 +0100] "GET /%3Cbr HTTP/1.1" 403 199
::1 - - [16/Dec/2024:16:37:55 +0100] "GET /1 HTTP/1.1" 404 196
::1 - - [16/Dec/2024:16:38:32 +0100] "GET /xssme.php?attributecontextonerror=%22alert(%27attributecontextonerror%20XSS%27) HTTP/1.1" 200 1696
::1 - - [16/Dec/2024:16:38:32 +0100] "GET /%3Cbr HTTP/1.1" 403 199
::1 - - [16/Dec/2024:16:38:40 +0100] "GET /xssme.php?attributecontextonerror=%22alert(%27attributecontextonerror%20XSS%27)%22 HTTP/1.1" 200 1697
::1 - - [16/Dec/2024:16:38:40 +0100] "GET /%3Cbr HTTP/1.1" 403 199
::1 - - [16/Dec/2024:16:38:40 +0100] "GET /1 HTTP/1.1" 404 196
::1 - - [16/Dec/2024:16:38:44 +0100] "GET /xssme.php?attributecontextonerror=%22alert(%27attributecontextonerror%20XSS%27)%22 HTTP/1.1" 200 1697
::1 - - [16/Dec/2024:16:38:44 +0100] "GET /%3Cbr HTTP/1.1" 403 199
::1 - - [16/Dec/2024:16:38:44 +0100] "GET /1 HTTP/1.1" 404 196
::1 - - [16/Dec/2024:16:39:56 +0100] "GET /xssme.php?htmlcontext=%3Cscript%3Ealert(%27HTML%20XSS%27)%3C/script%3E HTTP/1.1" 200 1706
::1 - - [16/Dec/2024:16:39:56 +0100] "GET /%3Cbr HTTP/1.1" 403 199
::1 - - [16/Dec/2024:16:39:56 +0100] "GET /1 HTTP/1.1" 404 196
::1 - - [16/Dec/2024:16:39:59 +0100] "GET /xssme.php?attributecontext1=%27%27%20onerror=%22alert(%27attributecontext1%20xss%27)%22 HTTP/1.1" 200 1709
::1 - - [16/Dec/2024:16:39:59 +0100] "GET /1 HTTP/1.1" 404 196
::1 - - [16/Dec/2024:16:40:03 +0100] "GET /xssme.php?attributecontext2=%22%20onerror=%22alert(%27attributecontext2%20Double%20Quote%20XSS%27) HTTP/1.1" 200 1720
::1 - - [16/Dec/2024:16:40:03 +0100] "GET /%3Cbr HTTP/1.1" 403 199
::1 - - [16/Dec/2024:16:40:03 +0100] "GET /1 HTTP/1.1" 404 196
::1 - - [16/Dec/2024:16:40:05 +0100] "GET /xssme.php?attributecontext3=%27%20onerror=%22alert(%27attributecontext3%20Single%20Quote%20XSS%27)%22%27 HTTP/1.1" 200 1722
::1 - - [16/Dec/2024:16:40:05 +0100] "GET /%3Cbr HTTP/1.1" 403 199
::1 - - [16/Dec/2024:16:40:05 +0100] "GET /1 HTTP/1.1" 404 196
::1 - - [16/Dec/2024:16:40:08 +0100] "GET /xssme.php?scriptcontext=alert(%27Script%20context%20XSS%27) HTTP/1.1" 200 1697
::1 - - [16/Dec/2024:16:40:08 +0100] "GET /%3Cbr HTTP/1.1" 403 199
::1 - - [16/Dec/2024:16:40:08 +0100] "GET /1 HTTP/1.1" 404 196
::1 - - [16/Dec/2024:16:40:11 +0100] "GET /xssme.php?attributecontextonerror=%22alert(%27attributecontextonerror%20XSS%27)%22 HTTP/1.1" 200 1698
::1 - - [16/Dec/2024:16:40:11 +0100] "GET /%3Cbr HTTP/1.1" 403 199
::1 - - [16/Dec/2024:16:40:11 +0100] "GET /1 HTTP/1.1" 404 196
::1 - - [16/Dec/2024:16:42:19 +0100] "GET /guestbook.php HTTP/1.1" 200 418
::1 - - [16/Dec/2024:16:42:19 +0100] "GET /scriptgustbook.js HTTP/1.1" 200 537
::1 - - [16/Dec/2024:16:42:23 +0100] "GET /guestbook.php HTTP/1.1" 200 418
::1 - - [16/Dec/2024:16:42:27 +0100] "GET /guestbook.php HTTP/1.1" 200 418
::1 - - [16/Dec/2024:16:42:49 +0100] "GET /guestbook.php HTTP/1.1" 200 418
::1 - - [16/Dec/2024:16:43:05 +0100] "GET /guestbook.php HTTP/1.1" 200 418
::1 - - [16/Dec/2024:16:43:08 +0100] "GET /guestbook.php HTTP/1.1" 200 418
::1 - - [16/Dec/2024:16:43:10 +0100] "GET /guestbook.php HTTP/1.1" 200 418
::1 - - [16/Dec/2024:16:43:23 +0100] "GET /xssme.php?attributecontext3=%27%20onerror=%22alert(%27Single%20Quote%20XSS%27)%22%27 HTTP/1.1" 200 1703
::1 - - [16/Dec/2024:16:43:23 +0100] "GET /%3Cbr HTTP/1.1" 403 199
::1 - - [16/Dec/2024:16:43:23 +0100] "GET /1 HTTP/1.1" 404 196
::1 - - [16/Dec/2024:16:43:33 +0100] "GET /guestbook.php HTTP/1.1" 200 418
::1 - - [16/Dec/2024:16:43:39 +0100] "GET /guestbook.php HTTP/1.1" 200 418
::1 - - [16/Dec/2024:16:43:44 +0100] "GET /guestbook.php HTTP/1.1" 200 418
::1 - - [16/Dec/2024:16:43:47 +0100] "GET /guestbook.php HTTP/1.1" 200 418
::1 - - [16/Dec/2024:16:43:47 +0100] "GET /scriptgustbook.js HTTP/1.1" 200 537
::1 - - [16/Dec/2024:16:44:06 +0100] "GET /guestbook.php HTTP/1.1" 200 418
::1 - - [16/Dec/2024:16:44:15 +0100] "GET /guestbook.php HTTP/1.1" 200 418
::1 - - [16/Dec/2024:16:44:28 +0100] "GET /guestbook.php HTTP/1.1" 200 418
::1 - - [16/Dec/2024:16:44:31 +0100] "GET /guestbook.php HTTP/1.1" 200 418
::1 - - [16/Dec/2024:16:45:20 +0100] "GET /guestbook.php HTTP/1.1" 200 418
::1 - - [16/Dec/2024:16:45:20 +0100] "GET /scriptgustbook.js HTTP/1.1" 200 535
::1 - - [16/Dec/2024:16:45:22 +0100] "GET /guestbookleavemessage.php?message=fddsf HTTP/1.1" 200 130
::1 - - [16/Dec/2024:16:45:24 +0100] "GET /guestbookleavemessage.php?message=qsdqsqs HTTP/1.1" 200 141
::1 - - [16/Dec/2024:16:45:30 +0100] "GET /guestbook.php HTTP/1.1" 200 438
::1 - - [16/Dec/2024:16:45:30 +0100] "GET /scriptgustbook.js HTTP/1.1" 304 -
::1 - - [16/Dec/2024:16:45:32 +0100] "GET /guestbookleavemessage.php?message=qsqsssq HTTP/1.1" 200 152
::1 - - [16/Dec/2024:16:45:34 +0100] "GET /guestbookleavemessage.php?message=sdfgfdgfddfgdfg HTTP/1.1" 200 171
::1 - - [16/Dec/2024:16:45:38 +0100] "GET /guestbook.php HTTP/1.1" 200 468
::1 - - [16/Dec/2024:16:45:38 +0100] "GET /scriptgustbook.js HTTP/1.1" 200 535
::1 - - [16/Dec/2024:16:45:41 +0100] "GET /guestbookleavemessage.php?message=salu HTTP/1.1" 200 179
::1 - - [16/Dec/2024:16:45:50 +0100] "GET /guestbookleavemessage.php?message=%3Cscript%3Ealert(%27xss%27)%3C/script%3E HTTP/1.1" 200 212
::1 - - [16/Dec/2024:16:45:51 +0100] "GET /guestbook.php HTTP/1.1" 200 509
::1 - - [16/Dec/2024:16:45:51 +0100] "GET /scriptgustbook.js HTTP/1.1" 304 -
::1 - - [16/Dec/2024:16:46:20 +0100] "GET /guestbook.php HTTP/1.1" 200 1024
::1 - - [16/Dec/2024:16:46:34 +0100] "GET /guestbook.php HTTP/1.1" 200 509
::1 - - [16/Dec/2024:16:46:34 +0100] "GET /scriptgustbook.js HTTP/1.1" 200 535
::1 - - [16/Dec/2024:16:46:36 +0100] "GET /guestbookleavemessage.php?message=qsqsqs HTTP/1.1" 200 222
::1 - - [16/Dec/2024:16:46:38 +0100] "GET /guestbookleavemessage.php?message=qsqsqsqsdqsqs HTTP/1.1" 200 239
::1 - - [16/Dec/2024:16:46:48 +0100] "GET /guestbookleavemessage.php?message=%3Cscript%3Ealert(%27xss%27)%3C/script%3E HTTP/1.1" 200 272
::1 - - [16/Dec/2024:16:46:49 +0100] "GET /guestbook.php HTTP/1.1" 200 569
::1 - - [16/Dec/2024:16:46:49 +0100] "GET /scriptgustbook.js HTTP/1.1" 304 -
::1 - - [16/Dec/2024:16:46:51 +0100] "GET /guestbookleavemessage.php?message=sqqqqqqq HTTP/1.1" 200 284
::1 - - [16/Dec/2024:16:47:10 +0100] "GET /xssme.php?attributecontext3=%27%20onerror=%22alert(%27Single%20Quote%20XSS%27)%22%27 HTTP/1.1" 200 1703
::1 - - [16/Dec/2024:16:47:10 +0100] "GET /%3Cbr HTTP/1.1" 403 199
::1 - - [16/Dec/2024:16:47:10 +0100] "GET /1 HTTP/1.1" 404 196
::1 - - [16/Dec/2024:16:47:16 +0100] "GET /protectedxssme.php?attributecontext3=%27%20onerror=%22alert(%27Single%20Quote%20XSS%27)%22%27 HTTP/1.1" 200 1749
::1 - - [16/Dec/2024:16:47:16 +0100] "GET /%3Cbr HTTP/1.1" 403 199
::1 - - [16/Dec/2024:16:47:16 +0100] "GET /1 HTTP/1.1" 404 196
::1 - - [16/Dec/2024:16:47:17 +0100] "GET /protectedxssme.php?attributecontext3=%27%20onerror=%22alert(%27Single%20Quote%20XSS%27)%22%27 HTTP/1.1" 200 1749
::1 - - [16/Dec/2024:16:47:17 +0100] "GET /%3Cbr HTTP/1.1" 403 199
::1 - - [16/Dec/2024:16:47:17 +0100] "GET /1 HTTP/1.1" 404 196
::1 - - [16/Dec/2024:16:49:06 +0100] "GET /xssme.php?attributecontext3=%27%20onerror=%22alert(%27Single%20Quote%20XSS%27)%22%27 HTTP/1.1" 200 1703
::1 - - [16/Dec/2024:16:49:06 +0100] "GET /%3Cbr HTTP/1.1" 403 199
::1 - - [16/Dec/2024:16:49:06 +0100] "GET /1 HTTP/1.1" 404 196
::1 - - [16/Dec/2024:16:49:13 +0100] "GET /xssme.php?htmlcontext=%3Cscript%3Ealert(%27HTML%20XSS%27)%3C/script%3E HTTP/1.1" 200 1706
::1 - - [16/Dec/2024:16:49:13 +0100] "GET /%3Cbr HTTP/1.1" 403 199
::1 - - [16/Dec/2024:16:49:13 +0100] "GET /1 HTTP/1.1" 404 196
::1 - - [16/Dec/2024:16:49:52 +0100] "GET /xssme.php?htmlcontext=%3Cscript%3Ealert(%27HTML%20XSS%27)%3C/script%3E HTTP/1.1" 200 1706
::1 - - [16/Dec/2024:16:49:52 +0100] "GET /%3Cbr HTTP/1.1" 403 199
::1 - - [16/Dec/2024:16:49:52 +0100] "GET /1 HTTP/1.1" 404 196
::1 - - [16/Dec/2024:16:49:55 +0100] "GET /xssme.php?htmlcontext=%3Cscript%3Ealert(%27HTML%20XSS%27)%3C/script%3E HTTP/1.1" 200 1706
::1 - - [16/Dec/2024:16:49:55 +0100] "GET /%3Cbr HTTP/1.1" 403 199
::1 - - [16/Dec/2024:16:49:55 +0100] "GET /1 HTTP/1.1" 404 196
::1 - - [16/Dec/2024:16:50:36 +0100] "GET /xssme.php?htmlcontext=%3Cscript%3Ealert(%27HTML%20XSS%27)%3C/script%3E HTTP/1.1" 200 1706
::1 - - [16/Dec/2024:16:50:36 +0100] "GET /%3Cbr HTTP/1.1" 403 199
::1 - - [16/Dec/2024:16:50:36 +0100] "GET /1 HTTP/1.1" 404 196
::1 - - [16/Dec/2024:16:50:48 +0100] "GET /protectedxssme.php?htmlcontext=%3Cscript%3Ealert(%27HTML%20XSS%27)%3C/script%3E HTTP/1.1" 200 1767
::1 - - [16/Dec/2024:16:50:48 +0100] "GET /%3Cbr HTTP/1.1" 403 199
::1 - - [16/Dec/2024:16:50:48 +0100] "GET /1 HTTP/1.1" 404 196
::1 - - [16/Dec/2024:16:51:47 +0100] "GET /protectedxssme.php?htmlcontext=%3Cscript%3Ealert(%27HTML%20XSS%27)%3C/script%3E HTTP/1.1" 200 1767
::1 - - [16/Dec/2024:16:51:47 +0100] "GET /%3Cbr HTTP/1.1" 403 199
::1 - - [16/Dec/2024:16:51:47 +0100] "GET /1 HTTP/1.1" 404 196
::1 - - [16/Dec/2024:16:51:57 +0100] "GET /protectedxssme.php?htmlcontext=%3Cscript%3Ealert(%27HTML%20XSS%27)%3C/script%3E HTTP/1.1" 200 1767
::1 - - [16/Dec/2024:16:51:57 +0100] "GET /%3Cbr HTTP/1.1" 403 199
::1 - - [16/Dec/2024:16:51:57 +0100] "GET /1 HTTP/1.1" 404 196
::1 - - [16/Dec/2024:16:52:05 +0100] "GET /protectedxssme.php?htmlcontext=%3Cscript%3Ealert(%27HTML%20XSS%27)%3C/script%3E HTTP/1.1" 200 1767
::1 - - [16/Dec/2024:16:52:05 +0100] "GET /%3Cbr HTTP/1.1" 403 199
::1 - - [16/Dec/2024:16:52:05 +0100] "GET /1 HTTP/1.1" 404 196
::1 - - [16/Dec/2024:16:52:39 +0100] "GET /protectedxssme.php?scriptcontext=alert(%27Script%20context%20XSS%27) HTTP/1.1" 200 1994
::1 - - [16/Dec/2024:16:52:39 +0100] "GET /%3Cbr HTTP/1.1" 403 199
::1 - - [16/Dec/2024:16:52:39 +0100] "GET /1 HTTP/1.1" 404 196
::1 - - [16/Dec/2024:16:52:43 +0100] "GET /protectedxssme.php?scriptcontext=alert(%27Script%20context%20XSS%27) HTTP/1.1" 200 1994
::1 - - [16/Dec/2024:16:52:43 +0100] "GET /%3Cbr HTTP/1.1" 403 199
::1 - - [16/Dec/2024:16:52:43 +0100] "GET /1 HTTP/1.1" 404 196
::1 - - [16/Dec/2024:16:53:59 +0100] "GET /protectedxssme.php?attributecontext1=%27%27%20onerror=%22alert(%27attributecontext1%20xss%27)%22 HTTP/1.1" 200 2036
::1 - - [16/Dec/2024:16:53:59 +0100] "GET /'' HTTP/1.1" 404 196
::1 - - [16/Dec/2024:16:53:59 +0100] "GET /1 HTTP/1.1" 404 196
::1 - - [16/Dec/2024:16:54:54 +0100] "GET /protectedxssme.php?attributecontext1=%27%27%20onerror=%22alert(%27attributecontext1%20xss%27)%22 HTTP/1.1" 200 2036
::1 - - [16/Dec/2024:16:54:54 +0100] "GET /'' HTTP/1.1" 404 196
::1 - - [16/Dec/2024:16:54:54 +0100] "GET /1 HTTP/1.1" 404 196
::1 - - [16/Dec/2024:16:56:09 +0100] "GET /protectedxssme.php?htmlcontext=%3Cscript%3Ealert(%27HTML%20XSS%27)%3C/script%3E HTTP/1.1" 200 2025
::1 - - [16/Dec/2024:16:56:09 +0100] "GET /%3Cbr HTTP/1.1" 403 199
::1 - - [16/Dec/2024:16:56:09 +0100] "GET /1 HTTP/1.1" 404 196
::1 - - [16/Dec/2024:16:56:44 +0100] "GET /protectedxssme.php?attributecontext1=%27%27%20onerror=alert(%27attributecontext1%20xss%27) HTTP/1.1" 200 2024
::1 - - [16/Dec/2024:16:56:45 +0100] "GET /'' HTTP/1.1" 404 196
::1 - - [16/Dec/2024:16:56:45 +0100] "GET /1 HTTP/1.1" 404 196
::1 - - [16/Dec/2024:16:57:21 +0100] "GET /protectedxssme.php?htmlcontext=%3Cscript%3Ealert(%27HTML%20XSS%27)%3C/script%3E HTTP/1.1" 200 2025
::1 - - [16/Dec/2024:16:57:21 +0100] "GET /%3Cbr HTTP/1.1" 403 199
::1 - - [16/Dec/2024:16:57:21 +0100] "GET /1 HTTP/1.1" 404 196
::1 - - [16/Dec/2024:16:59:51 +0100] "GET /protectedxssme.php?attributecontext1=%27%20onerror=%27alert(%22attributecontext1%20xss%22)%27 HTTP/1.1" 200 2030
::1 - - [16/Dec/2024:16:59:51 +0100] "GET /' HTTP/1.1" 404 196
::1 - - [16/Dec/2024:16:59:51 +0100] "GET /1 HTTP/1.1" 404 196
::1 - - [16/Dec/2024:17:00:36 +0100] "GET /protectedxssme.php?attributecontext1=%27onerror=%27alert(%22attributecontext1xss%22)%27%27 HTTP/1.1" 200 2034
::1 - - [16/Dec/2024:17:00:36 +0100] "GET /'onerror='alert(%22attributecontext1xss%22)'' HTTP/1.1" 403 199
::1 - - [16/Dec/2024:17:00:36 +0100] "GET /1 HTTP/1.1" 404 196
::1 - - [16/Dec/2024:17:00:52 +0100] "GET /protectedxssme.php?attributecontext1=%27%20onerror=%27alert(%22attributecontext1xss%22)%27%27 HTTP/1.1" 200 2035
::1 - - [16/Dec/2024:17:00:52 +0100] "GET /' HTTP/1.1" 404 196
::1 - - [16/Dec/2024:17:00:52 +0100] "GET /1 HTTP/1.1" 404 196
::1 - - [16/Dec/2024:17:04:44 +0100] "GET /protectedxssme.php?attributecontext1=%27%27%20onerror=%22alert(%27XSS%27)%22 HTTP/1.1" 200 2018
::1 - - [16/Dec/2024:17:04:44 +0100] "GET /'' HTTP/1.1" 404 196
::1 - - [16/Dec/2024:17:04:44 +0100] "GET /1 HTTP/1.1" 404 196
::1 - - [16/Dec/2024:17:04:48 +0100] "GET /protectedxssme.php?attributecontext1=%27%27%20onerror=%22alert(%27XSS%27)%22 HTTP/1.1" 200 2018
::1 - - [16/Dec/2024:17:04:48 +0100] "GET /1 HTTP/1.1" 404 196
::1 - - [16/Dec/2024:17:04:48 +0100] "GET /'' HTTP/1.1" 404 196
::1 - - [16/Dec/2024:19:49:56 +0100] "GET /protectedxssme.php?attributecontext1=%27%27%20onerror=%22alert(%27XSS%27)%22 HTTP/1.1" 200 2018
::1 - - [16/Dec/2024:19:49:56 +0100] "GET /'' HTTP/1.1" 404 196
::1 - - [16/Dec/2024:19:49:56 +0100] "GET /1 HTTP/1.1" 404 196
::1 - - [16/Dec/2024:19:49:57 +0100] "GET /favicon.ico HTTP/1.1" 404 196
::1 - - [16/Dec/2024:19:51:41 +0100] "GET /protectedxssme.php?attributecontext1=%27%27%20onerror=%22alert(%27XSS%27)%22 HTTP/1.1" 200 2018
::1 - - [16/Dec/2024:19:51:41 +0100] "GET /'' HTTP/1.1" 404 196
::1 - - [16/Dec/2024:19:51:41 +0100] "GET /1 HTTP/1.1" 404 196
::1 - - [16/Dec/2024:19:51:59 +0100] "GET /protectedxssme.php?attributecontext1=%27%27%20onerror=%27alert(%22attributecontext1xss%22)%27%27 HTTP/1.1" 200 2041
::1 - - [16/Dec/2024:19:51:59 +0100] "GET /'' HTTP/1.1" 404 196
::1 - - [16/Dec/2024:19:51:59 +0100] "GET /1 HTTP/1.1" 404 196
::1 - - [16/Dec/2024:19:52:29 +0100] "GET /protectedxssme.php?attributecontext1=%27%27%20onerror=%22alert(%27attributecontext1xss%27)%22 HTTP/1.1" 200 2035
::1 - - [16/Dec/2024:19:52:29 +0100] "GET /'' HTTP/1.1" 404 196
::1 - - [16/Dec/2024:19:52:29 +0100] "GET /1 HTTP/1.1" 404 196
::1 - - [16/Dec/2024:19:52:37 +0100] "GET /protectedxssme.php?attributecontext1=%27%27%20onerror=%22alert(%27XSS%27)%22 HTTP/1.1" 200 2018
::1 - - [16/Dec/2024:19:52:37 +0100] "GET /'' HTTP/1.1" 404 196
::1 - - [16/Dec/2024:19:52:37 +0100] "GET /1 HTTP/1.1" 404 196
::1 - - [16/Dec/2024:19:54:17 +0100] "GET /protectedxssme.php?attributecontext1=1%20onerror=alert(1) HTTP/1.1" 200 1981
::1 - - [16/Dec/2024:19:54:17 +0100] "GET /1 HTTP/1.1" 404 196
::1 - - [16/Dec/2024:19:54:17 +0100] "GET /1 HTTP/1.1" 404 196
::1 - - [16/Dec/2024:19:54:49 +0100] "GET /protectedxssme.php?attributecontext1=1%20onerror=alert(2) HTTP/1.1" 200 1981
::1 - - [16/Dec/2024:19:54:49 +0100] "GET /1 HTTP/1.1" 404 196
::1 - - [16/Dec/2024:19:54:49 +0100] "GET /1 HTTP/1.1" 404 196
::1 - - [16/Dec/2024:19:54:59 +0100] "GET /protectedxssme.php?htmlcontext=1%20onerror=alert(2) HTTP/1.1" 200 1987
::1 - - [16/Dec/2024:19:54:59 +0100] "GET /%3Cbr HTTP/1.1" 403 199
::1 - - [16/Dec/2024:19:54:59 +0100] "GET /1 HTTP/1.1" 404 196
::1 - - [16/Dec/2024:19:55:04 +0100] "GET /protectedxssme.php?htmlcontext=alert(2) HTTP/1.1" 200 1977
::1 - - [16/Dec/2024:19:55:04 +0100] "GET /%3Cbr HTTP/1.1" 403 199
::1 - - [16/Dec/2024:19:55:04 +0100] "GET /1 HTTP/1.1" 404 196
::1 - - [16/Dec/2024:19:55:16 +0100] "GET /protectedxssme.php?htmlcontext=alert(2) HTTP/1.1" 200 1977
::1 - - [16/Dec/2024:19:55:16 +0100] "GET /%3Cbr HTTP/1.1" 403 199
::1 - - [16/Dec/2024:19:55:16 +0100] "GET /1 HTTP/1.1" 404 196
::1 - - [16/Dec/2024:19:55:28 +0100] "GET /protectedxssme.php?attributecontext1=1%20onerror=alert(2) HTTP/1.1" 200 1981
::1 - - [16/Dec/2024:19:55:28 +0100] "GET /1 HTTP/1.1" 404 196
::1 - - [16/Dec/2024:19:55:28 +0100] "GET /1 HTTP/1.1" 404 196
::1 - - [16/Dec/2024:19:55:33 +0100] "GET /protectedxssme.php?attributecontext1=1%20onerror=alert(2) HTTP/1.1" 200 1981
::1 - - [16/Dec/2024:19:55:33 +0100] "GET /1 HTTP/1.1" 404 196
::1 - - [16/Dec/2024:19:55:33 +0100] "GET /1 HTTP/1.1" 404 196
::1 - - [16/Dec/2024:19:56:28 +0100] "-" 408 -
::1 - - [16/Dec/2024:19:56:31 +0100] "GET /protectedxssme.php?attributecontext1=1%20onerror=alert(%22Salut%22) HTTP/1.1" 200 1997
::1 - - [16/Dec/2024:19:56:31 +0100] "GET /1 HTTP/1.1" 404 196
::1 - - [16/Dec/2024:19:56:31 +0100] "GET /1 HTTP/1.1" 404 196
::1 - - [16/Dec/2024:19:56:50 +0100] "GET /protectedxssme.php?attributecontext1=1%20onerror=alert(%22XSS%20avec%20htmlspecialchars%22) HTTP/1.1" 200 2017
::1 - - [16/Dec/2024:19:56:50 +0100] "GET /1 HTTP/1.1" 404 196
::1 - - [16/Dec/2024:19:56:50 +0100] "GET /1 HTTP/1.1" 404 196
::1 - - [16/Dec/2024:19:57:00 +0100] "GET /protectedxssme.php?attributecontext1=1%20onerror=alert(%22XSSAvecHtmlspecialchars%22) HTTP/1.1" 200 2015
::1 - - [16/Dec/2024:19:57:00 +0100] "GET /1 HTTP/1.1" 404 196
::1 - - [16/Dec/2024:19:57:00 +0100] "GET /1 HTTP/1.1" 404 196
::1 - - [16/Dec/2024:19:57:10 +0100] "GET /protectedxssme.php?attributecontext1=1%20onerror=alert(%27XSS%20Avec%20Htmlspecialchars%27) HTTP/1.1" 200 2017
::1 - - [16/Dec/2024:19:57:10 +0100] "GET /1 HTTP/1.1" 404 196
::1 - - [16/Dec/2024:19:57:10 +0100] "GET /1 HTTP/1.1" 404 196
::1 - - [16/Dec/2024:19:57:25 +0100] "GET /protectedxssme.php?attributecontext1=1%20onerror=alert(XSSAvecHtmlspecialchars) HTTP/1.1" 200 2003
::1 - - [16/Dec/2024:19:57:25 +0100] "GET /1 HTTP/1.1" 404 196
::1 - - [16/Dec/2024:19:57:25 +0100] "GET /1 HTTP/1.1" 404 196
::1 - - [16/Dec/2024:19:57:31 +0100] "GET /protectedxssme.php?attributecontext1=1%20onerror=alert(%22XSSAvecHtmlspecialchars%22) HTTP/1.1" 200 2015
::1 - - [16/Dec/2024:19:57:31 +0100] "GET /1 HTTP/1.1" 404 196
::1 - - [16/Dec/2024:19:57:31 +0100] "GET /1 HTTP/1.1" 404 196
::1 - - [16/Dec/2024:19:57:59 +0100] "GET /protectedxssme.php?attributecontext1=1%20onerror=alert(%22XSSAvecHtmlspecialchars%22) HTTP/1.1" 200 2015
::1 - - [16/Dec/2024:19:57:59 +0100] "GET /1 HTTP/1.1" 404 196
::1 - - [16/Dec/2024:19:57:59 +0100] "GET /1 HTTP/1.1" 404 196
::1 - - [16/Dec/2024:19:58:59 +0100] "-" 408 -
::1 - - [16/Dec/2024:19:59:55 +0100] "GET /protectedxssme.php?attributecontext1=%27%20onerror=%27alert(%22attributecontext1xss%22)%27%27 HTTP/1.1" 200 2035
::1 - - [16/Dec/2024:19:59:55 +0100] "GET /' HTTP/1.1" 404 196
::1 - - [16/Dec/2024:19:59:55 +0100] "GET /1 HTTP/1.1" 404 196
::1 - - [16/Dec/2024:19:59:58 +0100] "GET /protectedxssme.php?attributecontext1=1%20onerror=alert(%22XSSAvecHtmlspecialchars%22) HTTP/1.1" 200 2015
::1 - - [16/Dec/2024:19:59:58 +0100] "GET /1 HTTP/1.1" 404 196
::1 - - [16/Dec/2024:19:59:59 +0100] "GET /1 HTTP/1.1" 404 196
::1 - - [16/Dec/2024:20:00:04 +0100] "GET /protectedxssme.php?attributecontext1=1%20onerror=alert(%22XSSAvecHtmlspecialchars%22) HTTP/1.1" 200 2015
::1 - - [16/Dec/2024:20:00:04 +0100] "GET /1 HTTP/1.1" 404 196
::1 - - [16/Dec/2024:20:00:04 +0100] "GET /1 HTTP/1.1" 404 196
::1 - - [16/Dec/2024:20:00:41 +0100] "GET /protectedxssme.php?attributecontext1=1%20onerror=alert(%22XSSAvecHtmlspecialchars%22) HTTP/1.1" 200 2015
::1 - - [16/Dec/2024:20:00:41 +0100] "GET /1 HTTP/1.1" 404 196
::1 - - [16/Dec/2024:20:00:41 +0100] "GET /1 HTTP/1.1" 404 196
::1 - - [16/Dec/2024:20:00:57 +0100] "GET /protectedxssme.php?attributecontext1=1%20onerror=alert(%22XSSAvecHtmlspecialchars%22) HTTP/1.1" 200 2015
::1 - - [16/Dec/2024:20:00:57 +0100] "GET /1 HTTP/1.1" 404 196
::1 - - [16/Dec/2024:20:00:57 +0100] "GET /1 HTTP/1.1" 404 196
::1 - - [16/Dec/2024:20:01:08 +0100] "GET /protectedxssme.php?attributecontext1=1%20onerror=alert(%22XSSAvecHtmlspecialchars%22) HTTP/1.1" 200 2017
::1 - - [16/Dec/2024:20:01:08 +0100] "GET /1%20onerror=alert(%22XSSAvecHtmlspecialchars%22) HTTP/1.1" 403 199
::1 - - [16/Dec/2024:20:01:08 +0100] "GET /1 HTTP/1.1" 404 196
::1 - - [16/Dec/2024:20:01:10 +0100] "GET /protectedxssme.php?attributecontext1=1%20onerror=alert(%22XSSAvecHtmlspecialchars%22) HTTP/1.1" 200 2017
::1 - - [16/Dec/2024:20:01:10 +0100] "GET /1%20onerror=alert(%22XSSAvecHtmlspecialchars%22) HTTP/1.1" 403 199
::1 - - [16/Dec/2024:20:01:10 +0100] "GET /1 HTTP/1.1" 404 196
::1 - - [16/Dec/2024:20:01:13 +0100] "GET /protectedxssme.php?attributecontext1=1%20onerror=alert(%22XSSAvecHtmlspecialchars%22) HTTP/1.1" 200 2015
::1 - - [16/Dec/2024:20:01:13 +0100] "GET /1 HTTP/1.1" 404 196
::1 - - [16/Dec/2024:20:01:14 +0100] "GET /1 HTTP/1.1" 404 196
::1 - - [16/Dec/2024:20:01:20 +0100] "GET /protectedxssme.php?attributecontext1=1%20onerror=alert(%22XSSAvecHtmlspecialchars%22) HTTP/1.1" 200 2017
::1 - - [16/Dec/2024:20:01:20 +0100] "GET /1%20onerror=alert(%22XSSAvecHtmlspecialchars%22) HTTP/1.1" 403 199
::1 - - [16/Dec/2024:20:01:20 +0100] "GET /1 HTTP/1.1" 404 196
::1 - - [16/Dec/2024:20:01:21 +0100] "GET /protectedxssme.php?attributecontext1=1%20onerror=alert(%22XSSAvecHtmlspecialchars%22) HTTP/1.1" 200 2017
::1 - - [16/Dec/2024:20:01:21 +0100] "GET /1%20onerror=alert(%22XSSAvecHtmlspecialchars%22) HTTP/1.1" 403 199
::1 - - [16/Dec/2024:20:01:21 +0100] "GET /1 HTTP/1.1" 404 196
::1 - - [16/Dec/2024:20:01:42 +0100] "GET /protectedxssme.php?attributecontext1=1%20onerror=alert(XSSAvecHtmlspecialchars) HTTP/1.1" 200 2005
::1 - - [16/Dec/2024:20:01:42 +0100] "GET /1 HTTP/1.1" 404 196
::1 - - [16/Dec/2024:20:01:42 +0100] "GET /1%20onerror=alert(XSSAvecHtmlspecialchars) HTTP/1.1" 404 196
::1 - - [16/Dec/2024:20:01:46 +0100] "GET /protectedxssme.php?attributecontext1=1%20onerror=alert(XSSAvecHtmlspecialchars) HTTP/1.1" 200 2003
::1 - - [16/Dec/2024:20:01:46 +0100] "GET /1 HTTP/1.1" 404 196
::1 - - [16/Dec/2024:20:01:46 +0100] "GET /1 HTTP/1.1" 404 196
::1 - - [16/Dec/2024:20:01:51 +0100] "GET /protectedxssme.php?attributecontext1=1%20onerror=alert(%22XSSAvecHtmlspecialchars%22) HTTP/1.1" 200 2015
::1 - - [16/Dec/2024:20:01:51 +0100] "GET /1 HTTP/1.1" 404 196
::1 - - [16/Dec/2024:20:01:52 +0100] "GET /1 HTTP/1.1" 404 196
::1 - - [16/Dec/2024:20:02:51 +0100] "-" 408 -
::1 - - [16/Dec/2024:20:03:56 +0100] "GET /protectedxssme.php?attributecontext1=%27%20onerror=%27alert(%22attributecontext1xss%22)%27%27 HTTP/1.1" 200 2035
::1 - - [16/Dec/2024:20:03:56 +0100] "GET /' HTTP/1.1" 404 196
::1 - - [16/Dec/2024:20:03:56 +0100] "GET /1 HTTP/1.1" 404 196
::1 - - [16/Dec/2024:20:04:09 +0100] "GET /protectedxssme.php?attributecontext1=1%20onerror=alert(%22XSSAvecHtmlspecialchars%22) HTTP/1.1" 200 2015
::1 - - [16/Dec/2024:20:04:09 +0100] "GET /1 HTTP/1.1" 404 196
::1 - - [16/Dec/2024:20:04:09 +0100] "GET /1 HTTP/1.1" 404 196
::1 - - [16/Dec/2024:20:05:09 +0100] "-" 408 -
::1 - - [16/Dec/2024:20:06:50 +0100] "GET /protectedxssme.php?attributecontext1=%27%20onerror=%27alert(%22attributecontext1xss%22)%27%27 HTTP/1.1" 200 2035
::1 - - [16/Dec/2024:20:06:50 +0100] "GET /' HTTP/1.1" 404 196
::1 - - [16/Dec/2024:20:06:51 +0100] "GET /1 HTTP/1.1" 404 196
::1 - - [16/Dec/2024:20:06:54 +0100] "GET /protectedxssme.php?attributecontext1=%27%27%20onerror=%22alert(%27attributecontext1%20xss%27)%22 HTTP/1.1" 200 2036
::1 - - [16/Dec/2024:20:06:54 +0100] "GET /'' HTTP/1.1" 404 196
::1 - - [16/Dec/2024:20:06:54 +0100] "GET /1 HTTP/1.1" 404 196
::1 - - [16/Dec/2024:20:06:57 +0100] "GET /protectedxssme.php?attributecontext1=%27%27%20onerror=%22alert(%27attributecontext1%20xss%27)%22 HTTP/1.1" 200 2036
::1 - - [16/Dec/2024:20:06:57 +0100] "GET /'' HTTP/1.1" 404 196
::1 - - [16/Dec/2024:20:06:57 +0100] "GET /1 HTTP/1.1" 404 196
::1 - - [16/Dec/2024:20:12:26 +0100] "GET /protectedxssme.php?attributecontext1=1%20onerror=alert(%27XSSAvecHtmlspecialchars%27) HTTP/1.1" 200 2015
::1 - - [16/Dec/2024:20:12:26 +0100] "GET /1 HTTP/1.1" 404 196
::1 - - [16/Dec/2024:20:12:26 +0100] "GET /1 HTTP/1.1" 404 196
::1 - - [16/Dec/2024:20:12:39 +0100] "GET /protectedxssme.php?attributecontext1=1%20onerror=alert(%27XSS%20Avec%20Htmlspecialchars%27) HTTP/1.1" 200 2017
::1 - - [16/Dec/2024:20:12:39 +0100] "GET /1 HTTP/1.1" 404 196
::1 - - [16/Dec/2024:20:12:39 +0100] "GET /1 HTTP/1.1" 404 196
::1 - - [16/Dec/2024:20:13:39 +0100] "-" 408 -
::1 - - [16/Dec/2024:20:14:47 +0100] "GET /protectedxssme.php?attributecontext1=1%20onerror=alert(%22XSSAvecHtmlspecialchars%22) HTTP/1.1" 200 2015
::1 - - [16/Dec/2024:20:14:47 +0100] "GET /1 HTTP/1.1" 404 196
::1 - - [16/Dec/2024:20:14:47 +0100] "GET /1 HTTP/1.1" 404 196
::1 - - [16/Dec/2024:20:15:47 +0100] "-" 408 -
::1 - - [16/Dec/2024:20:24:04 +0100] "-" 408 -
::1 - - [16/Dec/2024:20:24:23 +0100] "GET /protectedxssme.php?attributecontext1=%27%27%20onerror=%22alert(%27attributecontext1xss%27)%22 HTTP/1.1" 200 2035
::1 - - [16/Dec/2024:20:24:23 +0100] "GET /'' HTTP/1.1" 404 196
::1 - - [16/Dec/2024:20:24:23 +0100] "GET /1 HTTP/1.1" 404 196
::1 - - [16/Dec/2024:21:30:01 +0100] "GET /domxss4.php HTTP/1.1" 404 196
::1 - - [16/Dec/2024:21:30:01 +0100] "GET /favicon.ico HTTP/1.1" 404 196
::1 - - [16/Dec/2024:21:30:05 +0100] "GET /domxss4.php?x=%3Cscript%3Ealert(%27xss%27);%3C/script%3E HTTP/1.1" 404 196
::1 - - [16/Dec/2024:21:30:35 +0100] "GET /domxss4.php?x=x=%3Cscript%3Ealert(%22xss%22)%3C/script%3E HTTP/1.1" 404 196
::1 - - [16/Dec/2024:21:30:47 +0100] "GET /domxss4.php?x=%3Cscript%3Ealert(%22xss%22)%3C/script%3E HTTP/1.1" 404 196
::1 - - [16/Dec/2024:21:30:53 +0100] "GET /domxss4.php?x=%3Cscript%3Ealert(%22xss%22)%3C/script%3E HTTP/1.1" 404 196
::1 - - [16/Dec/2024:21:31:53 +0100] "-" 408 -
::1 - - [16/Dec/2024:21:32:28 +0100] "GET /domxss4.php?x=test HTTP/1.1" 404 196
::1 - - [16/Dec/2024:21:32:34 +0100] "GET /domxss4.php?x=test HTTP/1.1" 404 196
::1 - - [16/Dec/2024:21:32:44 +0100] "GET /domxss4.php?x=test HTTP/1.1" 404 196
::1 - - [16/Dec/2024:21:32:52 +0100] "GET /domxss4.html?x=test HTTP/1.1" 200 142
::1 - - [16/Dec/2024:21:33:02 +0100] "GET /domxss4.html?x=%3Cscript%3Ealert(%22xss%22)%3C/script%3E HTTP/1.1" 200 142
::1 - - [16/Dec/2024:21:33:19 +0100] "GET /domxss4.html?x=%3Cscript%3Ealert(%22xss%22)%3C/script%3E HTTP/1.1" 304 -
::1 - - [16/Dec/2024:21:33:29 +0100] "GET /domxss4.html?x=%3Cscript%3Ealert(%27xss%27)%3C/script%3E HTTP/1.1" 200 142
::1 - - [16/Dec/2024:21:34:29 +0100] "-" 408 -
::1 - - [16/Dec/2024:21:38:15 +0100] "GET /domxss5.html?x=test HTTP/1.1" 200 382
::1 - - [16/Dec/2024:21:38:21 +0100] "GET /domxss5.html HTTP/1.1" 200 382
::1 - - [16/Dec/2024:21:38:40 +0100] "GET /domxss5.html HTTP/1.1" 304 -
::1 - - [16/Dec/2024:21:39:40 +0100] "-" 408 -
::1 - - [16/Dec/2024:21:40:46 +0100] "GET /domxss6.html HTTP/1.1" 200 223
::1 - - [16/Dec/2024:21:41:46 +0100] "-" 408 -
::1 - - [16/Dec/2024:21:42:16 +0100] "GET /vulnerable.html HTTP/1.1" 404 196
::1 - - [16/Dec/2024:21:42:37 +0100] "GET /domxss6.html HTTP/1.1" 304 -
::1 - - [16/Dec/2024:21:43:37 +0100] "-" 408 -
::1 - - [17/Dec/2024:11:02:05 +0100] "GET /integrator.html HTTP/1.1" 200 113
::1 - - [17/Dec/2024:11:02:05 +0100] "GET /favicon.ico HTTP/1.1" 404 196
::1 - - [17/Dec/2024:11:03:05 +0100] "-" 408 -
::1 - - [17/Dec/2024:11:46:27 +0100] "GET /evilGadget.js HTTP/1.1" 404 196
::1 - - [17/Dec/2024:11:58:43 +0100] "GET /evilGadget.js HTTP/1.1" 404 196
::1 - - [07/Jan/2025:11:41:37 +0100] "GET /evilGadget.js HTTP/1.1" 404 196
::1 - - [07/Jan/2025:11:44:05 +0100] "GET /evilGadget.js HTTP/1.1" 404 196
::1 - - [07/Jan/2025:11:44:07 +0100] "GET /evilGadget.js HTTP/1.1" 404 196
::1 - - [07/Jan/2025:11:44:20 +0100] "GET /evilGadget.js HTTP/1.1" 404 196
::1 - - [07/Jan/2025:11:44:23 +0100] "GET /evilGadget.js HTTP/1.1" 404 196
::1 - - [07/Jan/2025:11:44:30 +0100] "GET /collect HTTP/1.1" 404 196
::1 - - [07/Jan/2025:11:44:30 +0100] "GET /favicon.ico HTTP/1.1" 404 196
::1 - - [07/Jan/2025:11:44:34 +0100] "GET / HTTP/1.1" 200 305
::1 - - [07/Jan/2025:11:44:37 +0100] "GET /collect.php HTTP/1.1" 200 62
::1 - - [07/Jan/2025:11:44:46 +0100] "GET /collect HTTP/1.1" 404 196
::1 - - [07/Jan/2025:11:45:29 +0100] "GET /evilGadget.js HTTP/1.1" 404 196
::1 - - [07/Jan/2025:11:45:31 +0100] "GET /evilGadget.js HTTP/1.1" 404 196
::1 - - [07/Jan/2025:11:45:33 +0100] "GET /evilGadget.js HTTP/1.1" 404 196
::1 - - [07/Jan/2025:11:45:40 +0100] "GET /evilGadget.js HTTP/1.1" 404 196
::1 - - [07/Jan/2025:11:45:46 +0100] "GET /evilGadget.js HTTP/1.1" 404 196
::1 - - [07/Jan/2025:11:46:16 +0100] "GET /evilGadget.js HTTP/1.1" 404 196
::1 - - [07/Jan/2025:11:46:44 +0100] "GET /evilGadget.js HTTP/1.1" 404 196
::1 - - [07/Jan/2025:11:46:51 +0100] "GET /evilGadget.js HTTP/1.1" 404 196
::1 - - [07/Jan/2025:11:49:42 +0100] "GET /evilGadget.js HTTP/1.1" 404 196
::1 - - [07/Jan/2025:11:50:00 +0100] "GET /evilGadget.js HTTP/1.1" 404 196
::1 - - [07/Jan/2025:11:50:47 +0100] "GET /evilGadget.js HTTP/1.1" 404 196
::1 - - [07/Jan/2025:11:51:47 +0100] "-" 408 -
::1 - - [07/Jan/2025:11:51:51 +0100] "GET /evilGadget.js HTTP/1.1" 200 285
::1 - - [07/Jan/2025:11:52:01 +0100] "GET /evilGadget.js HTTP/1.1" 200 285
::1 - - [07/Jan/2025:11:52:01 +0100] "OPTIONS /collect.php HTTP/1.1" 200 62
::1 - - [07/Jan/2025:11:52:12 +0100] "OPTIONS /collect.php HTTP/1.1" 200 62
::1 - - [07/Jan/2025:11:52:51 +0100] "-" 408 -
::1 - - [07/Jan/2025:11:53:07 +0100] "GET /collect.php HTTP/1.1" 200 62
::1 - - [07/Jan/2025:11:54:15 +0100] "GET /evilGadget.js HTTP/1.1" 304 -
::1 - - [07/Jan/2025:11:54:15 +0100] "OPTIONS /collect.php HTTP/1.1" 200 62
::1 - - [07/Jan/2025:11:54:44 +0100] "GET /collect.php HTTP/1.1" 200 62
::1 - - [07/Jan/2025:11:55:44 +0100] "-" 408 -
::1 - - [07/Jan/2025:11:56:00 +0100] "GET /evilGadget.js HTTP/1.1" 304 -
::1 - - [07/Jan/2025:11:56:00 +0100] "OPTIONS /collect.php HTTP/1.1" 200 -
::1 - - [07/Jan/2025:11:56:00 +0100] "POST /collect.php HTTP/1.1" 200 55
::1 - - [25/Jan/2025:20:15:24 +0100] "GET /evilGadget.js HTTP/1.1" 200 285
::1 - - [25/Jan/2025:20:15:24 +0100] "OPTIONS /collect.php HTTP/1.1" 200 -
::1 - - [25/Jan/2025:20:15:24 +0100] "POST /collect.php HTTP/1.1" 200 55
::1 - - [25/Jan/2025:20:15:32 +0100] "OPTIONS /collect.php HTTP/1.1" 200 -
::1 - - [25/Jan/2025:20:15:32 +0100] "POST /collect.php HTTP/1.1" 200 55
::1 - - [25/Jan/2025:20:16:31 +0100] "-" 408 -
::1 - - [25/Jan/2025:20:45:48 +0100] "OPTIONS /collect.php HTTP/1.1" 200 -
::1 - - [25/Jan/2025:20:45:48 +0100] "POST /collect.php HTTP/1.1" 200 55
::1 - - [25/Jan/2025:20:46:28 +0100] "-" 408 -
::1 - - [25/Jan/2025:20:49:03 +0100] "GET /evilGadget.js HTTP/1.1" 304 -
::1 - - [25/Jan/2025:20:49:03 +0100] "OPTIONS /collect.php HTTP/1.1" 200 -
::1 - - [25/Jan/2025:20:49:03 +0100] "POST /collect.php HTTP/1.1" 200 55
::1 - - [25/Jan/2025:20:49:22 +0100] "OPTIONS /collect.php HTTP/1.1" 200 -
::1 - - [25/Jan/2025:20:49:22 +0100] "POST /collect.php HTTP/1.1" 200 55
::1 - - [25/Jan/2025:20:49:31 +0100] "OPTIONS /collect.php HTTP/1.1" 200 -
::1 - - [25/Jan/2025:20:49:31 +0100] "POST /collect.php HTTP/1.1" 200 55
::1 - - [25/Jan/2025:20:50:19 +0100] "GET /evilGadget.js HTTP/1.1" 200 285
::1 - - [25/Jan/2025:20:57:02 +0100] "GET /index.html HTTP/1.1" 200 207
::1 - - [25/Jan/2025:20:57:31 +0100] "GET /index.html HTTP/1.1" 200 202
::1 - - [25/Jan/2025:20:57:32 +0100] "GET /mycode/evilGadget.js HTTP/1.1" 404 196
::1 - - [25/Jan/2025:20:57:38 +0100] "GET /index.html HTTP/1.1" 200 195
::1 - - [25/Jan/2025:20:58:18 +0100] "GET /index. HTTP/1.1" 404 196
::1 - - [25/Jan/2025:20:58:25 +0100] "GET /index.html HTTP/1.1" 304 -
::1 - - [25/Jan/2025:20:58:59 +0100] "GET /index.html HTTP/1.1" 200 195
::1 - - [25/Jan/2025:20:59:00 +0100] "GET /favicon.ico HTTP/1.1" 404 196
::1 - - [25/Jan/2025:20:59:50 +0100] "GET /index.html HTTP/1.1" 304 -
::1 - - [25/Jan/2025:21:00:15 +0100] "OPTIONS /collect.php HTTP/1.1" 200 -
::1 - - [25/Jan/2025:21:00:15 +0100] "POST /collect.php HTTP/1.1" 200 55
::1 - - [25/Jan/2025:21:00:21 +0100] "GET /index.html HTTP/1.1" 304 -
::1 - - [25/Jan/2025:21:00:38 +0100] "GET /index.html HTTP/1.1" 304 -
::1 - - [25/Jan/2025:21:05:45 +0100] "OPTIONS /collect.php HTTP/1.1" 200 -
::1 - - [25/Jan/2025:21:05:45 +0100] "POST /collect.php HTTP/1.1" 200 55
::1 - - [25/Jan/2025:21:05:54 +0100] "GET /index.html HTTP/1.1" 304 -
::1 - - [25/Jan/2025:21:07:42 +0100] "GET /index.html HTTP/1.1" 304 -
::1 - - [25/Jan/2025:21:08:11 +0100] "GET /index.html HTTP/1.1" 304 -
::1 - - [25/Jan/2025:21:08:58 +0100] "-" 408 -
::1 - - [25/Jan/2025:21:11:13 +0100] "GET /index.html HTTP/1.1" 304 -
::1 - - [25/Jan/2025:21:11:21 +0100] "GET /index.html HTTP/1.1" 200 195
::1 - - [25/Jan/2025:21:11:22 +0100] "GET /evilGadget.js HTTP/1.1" 200 518
::1 - - [25/Jan/2025:21:12:39 +0100] "GET /evilGadget.js HTTP/1.1" 304 -
::1 - - [25/Jan/2025:21:13:51 +0100] "GET /index.html HTTP/1.1" 304 -
::1 - - [25/Jan/2025:21:13:51 +0100] "GET /evilGadget.js HTTP/1.1" 304 -
::1 - - [25/Jan/2025:21:13:59 +0100] "OPTIONS /collect.php HTTP/1.1" 200 -
::1 - - [25/Jan/2025:21:13:59 +0100] "POST /collect.php HTTP/1.1" 200 55
::1 - - [25/Jan/2025:21:14:03 +0100] "POST /collect.php HTTP/1.1" 200 55
::1 - - [27/Jan/2025:20:45:38 +0100] "GET /evilGadget.js HTTP/1.1" 200 518
::1 - - [27/Jan/2025:20:45:38 +0100] "OPTIONS /collect.php HTTP/1.1" 200 -
::1 - - [27/Jan/2025:20:45:38 +0100] "POST /collect.php HTTP/1.1" 200 55
::1 - - [27/Jan/2025:20:45:49 +0100] "OPTIONS /collect.php HTTP/1.1" 200 -
::1 - - [27/Jan/2025:20:45:49 +0100] "POST /collect.php HTTP/1.1" 200 55
::1 - - [27/Jan/2025:20:45:55 +0100] "GET /index.html HTTP/1.1" 200 195
::1 - - [27/Jan/2025:20:52:33 +0100] "OPTIONS /receiver.php HTTP/1.1" 204 -
::1 - - [27/Jan/2025:20:52:33 +0100] "POST /receiver.php HTTP/1.1" 200 49
::1 - - [27/Jan/2025:20:52:42 +0100] "OPTIONS /receiver.php HTTP/1.1" 204 -
::1 - - [27/Jan/2025:20:52:42 +0100] "POST /receiver.php HTTP/1.1" 200 49
::1 - - [27/Jan/2025:20:52:46 +0100] "GET /receiver.php HTTP/1.1" 200 53
::1 - - [27/Jan/2025:20:52:48 +0100] "GET /favicon.ico HTTP/1.1" 404 196
::1 - - [27/Jan/2025:20:53:20 +0100] "OPTIONS /receiver.php HTTP/1.1" 204 -
::1 - - [27/Jan/2025:20:53:20 +0100] "POST /receiver.php HTTP/1.1" 200 49
::1 - - [27/Jan/2025:20:54:05 +0100] "OPTIONS /receiver.php HTTP/1.1" 204 -
::1 - - [27/Jan/2025:20:54:05 +0100] "POST /receiver.php HTTP/1.1" 200 49
127.0.0.1 - - [28/Jan/2025:10:13:14 +0100] "OPTIONS /receiver.php HTTP/1.1" 204 -
127.0.0.1 - - [28/Jan/2025:10:13:14 +0100] "POST /receiver.php HTTP/1.1" 200 49
127.0.0.1 - - [28/Jan/2025:10:13:24 +0100] "OPTIONS /receiver.php HTTP/1.1" 204 -
127.0.0.1 - - [28/Jan/2025:10:13:24 +0100] "POST /receiver.php HTTP/1.1" 200 49
127.0.0.1 - - [28/Jan/2025:10:23:16 +0100] "GET /gadgetSendCookie.js HTTP/1.1" 200 274
127.0.0.1 - - [28/Jan/2025:10:23:17 +0100] "OPTIONS /receiver.php HTTP/1.1" 204 -
127.0.0.1 - - [28/Jan/2025:10:23:17 +0100] "POST /receiver.php HTTP/1.1" 200 49
127.0.0.1 - - [28/Jan/2025:10:24:16 +0100] "GET /gadget.js HTTP/1.1" 200 428
127.0.0.1 - - [28/Jan/2025:10:24:33 +0100] "GET /gadget.js HTTP/1.1" 304 -
127.0.0.1 - - [28/Jan/2025:10:25:40 +0100] "GET /gadget.js HTTP/1.1" 304 -
127.0.0.1 - - [28/Jan/2025:10:28:33 +0100] "GET /gadgetSendCookie.js HTTP/1.1" 304 -
127.0.0.1 - - [28/Jan/2025:10:28:33 +0100] "OPTIONS /receiver.php HTTP/1.1" 204 -
127.0.0.1 - - [28/Jan/2025:10:28:33 +0100] "POST /receiver.php HTTP/1.1" 200 49
127.0.0.1 - - [28/Jan/2025:10:28:43 +0100] "OPTIONS /receiver.php HTTP/1.1" 204 -
127.0.0.1 - - [28/Jan/2025:10:28:43 +0100] "POST /receiver.php HTTP/1.1" 200 49
127.0.0.1 - - [28/Jan/2025:10:28:50 +0100] "OPTIONS /receiver.php HTTP/1.1" 204 -
127.0.0.1 - - [28/Jan/2025:10:28:50 +0100] "POST /receiver.php HTTP/1.1" 200 49
127.0.0.1 - - [28/Jan/2025:10:29:53 +0100] "GET /gadgetSendCookie.html HTTP/1.1" 200 171
127.0.0.1 - - [28/Jan/2025:10:29:53 +0100] "GET /gadgetSendCookie.js HTTP/1.1" 200 274
127.0.0.1 - - [28/Jan/2025:10:29:54 +0100] "POST /receiver.php HTTP/1.1" 200 49
127.0.0.1 - - [28/Jan/2025:10:30:14 +0100] "POST /receiver.php HTTP/1.1" 200 49
127.0.0.1 - - [28/Jan/2025:10:30:33 +0100] "GET /gadgetSendCookie.html HTTP/1.1" 200 171
127.0.0.1 - - [28/Jan/2025:10:30:33 +0100] "GET /gadgetSendCookie.js HTTP/1.1" 200 274
127.0.0.1 - - [28/Jan/2025:10:30:34 +0100] "POST /receiver.php HTTP/1.1" 200 49
127.0.0.1 - - [28/Jan/2025:10:30:35 +0100] "GET /favicon.ico HTTP/1.1" 404 196
127.0.0.1 - - [28/Jan/2025:10:31:33 +0100] "-" 408 -
127.0.0.1 - - [28/Jan/2025:10:33:03 +0100] "GET /gadgetSendCookie.js HTTP/1.1" 304 -
127.0.0.1 - - [28/Jan/2025:10:33:03 +0100] "OPTIONS /receiver.php HTTP/1.1" 204 -
127.0.0.1 - - [28/Jan/2025:10:33:03 +0100] "POST /receiver.php HTTP/1.1" 200 49
127.0.0.1 - - [28/Jan/2025:10:33:27 +0100] "OPTIONS /receiver.php HTTP/1.1" 204 -
127.0.0.1 - - [28/Jan/2025:10:33:27 +0100] "POST /receiver.php HTTP/1.1" 200 49
127.0.0.1 - - [28/Jan/2025:10:33:46 +0100] "GET /gadget.js HTTP/1.1" 304 -
