::1 - - [10/Dec/2024:09:30:30 +0100] "GET / HTTP/1.1" 200 46
::1 - - [10/Dec/2024:09:30:31 +0100] "GET /favicon.ico HTTP/1.1" 404 196
::1 - - [10/Dec/2024:09:31:30 +0100] "-" 408 -
::1 - - [10/Dec/2024:09:32:31 +0100] "GET /guestbook.php HTTP/1.1" 200 1009
::1 - - [10/Dec/2024:09:32:53 +0100] "GET /guestbook.php HTTP/1.1" 200 788
::1 - - [10/Dec/2024:09:33:15 +0100] "GET /guestbookleavemessage.php?message=Test HTTP/1.1" 200 30
::1 - - [10/Dec/2024:09:34:52 +0100] "GET /guestbookleavemessage.php?message=%3Cscript%3Ealert(%27xss%27)%3C/script%3E HTTP/1.1" 200 63
::1 - - [10/Dec/2024:09:34:55 +0100] "GET /guestbook.php HTTP/1.1" 200 829
::1 - - [10/Dec/2024:09:34:57 +0100] "GET /guestbook.php HTTP/1.1" 200 829
::1 - - [10/Dec/2024:09:35:05 +0100] "GET /guestbook.php HTTP/1.1" 200 771
::1 - - [10/Dec/2024:09:36:05 +0100] "-" 408 -
::1 - - [10/Dec/2024:09:45:44 +0100] "GET /guestbookleavemessage.php?message=Mettre%20%3Cscript%3Ealert(%27xss%27)%3C/script%3E%20en%20message HTTP/1.1" 200 56
::1 - - [10/Dec/2024:09:46:05 +0100] "GET /guestbook.php HTTP/1.1" 200 822
::1 - - [10/Dec/2024:09:46:08 +0100] "GET /guestbook.php HTTP/1.1" 200 822
::1 - - [10/Dec/2024:09:46:20 +0100] "GET /guestbook.php HTTP/1.1" 200 771
::1 - - [10/Dec/2024:09:46:22 +0100] "GET /guestbook.php HTTP/1.1" 200 771
::1 - - [10/Dec/2024:09:47:20 +0100] "-" 408 -
::1 - - [10/Dec/2024:09:49:54 +0100] "GET /guestbook.php HTTP/1.1" 200 771
::1 - - [10/Dec/2024:09:50:02 +0100] "GET /guestbook.php HTTP/1.1" 200 771
::1 - - [10/Dec/2024:09:50:06 +0100] "GET /guestbook.php HTTP/1.1" 200 771
::1 - - [10/Dec/2024:09:51:02 +0100] "-" 408 -
::1 - - [10/Dec/2024:09:51:10 +0100] "GET /guestbook.php HTTP/1.1" 200 771
